error: uncaughtException: Router.use() requires a middleware function but got a Object
TypeError: Router.use() requires a middleware function but got a Object
    at Function.use (C:\Users\cparadise\ToDoApp\to-do\node_modules\express\lib\router\index.js:469:13)
    at routes (C:\Users\cparadise\ToDoApp\to-do\src\routes\/index.js:16:10)
    at Object.<anonymous> (C:\Users\cparadise\ToDoApp\to-do\src\/index.js:32:32)
    at Module._compile (node:internal/modules/cjs/loader:1105:14)
    at Module._compile (C:\Users\cparadise\ToDoApp\to-do\node_modules\pirates\lib\index.js:136:24)
    at Module._extensions..js (node:internal/modules/cjs/loader:1159:10)
    at Object.newLoader [as .js] (C:\Users\cparadise\ToDoApp\to-do\node_modules\pirates\lib\index.js:141:7)
    at Module.load (node:internal/modules/cjs/loader:981:32)
    at Function.Module._load (node:internal/modules/cjs/loader:822:12)
    at Function.executeUserEntryPoint [as runMain] (node:internal/modules/run_main:77:12)
    at Object.<anonymous> (C:\Users\cparadise\ToDoApp\to-do\node_modules\@babel\node\lib\_babel-node.js:176:21)
    at Module._compile (node:internal/modules/cjs/loader:1105:14)
    at Object.Module._extensions..js (node:internal/modules/cjs/loader:1159:10)
    at Module.load (node:internal/modules/cjs/loader:981:32)
    at Function.Module._load (node:internal/modules/cjs/loader:822:12)
    at Function.executeUserEntryPoint [as runMain] (node:internal/modules/run_main:77:12)
    at node:internal/main/run_main_module:17:47 {"date":"Fri Sep 09 2022 16:53:11 GMT+0530 (India Standard Time)","error":{},"exception":true,"os":{"loadavg":[0,0,0],"uptime":270220},"process":{"argv":["node","C:\\Users\\cparadise\\ToDoApp\\to-do\\src\\index.js"],"cwd":"C:\\Users\\cparadise\\ToDoApp\\to-do","execPath":"C:\\Program Files\\nodejs\\node.exe","gid":null,"memoryUsage":{"arrayBuffers":18819929,"external":23188727,"heapTotal":86331392,"heapUsed":58778576,"rss":119984128},"pid":11912,"uid":null,"version":"v16.15.1"},"stack":"TypeError: Router.use() requires a middleware function but got a Object\n    at Function.use (C:\\Users\\cparadise\\ToDoApp\\to-do\\node_modules\\express\\lib\\router\\index.js:469:13)\n    at routes (C:\\Users\\cparadise\\ToDoApp\\to-do\\src\\routes\\/index.js:16:10)\n    at Object.<anonymous> (C:\\Users\\cparadise\\ToDoApp\\to-do\\src\\/index.js:32:32)\n    at Module._compile (node:internal/modules/cjs/loader:1105:14)\n    at Module._compile (C:\\Users\\cparadise\\ToDoApp\\to-do\\node_modules\\pirates\\lib\\index.js:136:24)\n    at Module._extensions..js (node:internal/modules/cjs/loader:1159:10)\n    at Object.newLoader [as .js] (C:\\Users\\cparadise\\ToDoApp\\to-do\\node_modules\\pirates\\lib\\index.js:141:7)\n    at Module.load (node:internal/modules/cjs/loader:981:32)\n    at Function.Module._load (node:internal/modules/cjs/loader:822:12)\n    at Function.executeUserEntryPoint [as runMain] (node:internal/modules/run_main:77:12)\n    at Object.<anonymous> (C:\\Users\\cparadise\\ToDoApp\\to-do\\node_modules\\@babel\\node\\lib\\_babel-node.js:176:21)\n    at Module._compile (node:internal/modules/cjs/loader:1105:14)\n    at Object.Module._extensions..js (node:internal/modules/cjs/loader:1159:10)\n    at Module.load (node:internal/modules/cjs/loader:981:32)\n    at Function.Module._load (node:internal/modules/cjs/loader:822:12)\n    at Function.executeUserEntryPoint [as runMain] (node:internal/modules/run_main:77:12)\n    at node:internal/main/run_main_module:17:47","trace":[{"column":13,"file":"C:\\Users\\cparadise\\ToDoApp\\to-do\\node_modules\\express\\lib\\router\\index.js","function":"Function.use","line":469,"method":"use","native":false},{"column":10,"file":"C:\\Users\\cparadise\\ToDoApp\\to-do\\src\\routes\\/index.js","function":"routes","line":16,"method":null,"native":false},{"column":32,"file":"C:\\Users\\cparadise\\ToDoApp\\to-do\\src\\/index.js","function":null,"line":32,"method":null,"native":false},{"column":14,"file":"node:internal/modules/cjs/loader","function":"Module._compile","line":1105,"method":"_compile","native":false},{"column":24,"file":"C:\\Users\\cparadise\\ToDoApp\\to-do\\node_modules\\pirates\\lib\\index.js","function":"Module._compile","line":136,"method":"_compile","native":false},{"column":10,"file":"node:internal/modules/cjs/loader","function":"Module._extensions..js","line":1159,"method":".js","native":false},{"column":7,"file":"C:\\Users\\cparadise\\ToDoApp\\to-do\\node_modules\\pirates\\lib\\index.js","function":"Object.newLoader [as .js]","line":141,"method":"js]","native":false},{"column":32,"file":"node:internal/modules/cjs/loader","function":"Module.load","line":981,"method":"load","native":false},{"column":12,"file":"node:internal/modules/cjs/loader","function":"Module._load","line":822,"method":"_load","native":false},{"column":12,"file":"node:internal/modules/run_main","function":"Function.executeUserEntryPoint [as runMain]","line":77,"method":"executeUserEntryPoint [as runMain]","native":false},{"column":21,"file":"C:\\Users\\cparadise\\ToDoApp\\to-do\\node_modules\\@babel\\node\\lib\\_babel-node.js","function":null,"line":176,"method":null,"native":false},{"column":14,"file":"node:internal/modules/cjs/loader","function":"Module._compile","line":1105,"method":"_compile","native":false},{"column":10,"file":"node:internal/modules/cjs/loader","function":"Module._extensions..js","line":1159,"method":".js","native":false},{"column":32,"file":"node:internal/modules/cjs/loader","function":"Module.load","line":981,"method":"load","native":false},{"column":12,"file":"node:internal/modules/cjs/loader","function":"Module._load","line":822,"method":"_load","native":false},{"column":12,"file":"node:internal/modules/run_main","function":"Function.executeUserEntryPoint [as runMain]","line":77,"method":"executeUserEntryPoint [as runMain]","native":false},{"column":47,"file":"node:internal/main/run_main_module","function":null,"line":17,"method":null,"native":false}]}
info: ::1 - - [09/Sep/2022:12:53:25 +0000] "POST /api/v1/to-do/ HTTP/1.1" 500 322 "-" "PostmanRuntime/7.29.2"

info: ::1 - - [09/Sep/2022:12:55:43 +0000] "POST /api/v1/to-do/ HTTP/1.1" 201 287 "-" "PostmanRuntime/7.29.2"

info: ::1 - - [09/Sep/2022:12:58:21 +0000] "POST /api/v1/to-do/ HTTP/1.1" 201 287 "-" "PostmanRuntime/7.29.2"

info: ::1 - - [12/Sep/2022:05:06:46 +0000] "POST /api/v1/to-do/ HTTP/1.1" 201 268 "-" "PostmanRuntime/7.29.2"

info: ::1 - - [12/Sep/2022:05:08:51 +0000] "POST /api/v1/to-do/ HTTP/1.1" 201 289 "-" "PostmanRuntime/7.29.2"

info: ::1 - - [12/Sep/2022:05:56:15 +0000] "POST /api/v1/to-do/ HTTP/1.1" 201 268 "-" "PostmanRuntime/7.29.2"

info: ::1 - - [12/Sep/2022:08:29:22 +0000] "GET /api-docs/ HTTP/1.1" 200 3103 "-" "Mozilla/5.0 (Windows NT 10.0; Win64; x64) AppleWebKit/537.36 (KHTML, like Gecko) Chrome/104.0.0.0 Safari/537.36"

info: ::1 - - [12/Sep/2022:08:29:22 +0000] "GET /api-docs/swagger-ui-init.js HTTP/1.1" 200 2847 "-" "Mozilla/5.0 (Windows NT 10.0; Win64; x64) AppleWebKit/537.36 (KHTML, like Gecko) Chrome/104.0.0.0 Safari/537.36"

info: ::1 - - [12/Sep/2022:08:29:22 +0000] "GET /api-docs/swagger-ui-standalone-preset.js HTTP/1.1" 200 311812 "-" "Mozilla/5.0 (Windows NT 10.0; Win64; x64) AppleWebKit/537.36 (KHTML, like Gecko) Chrome/104.0.0.0 Safari/537.36"

info: ::1 - - [12/Sep/2022:08:29:22 +0000] "GET /api-docs/swagger-ui.css HTTP/1.1" 200 144726 "-" "Mozilla/5.0 (Windows NT 10.0; Win64; x64) AppleWebKit/537.36 (KHTML, like Gecko) Chrome/104.0.0.0 Safari/537.36"

info: ::1 - - [12/Sep/2022:08:29:22 +0000] "GET /api-docs/swagger-ui-bundle.js HTTP/1.1" 200 1058187 "-" "Mozilla/5.0 (Windows NT 10.0; Win64; x64) AppleWebKit/537.36 (KHTML, like Gecko) Chrome/104.0.0.0 Safari/537.36"

info: ::1 - - [12/Sep/2022:08:29:22 +0000] "GET /api-docs/favicon-32x32.png HTTP/1.1" 200 628 "-" "Mozilla/5.0 (Windows NT 10.0; Win64; x64) AppleWebKit/537.36 (KHTML, like Gecko) Chrome/104.0.0.0 Safari/537.36"

info: ::1 - - [12/Sep/2022:08:29:22 +0000] "GET /api-docs/favicon-32x32.png HTTP/1.1" 304 - "-" "Mozilla/5.0 (Windows NT 10.0; Win64; x64) AppleWebKit/537.36 (KHTML, like Gecko) Chrome/104.0.0.0 Safari/537.36"

info: ::1 - - [12/Sep/2022:08:34:37 +0000] "GET /api-docs/ HTTP/1.1" 200 3103 "-" "Mozilla/5.0 (Windows NT 10.0; Win64; x64) AppleWebKit/537.36 (KHTML, like Gecko) Chrome/104.0.0.0 Safari/537.36"

info: ::1 - - [12/Sep/2022:08:34:38 +0000] "GET /api-docs/swagger-ui.css HTTP/1.1" 304 - "-" "Mozilla/5.0 (Windows NT 10.0; Win64; x64) AppleWebKit/537.36 (KHTML, like Gecko) Chrome/104.0.0.0 Safari/537.36"

info: ::1 - - [12/Sep/2022:08:34:38 +0000] "GET /api-docs/swagger-ui-bundle.js HTTP/1.1" 304 - "-" "Mozilla/5.0 (Windows NT 10.0; Win64; x64) AppleWebKit/537.36 (KHTML, like Gecko) Chrome/104.0.0.0 Safari/537.36"

info: ::1 - - [12/Sep/2022:08:34:38 +0000] "GET /api-docs/swagger-ui-standalone-preset.js HTTP/1.1" 304 - "-" "Mozilla/5.0 (Windows NT 10.0; Win64; x64) AppleWebKit/537.36 (KHTML, like Gecko) Chrome/104.0.0.0 Safari/537.36"

info: ::1 - - [12/Sep/2022:08:34:38 +0000] "GET /api-docs/swagger-ui-init.js HTTP/1.1" 200 2847 "-" "Mozilla/5.0 (Windows NT 10.0; Win64; x64) AppleWebKit/537.36 (KHTML, like Gecko) Chrome/104.0.0.0 Safari/537.36"

info: ::1 - - [12/Sep/2022:08:34:38 +0000] "GET /api-docs/favicon-32x32.png HTTP/1.1" 304 - "-" "Mozilla/5.0 (Windows NT 10.0; Win64; x64) AppleWebKit/537.36 (KHTML, like Gecko) Chrome/104.0.0.0 Safari/537.36"

info: ::1 - - [12/Sep/2022:08:34:38 +0000] "GET /api-docs/favicon-32x32.png HTTP/1.1" 304 - "-" "Mozilla/5.0 (Windows NT 10.0; Win64; x64) AppleWebKit/537.36 (KHTML, like Gecko) Chrome/104.0.0.0 Safari/537.36"

info: ::1 - - [12/Sep/2022:08:37:54 +0000] "GET /api-docs HTTP/1.1" 301 183 "-" "Mozilla/5.0 (Windows NT 10.0; Win64; x64) AppleWebKit/537.36 (KHTML, like Gecko) Chrome/104.0.0.0 Safari/537.36"

info: ::1 - - [12/Sep/2022:08:37:54 +0000] "GET /api-docs/ HTTP/1.1" 304 - "-" "Mozilla/5.0 (Windows NT 10.0; Win64; x64) AppleWebKit/537.36 (KHTML, like Gecko) Chrome/104.0.0.0 Safari/537.36"

info: ::1 - - [12/Sep/2022:08:37:55 +0000] "GET /api-docs/swagger-ui.css HTTP/1.1" 304 - "-" "Mozilla/5.0 (Windows NT 10.0; Win64; x64) AppleWebKit/537.36 (KHTML, like Gecko) Chrome/104.0.0.0 Safari/537.36"

info: ::1 - - [12/Sep/2022:08:37:55 +0000] "GET /api-docs/swagger-ui-init.js HTTP/1.1" 304 - "-" "Mozilla/5.0 (Windows NT 10.0; Win64; x64) AppleWebKit/537.36 (KHTML, like Gecko) Chrome/104.0.0.0 Safari/537.36"

info: ::1 - - [12/Sep/2022:08:37:55 +0000] "GET /api-docs/swagger-ui-bundle.js HTTP/1.1" 304 - "-" "Mozilla/5.0 (Windows NT 10.0; Win64; x64) AppleWebKit/537.36 (KHTML, like Gecko) Chrome/104.0.0.0 Safari/537.36"

info: ::1 - - [12/Sep/2022:08:37:55 +0000] "GET /api-docs/swagger-ui-standalone-preset.js HTTP/1.1" 304 - "-" "Mozilla/5.0 (Windows NT 10.0; Win64; x64) AppleWebKit/537.36 (KHTML, like Gecko) Chrome/104.0.0.0 Safari/537.36"

info: ::1 - - [12/Sep/2022:08:37:55 +0000] "GET /api-docs/favicon-32x32.png HTTP/1.1" 304 - "-" "Mozilla/5.0 (Windows NT 10.0; Win64; x64) AppleWebKit/537.36 (KHTML, like Gecko) Chrome/104.0.0.0 Safari/537.36"

info: ::ffff:127.0.0.1 - - [12/Sep/2022:08:43:48 +0000] "POST /api/v1/to-do HTTP/1.1" 400 69 "-" "node-superagent/3.8.3"

error: uncaughtException: HttpStatus is not defined
ReferenceError: HttpStatus is not defined
    at Test.<anonymous> (C:\Users\cparadise\ToDoApp\to-do\tests\integration\/user.test.js:40:46)
    at Test.assert (C:\Users\cparadise\ToDoApp\to-do\node_modules\supertest\lib\test.js:181:6)
    at Server.localAssert (C:\Users\cparadise\ToDoApp\to-do\node_modules\supertest\lib\test.js:131:12)
    at Object.onceWrapper (node:events:641:28)
    at Server.emit (node:events:527:28)
    at emitCloseNT (node:net:1728:8)
    at processTicksAndRejections (node:internal/process/task_queues:82:21) {"date":"Mon Sep 12 2022 14:13:49 GMT+0530 (India Standard Time)","error":{},"exception":true,"os":{"loadavg":[0,0,0],"uptime":519859},"process":{"argv":["C:\\Program Files\\nodejs\\node.exe","C:\\Users\\cparadise\\ToDoApp\\to-do\\node_modules\\mocha\\bin\\mocha","--exit","--recursive","--require","@babel/register","--timeout=5000","tests/**/*.js"],"cwd":"C:\\Users\\cparadise\\ToDoApp\\to-do","execPath":"C:\\Program Files\\nodejs\\node.exe","gid":null,"memoryUsage":{"arrayBuffers":18792940,"external":21644103,"heapTotal":148774912,"heapUsed":121547680,"rss":181829632},"pid":8912,"uid":null,"version":"v16.15.1"},"stack":"ReferenceError: HttpStatus is not defined\n    at Test.<anonymous> (C:\\Users\\cparadise\\ToDoApp\\to-do\\tests\\integration\\/user.test.js:40:46)\n    at Test.assert (C:\\Users\\cparadise\\ToDoApp\\to-do\\node_modules\\supertest\\lib\\test.js:181:6)\n    at Server.localAssert (C:\\Users\\cparadise\\ToDoApp\\to-do\\node_modules\\supertest\\lib\\test.js:131:12)\n    at Object.onceWrapper (node:events:641:28)\n    at Server.emit (node:events:527:28)\n    at emitCloseNT (node:net:1728:8)\n    at processTicksAndRejections (node:internal/process/task_queues:82:21)","trace":[{"column":46,"file":"C:\\Users\\cparadise\\ToDoApp\\to-do\\tests\\integration\\/user.test.js","function":null,"line":40,"method":null,"native":false},{"column":6,"file":"C:\\Users\\cparadise\\ToDoApp\\to-do\\node_modules\\supertest\\lib\\test.js","function":"Test.assert","line":181,"method":"assert","native":false},{"column":12,"file":"C:\\Users\\cparadise\\ToDoApp\\to-do\\node_modules\\supertest\\lib\\test.js","function":"Server.localAssert","line":131,"method":"localAssert","native":false},{"column":28,"file":"node:events","function":"Object.onceWrapper","line":641,"method":"onceWrapper","native":false},{"column":28,"file":"node:events","function":"Server.emit","line":527,"method":"emit","native":false},{"column":8,"file":"node:net","function":"emitCloseNT","line":1728,"method":null,"native":false},{"column":21,"file":"node:internal/process/task_queues","function":"processTicksAndRejections","line":82,"method":null,"native":false}]}
info: ::ffff:127.0.0.1 - - [12/Sep/2022:08:44:24 +0000] "POST /api/v1/to-do HTTP/1.1" 400 69 "-" "node-superagent/3.8.3"

error: uncaughtException: HttpStatus is not defined
ReferenceError: HttpStatus is not defined
    at Test.<anonymous> (C:\Users\cparadise\ToDoApp\to-do\tests\integration\/user.test.js:40:46)
    at Test.assert (C:\Users\cparadise\ToDoApp\to-do\node_modules\supertest\lib\test.js:181:6)
    at Server.localAssert (C:\Users\cparadise\ToDoApp\to-do\node_modules\supertest\lib\test.js:131:12)
    at Object.onceWrapper (node:events:641:28)
    at Server.emit (node:events:527:28)
    at emitCloseNT (node:net:1728:8)
    at processTicksAndRejections (node:internal/process/task_queues:82:21) {"date":"Mon Sep 12 2022 14:14:24 GMT+0530 (India Standard Time)","error":{},"exception":true,"os":{"loadavg":[0,0,0],"uptime":519895},"process":{"argv":["C:\\Program Files\\nodejs\\node.exe","C:\\Users\\cparadise\\ToDoApp\\to-do\\node_modules\\mocha\\bin\\mocha","--exit","--recursive","--require","@babel/register","--timeout=5000","tests/**/*.js"],"cwd":"C:\\Users\\cparadise\\ToDoApp\\to-do","execPath":"C:\\Program Files\\nodejs\\node.exe","gid":null,"memoryUsage":{"arrayBuffers":18390282,"external":21343380,"heapTotal":133963776,"heapUsed":100849960,"rss":166023168},"pid":6620,"uid":null,"version":"v16.15.1"},"stack":"ReferenceError: HttpStatus is not defined\n    at Test.<anonymous> (C:\\Users\\cparadise\\ToDoApp\\to-do\\tests\\integration\\/user.test.js:40:46)\n    at Test.assert (C:\\Users\\cparadise\\ToDoApp\\to-do\\node_modules\\supertest\\lib\\test.js:181:6)\n    at Server.localAssert (C:\\Users\\cparadise\\ToDoApp\\to-do\\node_modules\\supertest\\lib\\test.js:131:12)\n    at Object.onceWrapper (node:events:641:28)\n    at Server.emit (node:events:527:28)\n    at emitCloseNT (node:net:1728:8)\n    at processTicksAndRejections (node:internal/process/task_queues:82:21)","trace":[{"column":46,"file":"C:\\Users\\cparadise\\ToDoApp\\to-do\\tests\\integration\\/user.test.js","function":null,"line":40,"method":null,"native":false},{"column":6,"file":"C:\\Users\\cparadise\\ToDoApp\\to-do\\node_modules\\supertest\\lib\\test.js","function":"Test.assert","line":181,"method":"assert","native":false},{"column":12,"file":"C:\\Users\\cparadise\\ToDoApp\\to-do\\node_modules\\supertest\\lib\\test.js","function":"Server.localAssert","line":131,"method":"localAssert","native":false},{"column":28,"file":"node:events","function":"Object.onceWrapper","line":641,"method":"onceWrapper","native":false},{"column":28,"file":"node:events","function":"Server.emit","line":527,"method":"emit","native":false},{"column":8,"file":"node:net","function":"emitCloseNT","line":1728,"method":null,"native":false},{"column":21,"file":"node:internal/process/task_queues","function":"processTicksAndRejections","line":82,"method":null,"native":false}]}
info: ::ffff:127.0.0.1 - - [12/Sep/2022:08:45:49 +0000] "POST /api/v1/to-do HTTP/1.1" 400 69 "-" "node-superagent/3.8.3"

error: uncaughtException: expected 400 to equal 201
AssertionError: expected 400 to equal 201
    at Test.<anonymous> (C:\Users\cparadise\ToDoApp\to-do\tests\integration\/user.test.js:41:40)
    at Test.assert (C:\Users\cparadise\ToDoApp\to-do\node_modules\supertest\lib\test.js:181:6)
    at Server.localAssert (C:\Users\cparadise\ToDoApp\to-do\node_modules\supertest\lib\test.js:131:12)
    at Object.onceWrapper (node:events:641:28)
    at Server.emit (node:events:527:28)
    at emitCloseNT (node:net:1728:8)
    at processTicksAndRejections (node:internal/process/task_queues:82:21) {"date":"Mon Sep 12 2022 14:15:49 GMT+0530 (India Standard Time)","error":{"actual":400,"expected":201,"message":"expected 400 to equal 201","name":"AssertionError","operator":"strictEqual","showDiff":true,"stack":"AssertionError: expected 400 to equal 201\n    at Test.<anonymous> (C:\\Users\\cparadise\\ToDoApp\\to-do\\tests\\integration\\/user.test.js:41:40)\n    at Test.assert (C:\\Users\\cparadise\\ToDoApp\\to-do\\node_modules\\supertest\\lib\\test.js:181:6)\n    at Server.localAssert (C:\\Users\\cparadise\\ToDoApp\\to-do\\node_modules\\supertest\\lib\\test.js:131:12)\n    at Object.onceWrapper (node:events:641:28)\n    at Server.emit (node:events:527:28)\n    at emitCloseNT (node:net:1728:8)\n    at processTicksAndRejections (node:internal/process/task_queues:82:21)"},"exception":true,"os":{"loadavg":[0,0,0],"uptime":519980},"process":{"argv":["C:\\Program Files\\nodejs\\node.exe","C:\\Users\\cparadise\\ToDoApp\\to-do\\node_modules\\mocha\\bin\\mocha","--exit","--recursive","--require","@babel/register","--timeout=5000","tests/**/*.js"],"cwd":"C:\\Users\\cparadise\\ToDoApp\\to-do","execPath":"C:\\Program Files\\nodejs\\node.exe","gid":null,"memoryUsage":{"arrayBuffers":18382736,"external":21264053,"heapTotal":122675200,"heapUsed":77368320,"rss":155779072},"pid":12440,"uid":null,"version":"v16.15.1"},"stack":"AssertionError: expected 400 to equal 201\n    at Test.<anonymous> (C:\\Users\\cparadise\\ToDoApp\\to-do\\tests\\integration\\/user.test.js:41:40)\n    at Test.assert (C:\\Users\\cparadise\\ToDoApp\\to-do\\node_modules\\supertest\\lib\\test.js:181:6)\n    at Server.localAssert (C:\\Users\\cparadise\\ToDoApp\\to-do\\node_modules\\supertest\\lib\\test.js:131:12)\n    at Object.onceWrapper (node:events:641:28)\n    at Server.emit (node:events:527:28)\n    at emitCloseNT (node:net:1728:8)\n    at processTicksAndRejections (node:internal/process/task_queues:82:21)","trace":[{"column":40,"file":"C:\\Users\\cparadise\\ToDoApp\\to-do\\tests\\integration\\/user.test.js","function":null,"line":41,"method":null,"native":false},{"column":6,"file":"C:\\Users\\cparadise\\ToDoApp\\to-do\\node_modules\\supertest\\lib\\test.js","function":"Test.assert","line":181,"method":"assert","native":false},{"column":12,"file":"C:\\Users\\cparadise\\ToDoApp\\to-do\\node_modules\\supertest\\lib\\test.js","function":"Server.localAssert","line":131,"method":"localAssert","native":false},{"column":28,"file":"node:events","function":"Object.onceWrapper","line":641,"method":"onceWrapper","native":false},{"column":28,"file":"node:events","function":"Server.emit","line":527,"method":"emit","native":false},{"column":8,"file":"node:net","function":"emitCloseNT","line":1728,"method":null,"native":false},{"column":21,"file":"node:internal/process/task_queues","function":"processTicksAndRejections","line":82,"method":null,"native":false}]}
info: ::ffff:127.0.0.1 - - [12/Sep/2022:08:51:27 +0000] "POST /api/v1/to-do HTTP/1.1" 400 69 "-" "node-superagent/3.8.3"

error: uncaughtException: expected 400 to equal 201
AssertionError: expected 400 to equal 201
    at Test.<anonymous> (C:\Users\cparadise\ToDoApp\to-do\tests\integration\/user.test.js:41:40)
    at Test.assert (C:\Users\cparadise\ToDoApp\to-do\node_modules\supertest\lib\test.js:181:6)
    at Server.localAssert (C:\Users\cparadise\ToDoApp\to-do\node_modules\supertest\lib\test.js:131:12)
    at Object.onceWrapper (node:events:641:28)
    at Server.emit (node:events:527:28)
    at emitCloseNT (node:net:1728:8)
    at processTicksAndRejections (node:internal/process/task_queues:82:21) {"date":"Mon Sep 12 2022 14:21:27 GMT+0530 (India Standard Time)","error":{"actual":400,"expected":201,"message":"expected 400 to equal 201","name":"AssertionError","operator":"strictEqual","showDiff":true,"stack":"AssertionError: expected 400 to equal 201\n    at Test.<anonymous> (C:\\Users\\cparadise\\ToDoApp\\to-do\\tests\\integration\\/user.test.js:41:40)\n    at Test.assert (C:\\Users\\cparadise\\ToDoApp\\to-do\\node_modules\\supertest\\lib\\test.js:181:6)\n    at Server.localAssert (C:\\Users\\cparadise\\ToDoApp\\to-do\\node_modules\\supertest\\lib\\test.js:131:12)\n    at Object.onceWrapper (node:events:641:28)\n    at Server.emit (node:events:527:28)\n    at emitCloseNT (node:net:1728:8)\n    at processTicksAndRejections (node:internal/process/task_queues:82:21)"},"exception":true,"os":{"loadavg":[0,0,0],"uptime":520318},"process":{"argv":["C:\\Program Files\\nodejs\\node.exe","C:\\Users\\cparadise\\ToDoApp\\to-do\\node_modules\\mocha\\bin\\mocha","--exit","--recursive","--require","@babel/register","--timeout=5000","tests/**/*.js"],"cwd":"C:\\Users\\cparadise\\ToDoApp\\to-do","execPath":"C:\\Program Files\\nodejs\\node.exe","gid":null,"memoryUsage":{"arrayBuffers":18382093,"external":21262742,"heapTotal":128704512,"heapUsed":76913512,"rss":161726464},"pid":7824,"uid":null,"version":"v16.15.1"},"stack":"AssertionError: expected 400 to equal 201\n    at Test.<anonymous> (C:\\Users\\cparadise\\ToDoApp\\to-do\\tests\\integration\\/user.test.js:41:40)\n    at Test.assert (C:\\Users\\cparadise\\ToDoApp\\to-do\\node_modules\\supertest\\lib\\test.js:181:6)\n    at Server.localAssert (C:\\Users\\cparadise\\ToDoApp\\to-do\\node_modules\\supertest\\lib\\test.js:131:12)\n    at Object.onceWrapper (node:events:641:28)\n    at Server.emit (node:events:527:28)\n    at emitCloseNT (node:net:1728:8)\n    at processTicksAndRejections (node:internal/process/task_queues:82:21)","trace":[{"column":40,"file":"C:\\Users\\cparadise\\ToDoApp\\to-do\\tests\\integration\\/user.test.js","function":null,"line":41,"method":null,"native":false},{"column":6,"file":"C:\\Users\\cparadise\\ToDoApp\\to-do\\node_modules\\supertest\\lib\\test.js","function":"Test.assert","line":181,"method":"assert","native":false},{"column":12,"file":"C:\\Users\\cparadise\\ToDoApp\\to-do\\node_modules\\supertest\\lib\\test.js","function":"Server.localAssert","line":131,"method":"localAssert","native":false},{"column":28,"file":"node:events","function":"Object.onceWrapper","line":641,"method":"onceWrapper","native":false},{"column":28,"file":"node:events","function":"Server.emit","line":527,"method":"emit","native":false},{"column":8,"file":"node:net","function":"emitCloseNT","line":1728,"method":null,"native":false},{"column":21,"file":"node:internal/process/task_queues","function":"processTicksAndRejections","line":82,"method":null,"native":false}]}
info: ::ffff:127.0.0.1 - - [12/Sep/2022:08:55:03 +0000] "POST /api/v1/to-do HTTP/1.1" 201 240 "-" "node-superagent/3.8.3"

info: ::1 - - [12/Sep/2022:10:56:57 +0000] "GET /api/v1/to-do/ HTTP/1.1" 200 695 "-" "PostmanRuntime/7.29.2"

info: ::1 - - [12/Sep/2022:11:07:02 +0000] "GET /api-docs/ HTTP/1.1" 304 - "-" "Mozilla/5.0 (Windows NT 10.0; Win64; x64) AppleWebKit/537.36 (KHTML, like Gecko) Chrome/104.0.0.0 Safari/537.36"

info: ::1 - - [12/Sep/2022:11:07:05 +0000] "GET /api-docs/swagger-ui.css HTTP/1.1" 304 - "-" "Mozilla/5.0 (Windows NT 10.0; Win64; x64) AppleWebKit/537.36 (KHTML, like Gecko) Chrome/104.0.0.0 Safari/537.36"

info: ::1 - - [12/Sep/2022:11:07:05 +0000] "GET /api-docs/swagger-ui-init.js HTTP/1.1" 200 2787 "-" "Mozilla/5.0 (Windows NT 10.0; Win64; x64) AppleWebKit/537.36 (KHTML, like Gecko) Chrome/104.0.0.0 Safari/537.36"

info: ::1 - - [12/Sep/2022:11:07:05 +0000] "GET /api-docs/swagger-ui-bundle.js HTTP/1.1" 304 - "-" "Mozilla/5.0 (Windows NT 10.0; Win64; x64) AppleWebKit/537.36 (KHTML, like Gecko) Chrome/104.0.0.0 Safari/537.36"

info: ::1 - - [12/Sep/2022:11:07:05 +0000] "GET /api-docs/swagger-ui-standalone-preset.js HTTP/1.1" 304 - "-" "Mozilla/5.0 (Windows NT 10.0; Win64; x64) AppleWebKit/537.36 (KHTML, like Gecko) Chrome/104.0.0.0 Safari/537.36"

info: ::1 - - [12/Sep/2022:11:07:08 +0000] "GET /api-docs/favicon-32x32.png HTTP/1.1" 304 - "-" "Mozilla/5.0 (Windows NT 10.0; Win64; x64) AppleWebKit/537.36 (KHTML, like Gecko) Chrome/104.0.0.0 Safari/537.36"

info: ::1 - - [12/Sep/2022:11:07:10 +0000] "GET /api-docs/favicon-32x32.png HTTP/1.1" 304 - "-" "Mozilla/5.0 (Windows NT 10.0; Win64; x64) AppleWebKit/537.36 (KHTML, like Gecko) Chrome/104.0.0.0 Safari/537.36"

info: ::1 - - [12/Sep/2022:11:07:46 +0000] "GET /api/v1/to-do HTTP/1.1" 200 695 "-" "Mozilla/5.0 (Windows NT 10.0; Win64; x64) AppleWebKit/537.36 (KHTML, like Gecko) Chrome/104.0.0.0 Safari/537.36"

info: ::1 - - [12/Sep/2022:11:09:45 +0000] "GET /api-docs/ HTTP/1.1" 304 - "-" "Mozilla/5.0 (Windows NT 10.0; Win64; x64) AppleWebKit/537.36 (KHTML, like Gecko) Chrome/104.0.0.0 Safari/537.36"

info: ::1 - - [12/Sep/2022:11:09:45 +0000] "GET /api-docs/swagger-ui.css HTTP/1.1" 304 - "-" "Mozilla/5.0 (Windows NT 10.0; Win64; x64) AppleWebKit/537.36 (KHTML, like Gecko) Chrome/104.0.0.0 Safari/537.36"

info: ::1 - - [12/Sep/2022:11:09:45 +0000] "GET /api-docs/swagger-ui-bundle.js HTTP/1.1" 304 - "-" "Mozilla/5.0 (Windows NT 10.0; Win64; x64) AppleWebKit/537.36 (KHTML, like Gecko) Chrome/104.0.0.0 Safari/537.36"

info: ::1 - - [12/Sep/2022:11:09:45 +0000] "GET /api-docs/swagger-ui-init.js HTTP/1.1" 200 2780 "-" "Mozilla/5.0 (Windows NT 10.0; Win64; x64) AppleWebKit/537.36 (KHTML, like Gecko) Chrome/104.0.0.0 Safari/537.36"

info: ::1 - - [12/Sep/2022:11:09:45 +0000] "GET /api-docs/swagger-ui-standalone-preset.js HTTP/1.1" 304 - "-" "Mozilla/5.0 (Windows NT 10.0; Win64; x64) AppleWebKit/537.36 (KHTML, like Gecko) Chrome/104.0.0.0 Safari/537.36"

info: ::1 - - [12/Sep/2022:11:09:45 +0000] "GET /api-docs/favicon-32x32.png HTTP/1.1" 304 - "-" "Mozilla/5.0 (Windows NT 10.0; Win64; x64) AppleWebKit/537.36 (KHTML, like Gecko) Chrome/104.0.0.0 Safari/537.36"

info: ::1 - - [12/Sep/2022:11:09:45 +0000] "GET /api-docs/favicon-32x32.png HTTP/1.1" 304 - "-" "Mozilla/5.0 (Windows NT 10.0; Win64; x64) AppleWebKit/537.36 (KHTML, like Gecko) Chrome/104.0.0.0 Safari/537.36"

info: ::1 - - [12/Sep/2022:11:11:58 +0000] "GET /api-docs/ HTTP/1.1" 304 - "-" "Mozilla/5.0 (Windows NT 10.0; Win64; x64) AppleWebKit/537.36 (KHTML, like Gecko) Chrome/104.0.0.0 Safari/537.36"

info: ::1 - - [12/Sep/2022:11:11:58 +0000] "GET /api-docs/swagger-ui.css HTTP/1.1" 304 - "-" "Mozilla/5.0 (Windows NT 10.0; Win64; x64) AppleWebKit/537.36 (KHTML, like Gecko) Chrome/104.0.0.0 Safari/537.36"

info: ::1 - - [12/Sep/2022:11:11:58 +0000] "GET /api-docs/swagger-ui-bundle.js HTTP/1.1" 304 - "-" "Mozilla/5.0 (Windows NT 10.0; Win64; x64) AppleWebKit/537.36 (KHTML, like Gecko) Chrome/104.0.0.0 Safari/537.36"

info: ::1 - - [12/Sep/2022:11:11:58 +0000] "GET /api-docs/swagger-ui-init.js HTTP/1.1" 200 3502 "-" "Mozilla/5.0 (Windows NT 10.0; Win64; x64) AppleWebKit/537.36 (KHTML, like Gecko) Chrome/104.0.0.0 Safari/537.36"

info: ::1 - - [12/Sep/2022:11:11:58 +0000] "GET /api-docs/swagger-ui-standalone-preset.js HTTP/1.1" 304 - "-" "Mozilla/5.0 (Windows NT 10.0; Win64; x64) AppleWebKit/537.36 (KHTML, like Gecko) Chrome/104.0.0.0 Safari/537.36"

info: ::1 - - [12/Sep/2022:11:11:58 +0000] "GET /api-docs/favicon-32x32.png HTTP/1.1" 304 - "-" "Mozilla/5.0 (Windows NT 10.0; Win64; x64) AppleWebKit/537.36 (KHTML, like Gecko) Chrome/104.0.0.0 Safari/537.36"

info: ::1 - - [12/Sep/2022:11:11:59 +0000] "GET /api-docs/favicon-32x32.png HTTP/1.1" 304 - "-" "Mozilla/5.0 (Windows NT 10.0; Win64; x64) AppleWebKit/537.36 (KHTML, like Gecko) Chrome/104.0.0.0 Safari/537.36"

info: ::ffff:127.0.0.1 - - [12/Sep/2022:11:16:16 +0000] "POST /api/v1/to-do HTTP/1.1" 201 240 "-" "node-superagent/3.8.3"

info: ::ffff:127.0.0.1 - - [12/Sep/2022:11:16:17 +0000] "GET /api/v1/to-do HTTP/1.1" 200 236 "-" "node-superagent/3.8.3"

info: ::1 - - [12/Sep/2022:12:02:43 +0000] "GET /api/v1/to-do/631ebe656cc62826e433fd09 HTTP/1.1" 200 262 "-" "PostmanRuntime/7.29.2"

info: ::1 - - [12/Sep/2022:12:03:31 +0000] "GET /api/v1/to-do/631ebee36cc62826e433fd0b HTTP/1.1" 200 283 "-" "PostmanRuntime/7.29.2"

info: ::1 - - [12/Sep/2022:13:25:06 +0000] "GET /api-docs/ HTTP/1.1" 304 - "-" "Mozilla/5.0 (Windows NT 10.0; Win64; x64) AppleWebKit/537.36 (KHTML, like Gecko) Chrome/104.0.0.0 Safari/537.36"

info: ::1 - - [12/Sep/2022:13:25:07 +0000] "GET /api-docs/swagger-ui.css HTTP/1.1" 304 - "-" "Mozilla/5.0 (Windows NT 10.0; Win64; x64) AppleWebKit/537.36 (KHTML, like Gecko) Chrome/104.0.0.0 Safari/537.36"

info: ::1 - - [12/Sep/2022:13:25:07 +0000] "GET /api-docs/swagger-ui-init.js HTTP/1.1" 200 4248 "-" "Mozilla/5.0 (Windows NT 10.0; Win64; x64) AppleWebKit/537.36 (KHTML, like Gecko) Chrome/104.0.0.0 Safari/537.36"

info: ::1 - - [12/Sep/2022:13:25:07 +0000] "GET /api-docs/swagger-ui-bundle.js HTTP/1.1" 304 - "-" "Mozilla/5.0 (Windows NT 10.0; Win64; x64) AppleWebKit/537.36 (KHTML, like Gecko) Chrome/104.0.0.0 Safari/537.36"

info: ::1 - - [12/Sep/2022:13:25:07 +0000] "GET /api-docs/swagger-ui-standalone-preset.js HTTP/1.1" 304 - "-" "Mozilla/5.0 (Windows NT 10.0; Win64; x64) AppleWebKit/537.36 (KHTML, like Gecko) Chrome/104.0.0.0 Safari/537.36"

info: ::1 - - [12/Sep/2022:13:25:08 +0000] "GET /api-docs/favicon-32x32.png HTTP/1.1" 304 - "-" "Mozilla/5.0 (Windows NT 10.0; Win64; x64) AppleWebKit/537.36 (KHTML, like Gecko) Chrome/104.0.0.0 Safari/537.36"

info: ::1 - - [12/Sep/2022:13:25:09 +0000] "GET /api-docs/favicon-32x32.png HTTP/1.1" 304 - "-" "Mozilla/5.0 (Windows NT 10.0; Win64; x64) AppleWebKit/537.36 (KHTML, like Gecko) Chrome/104.0.0.0 Safari/537.36"

info: ::1 - - [12/Sep/2022:13:26:12 +0000] "GET /api-docs/ HTTP/1.1" 304 - "-" "Mozilla/5.0 (Windows NT 10.0; Win64; x64) AppleWebKit/537.36 (KHTML, like Gecko) Chrome/104.0.0.0 Safari/537.36"

info: ::1 - - [12/Sep/2022:13:26:12 +0000] "GET /api-docs/swagger-ui.css HTTP/1.1" 304 - "-" "Mozilla/5.0 (Windows NT 10.0; Win64; x64) AppleWebKit/537.36 (KHTML, like Gecko) Chrome/104.0.0.0 Safari/537.36"

info: ::1 - - [12/Sep/2022:13:26:12 +0000] "GET /api-docs/swagger-ui-bundle.js HTTP/1.1" 304 - "-" "Mozilla/5.0 (Windows NT 10.0; Win64; x64) AppleWebKit/537.36 (KHTML, like Gecko) Chrome/104.0.0.0 Safari/537.36"

info: ::1 - - [12/Sep/2022:13:26:12 +0000] "GET /api-docs/swagger-ui-init.js HTTP/1.1" 304 - "-" "Mozilla/5.0 (Windows NT 10.0; Win64; x64) AppleWebKit/537.36 (KHTML, like Gecko) Chrome/104.0.0.0 Safari/537.36"

info: ::1 - - [12/Sep/2022:13:26:12 +0000] "GET /api-docs/swagger-ui-standalone-preset.js HTTP/1.1" 304 - "-" "Mozilla/5.0 (Windows NT 10.0; Win64; x64) AppleWebKit/537.36 (KHTML, like Gecko) Chrome/104.0.0.0 Safari/537.36"

info: ::1 - - [12/Sep/2022:13:26:12 +0000] "GET /api-docs/favicon-32x32.png HTTP/1.1" 304 - "-" "Mozilla/5.0 (Windows NT 10.0; Win64; x64) AppleWebKit/537.36 (KHTML, like Gecko) Chrome/104.0.0.0 Safari/537.36"

info: ::1 - - [12/Sep/2022:13:26:13 +0000] "GET /api-docs/favicon-32x32.png HTTP/1.1" 304 - "-" "Mozilla/5.0 (Windows NT 10.0; Win64; x64) AppleWebKit/537.36 (KHTML, like Gecko) Chrome/104.0.0.0 Safari/537.36"

info: ::1 - - [12/Sep/2022:13:26:54 +0000] "GET /api-docs/ HTTP/1.1" 304 - "-" "Mozilla/5.0 (Windows NT 10.0; Win64; x64) AppleWebKit/537.36 (KHTML, like Gecko) Chrome/104.0.0.0 Safari/537.36"

info: ::1 - - [12/Sep/2022:13:26:54 +0000] "GET /api-docs/swagger-ui.css HTTP/1.1" 304 - "-" "Mozilla/5.0 (Windows NT 10.0; Win64; x64) AppleWebKit/537.36 (KHTML, like Gecko) Chrome/104.0.0.0 Safari/537.36"

info: ::1 - - [12/Sep/2022:13:26:54 +0000] "GET /api-docs/swagger-ui-bundle.js HTTP/1.1" 304 - "-" "Mozilla/5.0 (Windows NT 10.0; Win64; x64) AppleWebKit/537.36 (KHTML, like Gecko) Chrome/104.0.0.0 Safari/537.36"

info: ::1 - - [12/Sep/2022:13:26:54 +0000] "GET /api-docs/swagger-ui-init.js HTTP/1.1" 304 - "-" "Mozilla/5.0 (Windows NT 10.0; Win64; x64) AppleWebKit/537.36 (KHTML, like Gecko) Chrome/104.0.0.0 Safari/537.36"

info: ::1 - - [12/Sep/2022:13:26:54 +0000] "GET /api-docs/swagger-ui-standalone-preset.js HTTP/1.1" 304 - "-" "Mozilla/5.0 (Windows NT 10.0; Win64; x64) AppleWebKit/537.36 (KHTML, like Gecko) Chrome/104.0.0.0 Safari/537.36"

info: ::1 - - [12/Sep/2022:13:26:55 +0000] "GET /api-docs/favicon-32x32.png HTTP/1.1" 304 - "-" "Mozilla/5.0 (Windows NT 10.0; Win64; x64) AppleWebKit/537.36 (KHTML, like Gecko) Chrome/104.0.0.0 Safari/537.36"

info: ::1 - - [12/Sep/2022:13:29:13 +0000] "GET /api-docs/ HTTP/1.1" 304 - "-" "Mozilla/5.0 (Windows NT 10.0; Win64; x64) AppleWebKit/537.36 (KHTML, like Gecko) Chrome/104.0.0.0 Safari/537.36"

info: ::1 - - [12/Sep/2022:13:29:13 +0000] "GET /api-docs/swagger-ui.css HTTP/1.1" 304 - "-" "Mozilla/5.0 (Windows NT 10.0; Win64; x64) AppleWebKit/537.36 (KHTML, like Gecko) Chrome/104.0.0.0 Safari/537.36"

info: ::1 - - [12/Sep/2022:13:29:13 +0000] "GET /api-docs/swagger-ui-bundle.js HTTP/1.1" 304 - "-" "Mozilla/5.0 (Windows NT 10.0; Win64; x64) AppleWebKit/537.36 (KHTML, like Gecko) Chrome/104.0.0.0 Safari/537.36"

info: ::1 - - [12/Sep/2022:13:29:13 +0000] "GET /api-docs/swagger-ui-init.js HTTP/1.1" 200 4192 "-" "Mozilla/5.0 (Windows NT 10.0; Win64; x64) AppleWebKit/537.36 (KHTML, like Gecko) Chrome/104.0.0.0 Safari/537.36"

info: ::1 - - [12/Sep/2022:13:29:13 +0000] "GET /api-docs/swagger-ui-standalone-preset.js HTTP/1.1" 304 - "-" "Mozilla/5.0 (Windows NT 10.0; Win64; x64) AppleWebKit/537.36 (KHTML, like Gecko) Chrome/104.0.0.0 Safari/537.36"

info: ::1 - - [12/Sep/2022:13:29:13 +0000] "GET /api-docs/favicon-32x32.png HTTP/1.1" 304 - "-" "Mozilla/5.0 (Windows NT 10.0; Win64; x64) AppleWebKit/537.36 (KHTML, like Gecko) Chrome/104.0.0.0 Safari/537.36"

info: ::1 - - [12/Sep/2022:13:29:13 +0000] "GET /api-docs/favicon-32x32.png HTTP/1.1" 304 - "-" "Mozilla/5.0 (Windows NT 10.0; Win64; x64) AppleWebKit/537.36 (KHTML, like Gecko) Chrome/104.0.0.0 Safari/537.36"

info: ::1 - - [12/Sep/2022:13:29:59 +0000] "GET /api/v1/to-do/631ebee36cc62826e433fd0b HTTP/1.1" 200 283 "-" "Mozilla/5.0 (Windows NT 10.0; Win64; x64) AppleWebKit/537.36 (KHTML, like Gecko) Chrome/104.0.0.0 Safari/537.36"

info: ::ffff:127.0.0.1 - - [13/Sep/2022:06:22:48 +0000] "POST /api/v1/to-do HTTP/1.1" 201 240 "-" "node-superagent/3.8.3"

info: ::ffff:127.0.0.1 - - [13/Sep/2022:06:22:48 +0000] "GET /api/v1/to-do HTTP/1.1" 200 236 "-" "node-superagent/3.8.3"

info: ::ffff:127.0.0.1 - - [13/Sep/2022:06:22:49 +0000] "GET /api/v1/to-do/_id HTTP/1.1" 500 125 "-" "node-superagent/3.8.3"

error: uncaughtException: expected 500 to equal 200
AssertionError: expected 500 to equal 200
    at Test.<anonymous> (C:\Users\cparadise\ToDoApp\to-do\tests\integration\/user.test.js:63:38)
    at Test.assert (C:\Users\cparadise\ToDoApp\to-do\node_modules\supertest\lib\test.js:181:6)
    at Server.localAssert (C:\Users\cparadise\ToDoApp\to-do\node_modules\supertest\lib\test.js:131:12)
    at Object.onceWrapper (node:events:641:28)
    at Server.emit (node:events:527:28)
    at emitCloseNT (node:net:1728:8)
    at processTicksAndRejections (node:internal/process/task_queues:82:21) {"date":"Tue Sep 13 2022 11:52:49 GMT+0530 (India Standard Time)","error":{"actual":500,"expected":200,"message":"expected 500 to equal 200","name":"AssertionError","operator":"strictEqual","showDiff":true,"stack":"AssertionError: expected 500 to equal 200\n    at Test.<anonymous> (C:\\Users\\cparadise\\ToDoApp\\to-do\\tests\\integration\\/user.test.js:63:38)\n    at Test.assert (C:\\Users\\cparadise\\ToDoApp\\to-do\\node_modules\\supertest\\lib\\test.js:181:6)\n    at Server.localAssert (C:\\Users\\cparadise\\ToDoApp\\to-do\\node_modules\\supertest\\lib\\test.js:131:12)\n    at Object.onceWrapper (node:events:641:28)\n    at Server.emit (node:events:527:28)\n    at emitCloseNT (node:net:1728:8)\n    at processTicksAndRejections (node:internal/process/task_queues:82:21)"},"exception":true,"os":{"loadavg":[0,0,0],"uptime":597800},"process":{"argv":["C:\\Program Files\\nodejs\\node.exe","C:\\Users\\cparadise\\ToDoApp\\to-do\\node_modules\\mocha\\bin\\mocha","--exit","--recursive","--require","@babel/register","--timeout=5000","tests/**/*.js"],"cwd":"C:\\Users\\cparadise\\ToDoApp\\to-do","execPath":"C:\\Program Files\\nodejs\\node.exe","gid":null,"memoryUsage":{"arrayBuffers":18537426,"external":21765419,"heapTotal":142274560,"heapUsed":109678176,"rss":175947776},"pid":7128,"uid":null,"version":"v16.15.1"},"stack":"AssertionError: expected 500 to equal 200\n    at Test.<anonymous> (C:\\Users\\cparadise\\ToDoApp\\to-do\\tests\\integration\\/user.test.js:63:38)\n    at Test.assert (C:\\Users\\cparadise\\ToDoApp\\to-do\\node_modules\\supertest\\lib\\test.js:181:6)\n    at Server.localAssert (C:\\Users\\cparadise\\ToDoApp\\to-do\\node_modules\\supertest\\lib\\test.js:131:12)\n    at Object.onceWrapper (node:events:641:28)\n    at Server.emit (node:events:527:28)\n    at emitCloseNT (node:net:1728:8)\n    at processTicksAndRejections (node:internal/process/task_queues:82:21)","trace":[{"column":38,"file":"C:\\Users\\cparadise\\ToDoApp\\to-do\\tests\\integration\\/user.test.js","function":null,"line":63,"method":null,"native":false},{"column":6,"file":"C:\\Users\\cparadise\\ToDoApp\\to-do\\node_modules\\supertest\\lib\\test.js","function":"Test.assert","line":181,"method":"assert","native":false},{"column":12,"file":"C:\\Users\\cparadise\\ToDoApp\\to-do\\node_modules\\supertest\\lib\\test.js","function":"Server.localAssert","line":131,"method":"localAssert","native":false},{"column":28,"file":"node:events","function":"Object.onceWrapper","line":641,"method":"onceWrapper","native":false},{"column":28,"file":"node:events","function":"Server.emit","line":527,"method":"emit","native":false},{"column":8,"file":"node:net","function":"emitCloseNT","line":1728,"method":null,"native":false},{"column":21,"file":"node:internal/process/task_queues","function":"processTicksAndRejections","line":82,"method":null,"native":false}]}
info: ::ffff:127.0.0.1 - - [13/Sep/2022:06:29:32 +0000] "POST /api/v1/to-do HTTP/1.1" 201 240 "-" "node-superagent/3.8.3"

info: ::ffff:127.0.0.1 - - [13/Sep/2022:06:29:32 +0000] "GET /api/v1/to-do HTTP/1.1" 200 236 "-" "node-superagent/3.8.3"

info: ::ffff:127.0.0.1 - - [13/Sep/2022:06:29:32 +0000] "GET /api/v1/to-do/_id HTTP/1.1" 500 125 "-" "node-superagent/3.8.3"

error: uncaughtException: expected 500 to equal 200
AssertionError: expected 500 to equal 200
    at Test.<anonymous> (C:\Users\cparadise\ToDoApp\to-do\tests\integration\/user.test.js:63:40)
    at Test.assert (C:\Users\cparadise\ToDoApp\to-do\node_modules\supertest\lib\test.js:181:6)
    at Server.localAssert (C:\Users\cparadise\ToDoApp\to-do\node_modules\supertest\lib\test.js:131:12)
    at Object.onceWrapper (node:events:641:28)
    at Server.emit (node:events:527:28)
    at emitCloseNT (node:net:1728:8)
    at processTicksAndRejections (node:internal/process/task_queues:82:21) {"date":"Tue Sep 13 2022 11:59:32 GMT+0530 (India Standard Time)","error":{"actual":500,"expected":200,"message":"expected 500 to equal 200","name":"AssertionError","operator":"strictEqual","showDiff":true,"stack":"AssertionError: expected 500 to equal 200\n    at Test.<anonymous> (C:\\Users\\cparadise\\ToDoApp\\to-do\\tests\\integration\\/user.test.js:63:40)\n    at Test.assert (C:\\Users\\cparadise\\ToDoApp\\to-do\\node_modules\\supertest\\lib\\test.js:181:6)\n    at Server.localAssert (C:\\Users\\cparadise\\ToDoApp\\to-do\\node_modules\\supertest\\lib\\test.js:131:12)\n    at Object.onceWrapper (node:events:641:28)\n    at Server.emit (node:events:527:28)\n    at emitCloseNT (node:net:1728:8)\n    at processTicksAndRejections (node:internal/process/task_queues:82:21)"},"exception":true,"os":{"loadavg":[0,0,0],"uptime":598203},"process":{"argv":["C:\\Program Files\\nodejs\\node.exe","C:\\Users\\cparadise\\ToDoApp\\to-do\\node_modules\\mocha\\bin\\mocha","--exit","--recursive","--require","@babel/register","--timeout=5000","tests/**/*.js"],"cwd":"C:\\Users\\cparadise\\ToDoApp\\to-do","execPath":"C:\\Program Files\\nodejs\\node.exe","gid":null,"memoryUsage":{"arrayBuffers":19033245,"external":21529854,"heapTotal":137424896,"heapUsed":107231712,"rss":171421696},"pid":14916,"uid":null,"version":"v16.15.1"},"stack":"AssertionError: expected 500 to equal 200\n    at Test.<anonymous> (C:\\Users\\cparadise\\ToDoApp\\to-do\\tests\\integration\\/user.test.js:63:40)\n    at Test.assert (C:\\Users\\cparadise\\ToDoApp\\to-do\\node_modules\\supertest\\lib\\test.js:181:6)\n    at Server.localAssert (C:\\Users\\cparadise\\ToDoApp\\to-do\\node_modules\\supertest\\lib\\test.js:131:12)\n    at Object.onceWrapper (node:events:641:28)\n    at Server.emit (node:events:527:28)\n    at emitCloseNT (node:net:1728:8)\n    at processTicksAndRejections (node:internal/process/task_queues:82:21)","trace":[{"column":40,"file":"C:\\Users\\cparadise\\ToDoApp\\to-do\\tests\\integration\\/user.test.js","function":null,"line":63,"method":null,"native":false},{"column":6,"file":"C:\\Users\\cparadise\\ToDoApp\\to-do\\node_modules\\supertest\\lib\\test.js","function":"Test.assert","line":181,"method":"assert","native":false},{"column":12,"file":"C:\\Users\\cparadise\\ToDoApp\\to-do\\node_modules\\supertest\\lib\\test.js","function":"Server.localAssert","line":131,"method":"localAssert","native":false},{"column":28,"file":"node:events","function":"Object.onceWrapper","line":641,"method":"onceWrapper","native":false},{"column":28,"file":"node:events","function":"Server.emit","line":527,"method":"emit","native":false},{"column":8,"file":"node:net","function":"emitCloseNT","line":1728,"method":null,"native":false},{"column":21,"file":"node:internal/process/task_queues","function":"processTicksAndRejections","line":82,"method":null,"native":false}]}
info: ::ffff:127.0.0.1 - - [13/Sep/2022:06:52:15 +0000] "POST /api/v1/to-do HTTP/1.1" 201 240 "-" "node-superagent/3.8.3"

info: ::ffff:127.0.0.1 - - [13/Sep/2022:06:52:15 +0000] "GET /api/v1/to-do HTTP/1.1" 200 236 "-" "node-superagent/3.8.3"

info: ::ffff:127.0.0.1 - - [13/Sep/2022:06:52:15 +0000] "GET /api/v1/to-do/:_id HTTP/1.1" 500 126 "-" "node-superagent/3.8.3"

error: uncaughtException: expected 500 to equal 200
AssertionError: expected 500 to equal 200
    at Test.<anonymous> (C:\Users\cparadise\ToDoApp\to-do\tests\integration\/user.test.js:63:40)
    at Test.assert (C:\Users\cparadise\ToDoApp\to-do\node_modules\supertest\lib\test.js:181:6)
    at Server.localAssert (C:\Users\cparadise\ToDoApp\to-do\node_modules\supertest\lib\test.js:131:12)
    at Object.onceWrapper (node:events:641:28)
    at Server.emit (node:events:527:28)
    at emitCloseNT (node:net:1728:8)
    at processTicksAndRejections (node:internal/process/task_queues:82:21) {"date":"Tue Sep 13 2022 12:22:15 GMT+0530 (India Standard Time)","error":{"actual":500,"expected":200,"message":"expected 500 to equal 200","name":"AssertionError","operator":"strictEqual","showDiff":true,"stack":"AssertionError: expected 500 to equal 200\n    at Test.<anonymous> (C:\\Users\\cparadise\\ToDoApp\\to-do\\tests\\integration\\/user.test.js:63:40)\n    at Test.assert (C:\\Users\\cparadise\\ToDoApp\\to-do\\node_modules\\supertest\\lib\\test.js:181:6)\n    at Server.localAssert (C:\\Users\\cparadise\\ToDoApp\\to-do\\node_modules\\supertest\\lib\\test.js:131:12)\n    at Object.onceWrapper (node:events:641:28)\n    at Server.emit (node:events:527:28)\n    at emitCloseNT (node:net:1728:8)\n    at processTicksAndRejections (node:internal/process/task_queues:82:21)"},"exception":true,"os":{"loadavg":[0,0,0],"uptime":599566},"process":{"argv":["C:\\Program Files\\nodejs\\node.exe","C:\\Users\\cparadise\\ToDoApp\\to-do\\node_modules\\mocha\\bin\\mocha","--exit","--recursive","--require","@babel/register","--timeout=5000","tests/**/*.js"],"cwd":"C:\\Users\\cparadise\\ToDoApp\\to-do","execPath":"C:\\Program Files\\nodejs\\node.exe","gid":null,"memoryUsage":{"arrayBuffers":19350061,"external":21597929,"heapTotal":133738496,"heapUsed":105865712,"rss":167948288},"pid":4876,"uid":null,"version":"v16.15.1"},"stack":"AssertionError: expected 500 to equal 200\n    at Test.<anonymous> (C:\\Users\\cparadise\\ToDoApp\\to-do\\tests\\integration\\/user.test.js:63:40)\n    at Test.assert (C:\\Users\\cparadise\\ToDoApp\\to-do\\node_modules\\supertest\\lib\\test.js:181:6)\n    at Server.localAssert (C:\\Users\\cparadise\\ToDoApp\\to-do\\node_modules\\supertest\\lib\\test.js:131:12)\n    at Object.onceWrapper (node:events:641:28)\n    at Server.emit (node:events:527:28)\n    at emitCloseNT (node:net:1728:8)\n    at processTicksAndRejections (node:internal/process/task_queues:82:21)","trace":[{"column":40,"file":"C:\\Users\\cparadise\\ToDoApp\\to-do\\tests\\integration\\/user.test.js","function":null,"line":63,"method":null,"native":false},{"column":6,"file":"C:\\Users\\cparadise\\ToDoApp\\to-do\\node_modules\\supertest\\lib\\test.js","function":"Test.assert","line":181,"method":"assert","native":false},{"column":12,"file":"C:\\Users\\cparadise\\ToDoApp\\to-do\\node_modules\\supertest\\lib\\test.js","function":"Server.localAssert","line":131,"method":"localAssert","native":false},{"column":28,"file":"node:events","function":"Object.onceWrapper","line":641,"method":"onceWrapper","native":false},{"column":28,"file":"node:events","function":"Server.emit","line":527,"method":"emit","native":false},{"column":8,"file":"node:net","function":"emitCloseNT","line":1728,"method":null,"native":false},{"column":21,"file":"node:internal/process/task_queues","function":"processTicksAndRejections","line":82,"method":null,"native":false}]}
info: ::ffff:127.0.0.1 - - [13/Sep/2022:06:53:04 +0000] "POST /api/v1/to-do HTTP/1.1" 201 240 "-" "node-superagent/3.8.3"

info: ::ffff:127.0.0.1 - - [13/Sep/2022:06:53:04 +0000] "GET /api/v1/to-do HTTP/1.1" 200 236 "-" "node-superagent/3.8.3"

info: ::ffff:127.0.0.1 - - [13/Sep/2022:06:53:04 +0000] "GET /api/v1/to-do/id HTTP/1.1" 500 124 "-" "node-superagent/3.8.3"

error: uncaughtException: expected 500 to equal 200
AssertionError: expected 500 to equal 200
    at Test.<anonymous> (C:\Users\cparadise\ToDoApp\to-do\tests\integration\/user.test.js:63:40)
    at Test.assert (C:\Users\cparadise\ToDoApp\to-do\node_modules\supertest\lib\test.js:181:6)
    at Server.localAssert (C:\Users\cparadise\ToDoApp\to-do\node_modules\supertest\lib\test.js:131:12)
    at Object.onceWrapper (node:events:641:28)
    at Server.emit (node:events:527:28)
    at emitCloseNT (node:net:1728:8)
    at processTicksAndRejections (node:internal/process/task_queues:82:21) {"date":"Tue Sep 13 2022 12:23:04 GMT+0530 (India Standard Time)","error":{"actual":500,"expected":200,"message":"expected 500 to equal 200","name":"AssertionError","operator":"strictEqual","showDiff":true,"stack":"AssertionError: expected 500 to equal 200\n    at Test.<anonymous> (C:\\Users\\cparadise\\ToDoApp\\to-do\\tests\\integration\\/user.test.js:63:40)\n    at Test.assert (C:\\Users\\cparadise\\ToDoApp\\to-do\\node_modules\\supertest\\lib\\test.js:181:6)\n    at Server.localAssert (C:\\Users\\cparadise\\ToDoApp\\to-do\\node_modules\\supertest\\lib\\test.js:131:12)\n    at Object.onceWrapper (node:events:641:28)\n    at Server.emit (node:events:527:28)\n    at emitCloseNT (node:net:1728:8)\n    at processTicksAndRejections (node:internal/process/task_queues:82:21)"},"exception":true,"os":{"loadavg":[0,0,0],"uptime":599615},"process":{"argv":["C:\\Program Files\\nodejs\\node.exe","C:\\Users\\cparadise\\ToDoApp\\to-do\\node_modules\\mocha\\bin\\mocha","--exit","--recursive","--require","@babel/register","--timeout=5000","tests/**/*.js"],"cwd":"C:\\Users\\cparadise\\ToDoApp\\to-do","execPath":"C:\\Program Files\\nodejs\\node.exe","gid":null,"memoryUsage":{"arrayBuffers":18678901,"external":21564077,"heapTotal":139972608,"heapUsed":109050136,"rss":175038464},"pid":11828,"uid":null,"version":"v16.15.1"},"stack":"AssertionError: expected 500 to equal 200\n    at Test.<anonymous> (C:\\Users\\cparadise\\ToDoApp\\to-do\\tests\\integration\\/user.test.js:63:40)\n    at Test.assert (C:\\Users\\cparadise\\ToDoApp\\to-do\\node_modules\\supertest\\lib\\test.js:181:6)\n    at Server.localAssert (C:\\Users\\cparadise\\ToDoApp\\to-do\\node_modules\\supertest\\lib\\test.js:131:12)\n    at Object.onceWrapper (node:events:641:28)\n    at Server.emit (node:events:527:28)\n    at emitCloseNT (node:net:1728:8)\n    at processTicksAndRejections (node:internal/process/task_queues:82:21)","trace":[{"column":40,"file":"C:\\Users\\cparadise\\ToDoApp\\to-do\\tests\\integration\\/user.test.js","function":null,"line":63,"method":null,"native":false},{"column":6,"file":"C:\\Users\\cparadise\\ToDoApp\\to-do\\node_modules\\supertest\\lib\\test.js","function":"Test.assert","line":181,"method":"assert","native":false},{"column":12,"file":"C:\\Users\\cparadise\\ToDoApp\\to-do\\node_modules\\supertest\\lib\\test.js","function":"Server.localAssert","line":131,"method":"localAssert","native":false},{"column":28,"file":"node:events","function":"Object.onceWrapper","line":641,"method":"onceWrapper","native":false},{"column":28,"file":"node:events","function":"Server.emit","line":527,"method":"emit","native":false},{"column":8,"file":"node:net","function":"emitCloseNT","line":1728,"method":null,"native":false},{"column":21,"file":"node:internal/process/task_queues","function":"processTicksAndRejections","line":82,"method":null,"native":false}]}
info: ::ffff:127.0.0.1 - - [13/Sep/2022:06:54:53 +0000] "POST /api/v1/to-do HTTP/1.1" 201 240 "-" "node-superagent/3.8.3"

info: ::ffff:127.0.0.1 - - [13/Sep/2022:06:54:53 +0000] "GET /api/v1/to-do HTTP/1.1" 200 236 "-" "node-superagent/3.8.3"

info: ::ffff:127.0.0.1 - - [13/Sep/2022:06:54:53 +0000] "GET /api/v1/to-do/id HTTP/1.1" 500 124 "-" "node-superagent/3.8.3"

error: uncaughtException: expected 500 to equal 200
AssertionError: expected 500 to equal 200
    at Test.<anonymous> (C:\Users\cparadise\ToDoApp\to-do\tests\integration\/user.test.js:63:40)
    at Test.assert (C:\Users\cparadise\ToDoApp\to-do\node_modules\supertest\lib\test.js:181:6)
    at Server.localAssert (C:\Users\cparadise\ToDoApp\to-do\node_modules\supertest\lib\test.js:131:12)
    at Object.onceWrapper (node:events:641:28)
    at Server.emit (node:events:527:28)
    at emitCloseNT (node:net:1728:8)
    at processTicksAndRejections (node:internal/process/task_queues:82:21) {"date":"Tue Sep 13 2022 12:24:53 GMT+0530 (India Standard Time)","error":{"actual":500,"expected":200,"message":"expected 500 to equal 200","name":"AssertionError","operator":"strictEqual","showDiff":true,"stack":"AssertionError: expected 500 to equal 200\n    at Test.<anonymous> (C:\\Users\\cparadise\\ToDoApp\\to-do\\tests\\integration\\/user.test.js:63:40)\n    at Test.assert (C:\\Users\\cparadise\\ToDoApp\\to-do\\node_modules\\supertest\\lib\\test.js:181:6)\n    at Server.localAssert (C:\\Users\\cparadise\\ToDoApp\\to-do\\node_modules\\supertest\\lib\\test.js:131:12)\n    at Object.onceWrapper (node:events:641:28)\n    at Server.emit (node:events:527:28)\n    at emitCloseNT (node:net:1728:8)\n    at processTicksAndRejections (node:internal/process/task_queues:82:21)"},"exception":true,"os":{"loadavg":[0,0,0],"uptime":599724},"process":{"argv":["C:\\Program Files\\nodejs\\node.exe","C:\\Users\\cparadise\\ToDoApp\\to-do\\node_modules\\mocha\\bin\\mocha","--exit","--recursive","--require","@babel/register","--timeout=5000","tests/**/*.js"],"cwd":"C:\\Users\\cparadise\\ToDoApp\\to-do","execPath":"C:\\Program Files\\nodejs\\node.exe","gid":null,"memoryUsage":{"arrayBuffers":19142317,"external":21529858,"heapTotal":123506688,"heapUsed":85254688,"rss":158744576},"pid":9672,"uid":null,"version":"v16.15.1"},"stack":"AssertionError: expected 500 to equal 200\n    at Test.<anonymous> (C:\\Users\\cparadise\\ToDoApp\\to-do\\tests\\integration\\/user.test.js:63:40)\n    at Test.assert (C:\\Users\\cparadise\\ToDoApp\\to-do\\node_modules\\supertest\\lib\\test.js:181:6)\n    at Server.localAssert (C:\\Users\\cparadise\\ToDoApp\\to-do\\node_modules\\supertest\\lib\\test.js:131:12)\n    at Object.onceWrapper (node:events:641:28)\n    at Server.emit (node:events:527:28)\n    at emitCloseNT (node:net:1728:8)\n    at processTicksAndRejections (node:internal/process/task_queues:82:21)","trace":[{"column":40,"file":"C:\\Users\\cparadise\\ToDoApp\\to-do\\tests\\integration\\/user.test.js","function":null,"line":63,"method":null,"native":false},{"column":6,"file":"C:\\Users\\cparadise\\ToDoApp\\to-do\\node_modules\\supertest\\lib\\test.js","function":"Test.assert","line":181,"method":"assert","native":false},{"column":12,"file":"C:\\Users\\cparadise\\ToDoApp\\to-do\\node_modules\\supertest\\lib\\test.js","function":"Server.localAssert","line":131,"method":"localAssert","native":false},{"column":28,"file":"node:events","function":"Object.onceWrapper","line":641,"method":"onceWrapper","native":false},{"column":28,"file":"node:events","function":"Server.emit","line":527,"method":"emit","native":false},{"column":8,"file":"node:net","function":"emitCloseNT","line":1728,"method":null,"native":false},{"column":21,"file":"node:internal/process/task_queues","function":"processTicksAndRejections","line":82,"method":null,"native":false}]}
info: ::ffff:127.0.0.1 - - [13/Sep/2022:06:56:21 +0000] "POST /api/v1/to-do HTTP/1.1" 201 240 "-" "node-superagent/3.8.3"

info: ::ffff:127.0.0.1 - - [13/Sep/2022:06:56:21 +0000] "GET /api/v1/to-do HTTP/1.1" 200 236 "-" "node-superagent/3.8.3"

info: ::ffff:127.0.0.1 - - [13/Sep/2022:06:56:21 +0000] "GET /api/v1/to-do/:_id HTTP/1.1" 500 126 "-" "node-superagent/3.8.3"

error: uncaughtException: expected 500 to equal 200
AssertionError: expected 500 to equal 200
    at Test.<anonymous> (C:\Users\cparadise\ToDoApp\to-do\tests\integration\/user.test.js:63:40)
    at Test.assert (C:\Users\cparadise\ToDoApp\to-do\node_modules\supertest\lib\test.js:181:6)
    at Server.localAssert (C:\Users\cparadise\ToDoApp\to-do\node_modules\supertest\lib\test.js:131:12)
    at Object.onceWrapper (node:events:641:28)
    at Server.emit (node:events:527:28)
    at emitCloseNT (node:net:1728:8)
    at processTicksAndRejections (node:internal/process/task_queues:82:21) {"date":"Tue Sep 13 2022 12:26:21 GMT+0530 (India Standard Time)","error":{"actual":500,"expected":200,"message":"expected 500 to equal 200","name":"AssertionError","operator":"strictEqual","showDiff":true,"stack":"AssertionError: expected 500 to equal 200\n    at Test.<anonymous> (C:\\Users\\cparadise\\ToDoApp\\to-do\\tests\\integration\\/user.test.js:63:40)\n    at Test.assert (C:\\Users\\cparadise\\ToDoApp\\to-do\\node_modules\\supertest\\lib\\test.js:181:6)\n    at Server.localAssert (C:\\Users\\cparadise\\ToDoApp\\to-do\\node_modules\\supertest\\lib\\test.js:131:12)\n    at Object.onceWrapper (node:events:641:28)\n    at Server.emit (node:events:527:28)\n    at emitCloseNT (node:net:1728:8)\n    at processTicksAndRejections (node:internal/process/task_queues:82:21)"},"exception":true,"os":{"loadavg":[0,0,0],"uptime":599812},"process":{"argv":["C:\\Program Files\\nodejs\\node.exe","C:\\Users\\cparadise\\ToDoApp\\to-do\\node_modules\\mocha\\bin\\mocha","--exit","--recursive","--require","@babel/register","--timeout=5000","tests/**/*.js"],"cwd":"C:\\Users\\cparadise\\ToDoApp\\to-do","execPath":"C:\\Program Files\\nodejs\\node.exe","gid":null,"memoryUsage":{"arrayBuffers":18636485,"external":21528548,"heapTotal":122851328,"heapUsed":80772040,"rss":157724672},"pid":11864,"uid":null,"version":"v16.15.1"},"stack":"AssertionError: expected 500 to equal 200\n    at Test.<anonymous> (C:\\Users\\cparadise\\ToDoApp\\to-do\\tests\\integration\\/user.test.js:63:40)\n    at Test.assert (C:\\Users\\cparadise\\ToDoApp\\to-do\\node_modules\\supertest\\lib\\test.js:181:6)\n    at Server.localAssert (C:\\Users\\cparadise\\ToDoApp\\to-do\\node_modules\\supertest\\lib\\test.js:131:12)\n    at Object.onceWrapper (node:events:641:28)\n    at Server.emit (node:events:527:28)\n    at emitCloseNT (node:net:1728:8)\n    at processTicksAndRejections (node:internal/process/task_queues:82:21)","trace":[{"column":40,"file":"C:\\Users\\cparadise\\ToDoApp\\to-do\\tests\\integration\\/user.test.js","function":null,"line":63,"method":null,"native":false},{"column":6,"file":"C:\\Users\\cparadise\\ToDoApp\\to-do\\node_modules\\supertest\\lib\\test.js","function":"Test.assert","line":181,"method":"assert","native":false},{"column":12,"file":"C:\\Users\\cparadise\\ToDoApp\\to-do\\node_modules\\supertest\\lib\\test.js","function":"Server.localAssert","line":131,"method":"localAssert","native":false},{"column":28,"file":"node:events","function":"Object.onceWrapper","line":641,"method":"onceWrapper","native":false},{"column":28,"file":"node:events","function":"Server.emit","line":527,"method":"emit","native":false},{"column":8,"file":"node:net","function":"emitCloseNT","line":1728,"method":null,"native":false},{"column":21,"file":"node:internal/process/task_queues","function":"processTicksAndRejections","line":82,"method":null,"native":false}]}
info: ::1 - - [13/Sep/2022:07:28:41 +0000] "PUT /api/v1/to-do/631ec9ff6cc62826e433fd0d HTTP/1.1" 404 47 "-" "PostmanRuntime/7.29.2"

info: ::1 - - [13/Sep/2022:07:29:32 +0000] "PUT /api/v1/to-do/631ec9ff6cc62826e433fd0d HTTP/1.1" 404 47 "-" "PostmanRuntime/7.29.2"

info: ::1 - - [13/Sep/2022:07:30:16 +0000] "PUT /api/v1/to-do/631ec9ff6cc62826e433fd0d HTTP/1.1" 202 262 "-" "PostmanRuntime/7.29.2"

info: ::1 - - [13/Sep/2022:07:32:21 +0000] "PUT /api/v1/to-do/631ec9ff6cc62826e433fd0d HTTP/1.1" 202 262 "-" "PostmanRuntime/7.29.2"

info: ::1 - - [13/Sep/2022:07:32:26 +0000] "PUT /api/v1/to-do/631ec9ff6cc62826e433fd0d HTTP/1.1" 202 262 "-" "PostmanRuntime/7.29.2"

info: ::1 - - [13/Sep/2022:07:35:42 +0000] "PUT /api/v1/to-do/631ec9ff6cc62826e433fd0d HTTP/1.1" 202 262 "-" "PostmanRuntime/7.29.2"

info: ::1 - - [13/Sep/2022:07:37:54 +0000] "PUT /api/v1/to-do/631ec9ff6cc62826e433fd0d HTTP/1.1" 202 262 "-" "PostmanRuntime/7.29.2"

info: ::1 - - [13/Sep/2022:07:43:59 +0000] "GET /api-docs/ HTTP/1.1" 304 - "-" "Mozilla/5.0 (Windows NT 10.0; Win64; x64) AppleWebKit/537.36 (KHTML, like Gecko) Chrome/104.0.0.0 Safari/537.36"

info: ::1 - - [13/Sep/2022:07:44:03 +0000] "GET /api-docs/swagger-ui.css HTTP/1.1" 304 - "-" "Mozilla/5.0 (Windows NT 10.0; Win64; x64) AppleWebKit/537.36 (KHTML, like Gecko) Chrome/104.0.0.0 Safari/537.36"

info: ::1 - - [13/Sep/2022:07:44:03 +0000] "GET /api-docs/swagger-ui-bundle.js HTTP/1.1" 304 - "-" "Mozilla/5.0 (Windows NT 10.0; Win64; x64) AppleWebKit/537.36 (KHTML, like Gecko) Chrome/104.0.0.0 Safari/537.36"

info: ::1 - - [13/Sep/2022:07:44:03 +0000] "GET /api-docs/swagger-ui-init.js HTTP/1.1" 200 4245 "-" "Mozilla/5.0 (Windows NT 10.0; Win64; x64) AppleWebKit/537.36 (KHTML, like Gecko) Chrome/104.0.0.0 Safari/537.36"

info: ::1 - - [13/Sep/2022:07:44:03 +0000] "GET /api-docs/swagger-ui-standalone-preset.js HTTP/1.1" 304 - "-" "Mozilla/5.0 (Windows NT 10.0; Win64; x64) AppleWebKit/537.36 (KHTML, like Gecko) Chrome/104.0.0.0 Safari/537.36"

info: ::1 - - [13/Sep/2022:07:44:09 +0000] "GET /api-docs/favicon-32x32.png HTTP/1.1" 304 - "-" "Mozilla/5.0 (Windows NT 10.0; Win64; x64) AppleWebKit/537.36 (KHTML, like Gecko) Chrome/104.0.0.0 Safari/537.36"

info: ::1 - - [13/Sep/2022:07:44:12 +0000] "GET /api-docs/favicon-32x32.png HTTP/1.1" 304 - "-" "Mozilla/5.0 (Windows NT 10.0; Win64; x64) AppleWebKit/537.36 (KHTML, like Gecko) Chrome/104.0.0.0 Safari/537.36"

info: ::1 - - [13/Sep/2022:07:45:43 +0000] "GET /api-docs/ HTTP/1.1" 304 - "-" "Mozilla/5.0 (Windows NT 10.0; Win64; x64) AppleWebKit/537.36 (KHTML, like Gecko) Chrome/104.0.0.0 Safari/537.36"

info: ::1 - - [13/Sep/2022:07:45:43 +0000] "GET /api-docs/swagger-ui.css HTTP/1.1" 304 - "-" "Mozilla/5.0 (Windows NT 10.0; Win64; x64) AppleWebKit/537.36 (KHTML, like Gecko) Chrome/104.0.0.0 Safari/537.36"

info: ::1 - - [13/Sep/2022:07:45:43 +0000] "GET /api-docs/swagger-ui-bundle.js HTTP/1.1" 304 - "-" "Mozilla/5.0 (Windows NT 10.0; Win64; x64) AppleWebKit/537.36 (KHTML, like Gecko) Chrome/104.0.0.0 Safari/537.36"

info: ::1 - - [13/Sep/2022:07:45:43 +0000] "GET /api-docs/swagger-ui-init.js HTTP/1.1" 200 4905 "-" "Mozilla/5.0 (Windows NT 10.0; Win64; x64) AppleWebKit/537.36 (KHTML, like Gecko) Chrome/104.0.0.0 Safari/537.36"

info: ::1 - - [13/Sep/2022:07:45:43 +0000] "GET /api-docs/swagger-ui-standalone-preset.js HTTP/1.1" 304 - "-" "Mozilla/5.0 (Windows NT 10.0; Win64; x64) AppleWebKit/537.36 (KHTML, like Gecko) Chrome/104.0.0.0 Safari/537.36"

info: ::1 - - [13/Sep/2022:07:45:43 +0000] "GET /api-docs/favicon-32x32.png HTTP/1.1" 304 - "-" "Mozilla/5.0 (Windows NT 10.0; Win64; x64) AppleWebKit/537.36 (KHTML, like Gecko) Chrome/104.0.0.0 Safari/537.36"

info: ::1 - - [13/Sep/2022:07:45:45 +0000] "GET /api-docs/favicon-32x32.png HTTP/1.1" 304 - "-" "Mozilla/5.0 (Windows NT 10.0; Win64; x64) AppleWebKit/537.36 (KHTML, like Gecko) Chrome/104.0.0.0 Safari/537.36"

info: ::1 - - [13/Sep/2022:07:46:10 +0000] "GET /api/v1/to-do HTTP/1.1" 200 695 "-" "Mozilla/5.0 (Windows NT 10.0; Win64; x64) AppleWebKit/537.36 (KHTML, like Gecko) Chrome/104.0.0.0 Safari/537.36"

info: ::1 - - [13/Sep/2022:07:47:40 +0000] "GET /api-docs/ HTTP/1.1" 304 - "-" "Mozilla/5.0 (Windows NT 10.0; Win64; x64) AppleWebKit/537.36 (KHTML, like Gecko) Chrome/104.0.0.0 Safari/537.36"

info: ::1 - - [13/Sep/2022:07:47:40 +0000] "GET /api-docs/swagger-ui.css HTTP/1.1" 304 - "-" "Mozilla/5.0 (Windows NT 10.0; Win64; x64) AppleWebKit/537.36 (KHTML, like Gecko) Chrome/104.0.0.0 Safari/537.36"

info: ::1 - - [13/Sep/2022:07:47:40 +0000] "GET /api-docs/swagger-ui-bundle.js HTTP/1.1" 304 - "-" "Mozilla/5.0 (Windows NT 10.0; Win64; x64) AppleWebKit/537.36 (KHTML, like Gecko) Chrome/104.0.0.0 Safari/537.36"

info: ::1 - - [13/Sep/2022:07:47:40 +0000] "GET /api-docs/swagger-ui-init.js HTTP/1.1" 200 4905 "-" "Mozilla/5.0 (Windows NT 10.0; Win64; x64) AppleWebKit/537.36 (KHTML, like Gecko) Chrome/104.0.0.0 Safari/537.36"

info: ::1 - - [13/Sep/2022:07:47:40 +0000] "GET /api-docs/swagger-ui-standalone-preset.js HTTP/1.1" 304 - "-" "Mozilla/5.0 (Windows NT 10.0; Win64; x64) AppleWebKit/537.36 (KHTML, like Gecko) Chrome/104.0.0.0 Safari/537.36"

info: ::1 - - [13/Sep/2022:07:47:41 +0000] "GET /api-docs/favicon-32x32.png HTTP/1.1" 304 - "-" "Mozilla/5.0 (Windows NT 10.0; Win64; x64) AppleWebKit/537.36 (KHTML, like Gecko) Chrome/104.0.0.0 Safari/537.36"

info: ::1 - - [13/Sep/2022:07:47:41 +0000] "GET /api-docs/favicon-32x32.png HTTP/1.1" 304 - "-" "Mozilla/5.0 (Windows NT 10.0; Win64; x64) AppleWebKit/537.36 (KHTML, like Gecko) Chrome/104.0.0.0 Safari/537.36"

info: ::1 - - [13/Sep/2022:07:47:47 +0000] "GET /api/v1/to-do HTTP/1.1" 304 - "-" "Mozilla/5.0 (Windows NT 10.0; Win64; x64) AppleWebKit/537.36 (KHTML, like Gecko) Chrome/104.0.0.0 Safari/537.36"

info: ::1 - - [13/Sep/2022:07:48:32 +0000] "PUT /api/v1/to-do/%7Bid%7D HTTP/1.1" 500 137 "-" "Mozilla/5.0 (Windows NT 10.0; Win64; x64) AppleWebKit/537.36 (KHTML, like Gecko) Chrome/104.0.0.0 Safari/537.36"

info: ::1 - - [13/Sep/2022:07:55:35 +0000] "GET /api-docs/ HTTP/1.1" 304 - "-" "Mozilla/5.0 (Windows NT 10.0; Win64; x64) AppleWebKit/537.36 (KHTML, like Gecko) Chrome/104.0.0.0 Safari/537.36"

info: ::1 - - [13/Sep/2022:07:55:35 +0000] "GET /api-docs/swagger-ui.css HTTP/1.1" 304 - "-" "Mozilla/5.0 (Windows NT 10.0; Win64; x64) AppleWebKit/537.36 (KHTML, like Gecko) Chrome/104.0.0.0 Safari/537.36"

info: ::1 - - [13/Sep/2022:07:55:35 +0000] "GET /api-docs/swagger-ui-bundle.js HTTP/1.1" 304 - "-" "Mozilla/5.0 (Windows NT 10.0; Win64; x64) AppleWebKit/537.36 (KHTML, like Gecko) Chrome/104.0.0.0 Safari/537.36"

info: ::1 - - [13/Sep/2022:07:55:35 +0000] "GET /api-docs/swagger-ui-init.js HTTP/1.1" 200 4933 "-" "Mozilla/5.0 (Windows NT 10.0; Win64; x64) AppleWebKit/537.36 (KHTML, like Gecko) Chrome/104.0.0.0 Safari/537.36"

info: ::1 - - [13/Sep/2022:07:55:35 +0000] "GET /api-docs/swagger-ui-standalone-preset.js HTTP/1.1" 304 - "-" "Mozilla/5.0 (Windows NT 10.0; Win64; x64) AppleWebKit/537.36 (KHTML, like Gecko) Chrome/104.0.0.0 Safari/537.36"

info: ::1 - - [13/Sep/2022:07:55:35 +0000] "GET /api-docs/favicon-32x32.png HTTP/1.1" 304 - "-" "Mozilla/5.0 (Windows NT 10.0; Win64; x64) AppleWebKit/537.36 (KHTML, like Gecko) Chrome/104.0.0.0 Safari/537.36"

info: ::1 - - [13/Sep/2022:07:55:35 +0000] "GET /api-docs/favicon-32x32.png HTTP/1.1" 304 - "-" "Mozilla/5.0 (Windows NT 10.0; Win64; x64) AppleWebKit/537.36 (KHTML, like Gecko) Chrome/104.0.0.0 Safari/537.36"

info: ::1 - - [13/Sep/2022:07:56:19 +0000] "PUT /api/v1/to-do/%7Bid%7D HTTP/1.1" 500 137 "-" "Mozilla/5.0 (Windows NT 10.0; Win64; x64) AppleWebKit/537.36 (KHTML, like Gecko) Chrome/104.0.0.0 Safari/537.36"

info: ::1 - - [13/Sep/2022:10:04:42 +0000] "GET /api-docs/ HTTP/1.1" 304 - "-" "Mozilla/5.0 (Windows NT 10.0; Win64; x64) AppleWebKit/537.36 (KHTML, like Gecko) Chrome/104.0.0.0 Safari/537.36"

info: ::1 - - [13/Sep/2022:10:04:42 +0000] "GET /api-docs/swagger-ui.css HTTP/1.1" 304 - "-" "Mozilla/5.0 (Windows NT 10.0; Win64; x64) AppleWebKit/537.36 (KHTML, like Gecko) Chrome/104.0.0.0 Safari/537.36"

info: ::1 - - [13/Sep/2022:10:04:42 +0000] "GET /api-docs/swagger-ui-bundle.js HTTP/1.1" 304 - "-" "Mozilla/5.0 (Windows NT 10.0; Win64; x64) AppleWebKit/537.36 (KHTML, like Gecko) Chrome/104.0.0.0 Safari/537.36"

info: ::1 - - [13/Sep/2022:10:04:42 +0000] "GET /api-docs/swagger-ui-standalone-preset.js HTTP/1.1" 304 - "-" "Mozilla/5.0 (Windows NT 10.0; Win64; x64) AppleWebKit/537.36 (KHTML, like Gecko) Chrome/104.0.0.0 Safari/537.36"

info: ::1 - - [13/Sep/2022:10:04:42 +0000] "GET /api-docs/swagger-ui-init.js HTTP/1.1" 304 - "-" "Mozilla/5.0 (Windows NT 10.0; Win64; x64) AppleWebKit/537.36 (KHTML, like Gecko) Chrome/104.0.0.0 Safari/537.36"

info: ::1 - - [13/Sep/2022:10:04:43 +0000] "GET /api-docs/favicon-32x32.png HTTP/1.1" 304 - "-" "Mozilla/5.0 (Windows NT 10.0; Win64; x64) AppleWebKit/537.36 (KHTML, like Gecko) Chrome/104.0.0.0 Safari/537.36"

info: ::1 - - [13/Sep/2022:10:07:17 +0000] "PUT /api/v1/to-do/%7Bid%7D HTTP/1.1" 500 137 "-" "Mozilla/5.0 (Windows NT 10.0; Win64; x64) AppleWebKit/537.36 (KHTML, like Gecko) Chrome/104.0.0.0 Safari/537.36"

info: ::1 - - [13/Sep/2022:10:09:51 +0000] "PUT /api/v1/to-do/%7Bid%7D HTTP/1.1" 500 137 "-" "Mozilla/5.0 (Windows NT 10.0; Win64; x64) AppleWebKit/537.36 (KHTML, like Gecko) Chrome/104.0.0.0 Safari/537.36"

info: ::1 - - [13/Sep/2022:10:09:52 +0000] "PUT /api/v1/to-do/%7Bid%7D HTTP/1.1" 500 137 "-" "Mozilla/5.0 (Windows NT 10.0; Win64; x64) AppleWebKit/537.36 (KHTML, like Gecko) Chrome/104.0.0.0 Safari/537.36"

info: ::1 - - [13/Sep/2022:10:09:54 +0000] "PUT /api/v1/to-do/%7Bid%7D HTTP/1.1" 500 137 "-" "Mozilla/5.0 (Windows NT 10.0; Win64; x64) AppleWebKit/537.36 (KHTML, like Gecko) Chrome/104.0.0.0 Safari/537.36"

info: ::1 - - [13/Sep/2022:10:10:09 +0000] "PUT /api/v1/to-do/%7Bid%7D HTTP/1.1" 500 137 "-" "Mozilla/5.0 (Windows NT 10.0; Win64; x64) AppleWebKit/537.36 (KHTML, like Gecko) Chrome/104.0.0.0 Safari/537.36"

info: ::1 - - [13/Sep/2022:10:10:28 +0000] "PUT /api/v1/to-do/%7Bid%7D HTTP/1.1" 500 137 "-" "Mozilla/5.0 (Windows NT 10.0; Win64; x64) AppleWebKit/537.36 (KHTML, like Gecko) Chrome/104.0.0.0 Safari/537.36"

info: ::1 - - [13/Sep/2022:10:10:43 +0000] "PUT /api/v1/to-do/%7Bid%7D HTTP/1.1" 500 137 "-" "Mozilla/5.0 (Windows NT 10.0; Win64; x64) AppleWebKit/537.36 (KHTML, like Gecko) Chrome/104.0.0.0 Safari/537.36"

info: ::1 - - [13/Sep/2022:10:15:56 +0000] "PUT /api/v1/to-do/%7Bid%7D HTTP/1.1" 500 137 "-" "Mozilla/5.0 (Windows NT 10.0; Win64; x64) AppleWebKit/537.36 (KHTML, like Gecko) Chrome/104.0.0.0 Safari/537.36"

info: ::1 - - [13/Sep/2022:10:16:06 +0000] "GET /api-docs/ HTTP/1.1" 304 - "-" "Mozilla/5.0 (Windows NT 10.0; Win64; x64) AppleWebKit/537.36 (KHTML, like Gecko) Chrome/104.0.0.0 Safari/537.36"

info: ::1 - - [13/Sep/2022:10:16:06 +0000] "GET /api-docs/swagger-ui.css HTTP/1.1" 304 - "-" "Mozilla/5.0 (Windows NT 10.0; Win64; x64) AppleWebKit/537.36 (KHTML, like Gecko) Chrome/104.0.0.0 Safari/537.36"

info: ::1 - - [13/Sep/2022:10:16:06 +0000] "GET /api-docs/swagger-ui-init.js HTTP/1.1" 200 4934 "-" "Mozilla/5.0 (Windows NT 10.0; Win64; x64) AppleWebKit/537.36 (KHTML, like Gecko) Chrome/104.0.0.0 Safari/537.36"

info: ::1 - - [13/Sep/2022:10:16:06 +0000] "GET /api-docs/swagger-ui-bundle.js HTTP/1.1" 304 - "-" "Mozilla/5.0 (Windows NT 10.0; Win64; x64) AppleWebKit/537.36 (KHTML, like Gecko) Chrome/104.0.0.0 Safari/537.36"

info: ::1 - - [13/Sep/2022:10:16:06 +0000] "GET /api-docs/swagger-ui-standalone-preset.js HTTP/1.1" 304 - "-" "Mozilla/5.0 (Windows NT 10.0; Win64; x64) AppleWebKit/537.36 (KHTML, like Gecko) Chrome/104.0.0.0 Safari/537.36"

info: ::1 - - [13/Sep/2022:10:16:06 +0000] "GET /api-docs/favicon-32x32.png HTTP/1.1" 304 - "-" "Mozilla/5.0 (Windows NT 10.0; Win64; x64) AppleWebKit/537.36 (KHTML, like Gecko) Chrome/104.0.0.0 Safari/537.36"

info: ::1 - - [13/Sep/2022:10:16:07 +0000] "GET /api-docs/favicon-32x32.png HTTP/1.1" 304 - "-" "Mozilla/5.0 (Windows NT 10.0; Win64; x64) AppleWebKit/537.36 (KHTML, like Gecko) Chrome/104.0.0.0 Safari/537.36"

info: ::1 - - [13/Sep/2022:10:16:49 +0000] "PUT /api/v1/to-do/%7B_id%7D HTTP/1.1" 500 138 "-" "Mozilla/5.0 (Windows NT 10.0; Win64; x64) AppleWebKit/537.36 (KHTML, like Gecko) Chrome/104.0.0.0 Safari/537.36"

info: ::1 - - [13/Sep/2022:10:21:45 +0000] "GET /api-docs/ HTTP/1.1" 304 - "-" "Mozilla/5.0 (Windows NT 10.0; Win64; x64) AppleWebKit/537.36 (KHTML, like Gecko) Chrome/104.0.0.0 Safari/537.36"

info: ::1 - - [13/Sep/2022:10:21:45 +0000] "GET /api-docs/swagger-ui-init.js HTTP/1.1" 200 4933 "-" "Mozilla/5.0 (Windows NT 10.0; Win64; x64) AppleWebKit/537.36 (KHTML, like Gecko) Chrome/104.0.0.0 Safari/537.36"

info: ::1 - - [13/Sep/2022:10:21:45 +0000] "GET /api-docs/swagger-ui.css HTTP/1.1" 304 - "-" "Mozilla/5.0 (Windows NT 10.0; Win64; x64) AppleWebKit/537.36 (KHTML, like Gecko) Chrome/104.0.0.0 Safari/537.36"

info: ::1 - - [13/Sep/2022:10:21:45 +0000] "GET /api-docs/swagger-ui-bundle.js HTTP/1.1" 304 - "-" "Mozilla/5.0 (Windows NT 10.0; Win64; x64) AppleWebKit/537.36 (KHTML, like Gecko) Chrome/104.0.0.0 Safari/537.36"

info: ::1 - - [13/Sep/2022:10:21:45 +0000] "GET /api-docs/swagger-ui-standalone-preset.js HTTP/1.1" 304 - "-" "Mozilla/5.0 (Windows NT 10.0; Win64; x64) AppleWebKit/537.36 (KHTML, like Gecko) Chrome/104.0.0.0 Safari/537.36"

info: ::1 - - [13/Sep/2022:10:21:45 +0000] "GET /api-docs/favicon-32x32.png HTTP/1.1" 304 - "-" "Mozilla/5.0 (Windows NT 10.0; Win64; x64) AppleWebKit/537.36 (KHTML, like Gecko) Chrome/104.0.0.0 Safari/537.36"

info: ::1 - - [13/Sep/2022:10:21:45 +0000] "GET /api-docs/favicon-32x32.png HTTP/1.1" 304 - "-" "Mozilla/5.0 (Windows NT 10.0; Win64; x64) AppleWebKit/537.36 (KHTML, like Gecko) Chrome/104.0.0.0 Safari/537.36"

info: ::1 - - [13/Sep/2022:10:23:29 +0000] "GET /api-docs/ HTTP/1.1" 304 - "-" "Mozilla/5.0 (Windows NT 10.0; Win64; x64) AppleWebKit/537.36 (KHTML, like Gecko) Chrome/104.0.0.0 Safari/537.36"

info: ::1 - - [13/Sep/2022:10:23:30 +0000] "GET /api-docs/swagger-ui.css HTTP/1.1" 304 - "-" "Mozilla/5.0 (Windows NT 10.0; Win64; x64) AppleWebKit/537.36 (KHTML, like Gecko) Chrome/104.0.0.0 Safari/537.36"

info: ::1 - - [13/Sep/2022:10:23:30 +0000] "GET /api-docs/swagger-ui-bundle.js HTTP/1.1" 304 - "-" "Mozilla/5.0 (Windows NT 10.0; Win64; x64) AppleWebKit/537.36 (KHTML, like Gecko) Chrome/104.0.0.0 Safari/537.36"

info: ::1 - - [13/Sep/2022:10:23:30 +0000] "GET /api-docs/swagger-ui-init.js HTTP/1.1" 200 4905 "-" "Mozilla/5.0 (Windows NT 10.0; Win64; x64) AppleWebKit/537.36 (KHTML, like Gecko) Chrome/104.0.0.0 Safari/537.36"

info: ::1 - - [13/Sep/2022:10:23:30 +0000] "GET /api-docs/swagger-ui-standalone-preset.js HTTP/1.1" 304 - "-" "Mozilla/5.0 (Windows NT 10.0; Win64; x64) AppleWebKit/537.36 (KHTML, like Gecko) Chrome/104.0.0.0 Safari/537.36"

info: ::1 - - [13/Sep/2022:10:23:30 +0000] "GET /api-docs/favicon-32x32.png HTTP/1.1" 304 - "-" "Mozilla/5.0 (Windows NT 10.0; Win64; x64) AppleWebKit/537.36 (KHTML, like Gecko) Chrome/104.0.0.0 Safari/537.36"

info: ::1 - - [13/Sep/2022:10:23:30 +0000] "GET /api-docs/favicon-32x32.png HTTP/1.1" 304 - "-" "Mozilla/5.0 (Windows NT 10.0; Win64; x64) AppleWebKit/537.36 (KHTML, like Gecko) Chrome/104.0.0.0 Safari/537.36"

info: ::1 - - [13/Sep/2022:10:24:50 +0000] "GET /api-docs/ HTTP/1.1" 304 - "-" "Mozilla/5.0 (Windows NT 10.0; Win64; x64) AppleWebKit/537.36 (KHTML, like Gecko) Chrome/104.0.0.0 Safari/537.36"

info: ::1 - - [13/Sep/2022:10:24:50 +0000] "GET /api-docs/swagger-ui.css HTTP/1.1" 304 - "-" "Mozilla/5.0 (Windows NT 10.0; Win64; x64) AppleWebKit/537.36 (KHTML, like Gecko) Chrome/104.0.0.0 Safari/537.36"

info: ::1 - - [13/Sep/2022:10:24:50 +0000] "GET /api-docs/swagger-ui-bundle.js HTTP/1.1" 304 - "-" "Mozilla/5.0 (Windows NT 10.0; Win64; x64) AppleWebKit/537.36 (KHTML, like Gecko) Chrome/104.0.0.0 Safari/537.36"

info: ::1 - - [13/Sep/2022:10:24:50 +0000] "GET /api-docs/swagger-ui-init.js HTTP/1.1" 200 4905 "-" "Mozilla/5.0 (Windows NT 10.0; Win64; x64) AppleWebKit/537.36 (KHTML, like Gecko) Chrome/104.0.0.0 Safari/537.36"

info: ::1 - - [13/Sep/2022:10:24:50 +0000] "GET /api-docs/swagger-ui-standalone-preset.js HTTP/1.1" 304 - "-" "Mozilla/5.0 (Windows NT 10.0; Win64; x64) AppleWebKit/537.36 (KHTML, like Gecko) Chrome/104.0.0.0 Safari/537.36"

info: ::1 - - [13/Sep/2022:10:24:50 +0000] "GET /api-docs/favicon-32x32.png HTTP/1.1" 304 - "-" "Mozilla/5.0 (Windows NT 10.0; Win64; x64) AppleWebKit/537.36 (KHTML, like Gecko) Chrome/104.0.0.0 Safari/537.36"

info: ::1 - - [13/Sep/2022:10:24:50 +0000] "GET /api-docs/favicon-32x32.png HTTP/1.1" 304 - "-" "Mozilla/5.0 (Windows NT 10.0; Win64; x64) AppleWebKit/537.36 (KHTML, like Gecko) Chrome/104.0.0.0 Safari/537.36"

info: ::1 - - [13/Sep/2022:10:25:00 +0000] "PUT /api/v1/to-do/%7Bid%7D HTTP/1.1" 500 137 "-" "Mozilla/5.0 (Windows NT 10.0; Win64; x64) AppleWebKit/537.36 (KHTML, like Gecko) Chrome/104.0.0.0 Safari/537.36"

info: ::1 - - [13/Sep/2022:10:28:04 +0000] "PUT /api/v1/to-do/%7Bid%7D HTTP/1.1" 500 136 "-" "Mozilla/5.0 (Windows NT 10.0; Win64; x64) AppleWebKit/537.36 (KHTML, like Gecko) Chrome/104.0.0.0 Safari/537.36"

info: ::1 - - [13/Sep/2022:10:28:08 +0000] "GET /api-docs/ HTTP/1.1" 304 - "-" "Mozilla/5.0 (Windows NT 10.0; Win64; x64) AppleWebKit/537.36 (KHTML, like Gecko) Chrome/104.0.0.0 Safari/537.36"

info: ::1 - - [13/Sep/2022:10:28:08 +0000] "GET /api-docs/swagger-ui.css HTTP/1.1" 304 - "-" "Mozilla/5.0 (Windows NT 10.0; Win64; x64) AppleWebKit/537.36 (KHTML, like Gecko) Chrome/104.0.0.0 Safari/537.36"

info: ::1 - - [13/Sep/2022:10:28:08 +0000] "GET /api-docs/swagger-ui-bundle.js HTTP/1.1" 304 - "-" "Mozilla/5.0 (Windows NT 10.0; Win64; x64) AppleWebKit/537.36 (KHTML, like Gecko) Chrome/104.0.0.0 Safari/537.36"

info: ::1 - - [13/Sep/2022:10:28:08 +0000] "GET /api-docs/swagger-ui-init.js HTTP/1.1" 304 - "-" "Mozilla/5.0 (Windows NT 10.0; Win64; x64) AppleWebKit/537.36 (KHTML, like Gecko) Chrome/104.0.0.0 Safari/537.36"

info: ::1 - - [13/Sep/2022:10:28:08 +0000] "GET /api-docs/swagger-ui-standalone-preset.js HTTP/1.1" 304 - "-" "Mozilla/5.0 (Windows NT 10.0; Win64; x64) AppleWebKit/537.36 (KHTML, like Gecko) Chrome/104.0.0.0 Safari/537.36"

info: ::1 - - [13/Sep/2022:10:28:08 +0000] "GET /api-docs/favicon-32x32.png HTTP/1.1" 304 - "-" "Mozilla/5.0 (Windows NT 10.0; Win64; x64) AppleWebKit/537.36 (KHTML, like Gecko) Chrome/104.0.0.0 Safari/537.36"

info: ::1 - - [13/Sep/2022:10:28:08 +0000] "GET /api-docs/favicon-32x32.png HTTP/1.1" 304 - "-" "Mozilla/5.0 (Windows NT 10.0; Win64; x64) AppleWebKit/537.36 (KHTML, like Gecko) Chrome/104.0.0.0 Safari/537.36"

info: ::1 - - [13/Sep/2022:10:28:17 +0000] "PUT /api/v1/to-do/%7Bid%7D HTTP/1.1" 500 136 "-" "Mozilla/5.0 (Windows NT 10.0; Win64; x64) AppleWebKit/537.36 (KHTML, like Gecko) Chrome/104.0.0.0 Safari/537.36"

info: ::1 - - [13/Sep/2022:10:39:41 +0000] "GET /api-docs/ HTTP/1.1" 304 - "-" "Mozilla/5.0 (Windows NT 10.0; Win64; x64) AppleWebKit/537.36 (KHTML, like Gecko) Chrome/104.0.0.0 Safari/537.36"

info: ::1 - - [13/Sep/2022:10:39:41 +0000] "GET /api-docs/swagger-ui.css HTTP/1.1" 304 - "-" "Mozilla/5.0 (Windows NT 10.0; Win64; x64) AppleWebKit/537.36 (KHTML, like Gecko) Chrome/104.0.0.0 Safari/537.36"

info: ::1 - - [13/Sep/2022:10:39:41 +0000] "GET /api-docs/swagger-ui-bundle.js HTTP/1.1" 304 - "-" "Mozilla/5.0 (Windows NT 10.0; Win64; x64) AppleWebKit/537.36 (KHTML, like Gecko) Chrome/104.0.0.0 Safari/537.36"

info: ::1 - - [13/Sep/2022:10:39:41 +0000] "GET /api-docs/swagger-ui-init.js HTTP/1.1" 304 - "-" "Mozilla/5.0 (Windows NT 10.0; Win64; x64) AppleWebKit/537.36 (KHTML, like Gecko) Chrome/104.0.0.0 Safari/537.36"

info: ::1 - - [13/Sep/2022:10:39:41 +0000] "GET /api-docs/swagger-ui-standalone-preset.js HTTP/1.1" 304 - "-" "Mozilla/5.0 (Windows NT 10.0; Win64; x64) AppleWebKit/537.36 (KHTML, like Gecko) Chrome/104.0.0.0 Safari/537.36"

info: ::1 - - [13/Sep/2022:10:39:41 +0000] "GET /api-docs/favicon-32x32.png HTTP/1.1" 304 - "-" "Mozilla/5.0 (Windows NT 10.0; Win64; x64) AppleWebKit/537.36 (KHTML, like Gecko) Chrome/104.0.0.0 Safari/537.36"

info: ::1 - - [13/Sep/2022:10:39:41 +0000] "GET /api-docs/favicon-32x32.png HTTP/1.1" 304 - "-" "Mozilla/5.0 (Windows NT 10.0; Win64; x64) AppleWebKit/537.36 (KHTML, like Gecko) Chrome/104.0.0.0 Safari/537.36"

info: ::1 - - [13/Sep/2022:10:40:28 +0000] "PUT /api/v1/to-do/%7Bid%7D HTTP/1.1" 500 137 "-" "Mozilla/5.0 (Windows NT 10.0; Win64; x64) AppleWebKit/537.36 (KHTML, like Gecko) Chrome/104.0.0.0 Safari/537.36"

info: ::1 - - [13/Sep/2022:10:45:59 +0000] "PUT /api/v1/to-do/%7Bid%7D HTTP/1.1" 500 137 "-" "Mozilla/5.0 (Windows NT 10.0; Win64; x64) AppleWebKit/537.36 (KHTML, like Gecko) Chrome/104.0.0.0 Safari/537.36"

info: ::1 - - [13/Sep/2022:10:46:20 +0000] "PUT /api/v1/to-do/%7Bid%7D HTTP/1.1" 500 137 "-" "Mozilla/5.0 (Windows NT 10.0; Win64; x64) AppleWebKit/537.36 (KHTML, like Gecko) Chrome/104.0.0.0 Safari/537.36"

info: ::1 - - [13/Sep/2022:10:53:12 +0000] "GET /api-docs/ HTTP/1.1" 304 - "-" "Mozilla/5.0 (Windows NT 10.0; Win64; x64) AppleWebKit/537.36 (KHTML, like Gecko) Chrome/104.0.0.0 Safari/537.36"

info: ::1 - - [13/Sep/2022:10:53:12 +0000] "GET /api-docs/swagger-ui.css HTTP/1.1" 304 - "-" "Mozilla/5.0 (Windows NT 10.0; Win64; x64) AppleWebKit/537.36 (KHTML, like Gecko) Chrome/104.0.0.0 Safari/537.36"

info: ::1 - - [13/Sep/2022:10:53:12 +0000] "GET /api-docs/swagger-ui-bundle.js HTTP/1.1" 304 - "-" "Mozilla/5.0 (Windows NT 10.0; Win64; x64) AppleWebKit/537.36 (KHTML, like Gecko) Chrome/104.0.0.0 Safari/537.36"

info: ::1 - - [13/Sep/2022:10:53:12 +0000] "GET /api-docs/swagger-ui-init.js HTTP/1.1" 200 4906 "-" "Mozilla/5.0 (Windows NT 10.0; Win64; x64) AppleWebKit/537.36 (KHTML, like Gecko) Chrome/104.0.0.0 Safari/537.36"

info: ::1 - - [13/Sep/2022:10:53:12 +0000] "GET /api-docs/swagger-ui-standalone-preset.js HTTP/1.1" 304 - "-" "Mozilla/5.0 (Windows NT 10.0; Win64; x64) AppleWebKit/537.36 (KHTML, like Gecko) Chrome/104.0.0.0 Safari/537.36"

info: ::1 - - [13/Sep/2022:10:53:13 +0000] "GET /api-docs/favicon-32x32.png HTTP/1.1" 304 - "-" "Mozilla/5.0 (Windows NT 10.0; Win64; x64) AppleWebKit/537.36 (KHTML, like Gecko) Chrome/104.0.0.0 Safari/537.36"

info: ::1 - - [13/Sep/2022:10:53:13 +0000] "GET /api-docs/favicon-32x32.png HTTP/1.1" 304 - "-" "Mozilla/5.0 (Windows NT 10.0; Win64; x64) AppleWebKit/537.36 (KHTML, like Gecko) Chrome/104.0.0.0 Safari/537.36"

info: ::1 - - [13/Sep/2022:10:53:21 +0000] "PUT /api/v1/to-do/%7Bid%7D HTTP/1.1" 500 137 "-" "Mozilla/5.0 (Windows NT 10.0; Win64; x64) AppleWebKit/537.36 (KHTML, like Gecko) Chrome/104.0.0.0 Safari/537.36"

info: ::ffff:127.0.0.1 - - [13/Sep/2022:10:57:49 +0000] "POST /api/v1/to-do HTTP/1.1" 201 240 "-" "node-superagent/3.8.3"

info: ::ffff:127.0.0.1 - - [13/Sep/2022:10:57:49 +0000] "GET /api/v1/to-do HTTP/1.1" 200 236 "-" "node-superagent/3.8.3"

info: ::ffff:127.0.0.1 - - [13/Sep/2022:10:57:49 +0000] "GET /api/v1/to-do/_id HTTP/1.1" 500 125 "-" "node-superagent/3.8.3"

error: uncaughtException: expected 500 to equal 200
AssertionError: expected 500 to equal 200
    at Test.<anonymous> (C:\Users\cparadise\ToDoApp\to-do\tests\integration\/user.test.js:63:40)
    at Test.assert (C:\Users\cparadise\ToDoApp\to-do\node_modules\supertest\lib\test.js:181:6)
    at Server.localAssert (C:\Users\cparadise\ToDoApp\to-do\node_modules\supertest\lib\test.js:131:12)
    at Object.onceWrapper (node:events:641:28)
    at Server.emit (node:events:527:28)
    at emitCloseNT (node:net:1728:8)
    at processTicksAndRejections (node:internal/process/task_queues:82:21) {"date":"Tue Sep 13 2022 16:27:50 GMT+0530 (India Standard Time)","error":{"actual":500,"expected":200,"message":"expected 500 to equal 200","name":"AssertionError","operator":"strictEqual","showDiff":true,"stack":"AssertionError: expected 500 to equal 200\n    at Test.<anonymous> (C:\\Users\\cparadise\\ToDoApp\\to-do\\tests\\integration\\/user.test.js:63:40)\n    at Test.assert (C:\\Users\\cparadise\\ToDoApp\\to-do\\node_modules\\supertest\\lib\\test.js:181:6)\n    at Server.localAssert (C:\\Users\\cparadise\\ToDoApp\\to-do\\node_modules\\supertest\\lib\\test.js:131:12)\n    at Object.onceWrapper (node:events:641:28)\n    at Server.emit (node:events:527:28)\n    at emitCloseNT (node:net:1728:8)\n    at processTicksAndRejections (node:internal/process/task_queues:82:21)"},"exception":true,"os":{"loadavg":[0,0,0],"uptime":614301},"process":{"argv":["C:\\Program Files\\nodejs\\node.exe","C:\\Users\\cparadise\\ToDoApp\\to-do\\node_modules\\mocha\\bin\\mocha","--exit","--recursive","--require","@babel/register","--timeout=5000","tests/**/*.js"],"cwd":"C:\\Users\\cparadise\\ToDoApp\\to-do","execPath":"C:\\Program Files\\nodejs\\node.exe","gid":null,"memoryUsage":{"arrayBuffers":18636484,"external":21778218,"heapTotal":125472768,"heapUsed":82561296,"rss":163102720},"pid":6728,"uid":null,"version":"v16.15.1"},"stack":"AssertionError: expected 500 to equal 200\n    at Test.<anonymous> (C:\\Users\\cparadise\\ToDoApp\\to-do\\tests\\integration\\/user.test.js:63:40)\n    at Test.assert (C:\\Users\\cparadise\\ToDoApp\\to-do\\node_modules\\supertest\\lib\\test.js:181:6)\n    at Server.localAssert (C:\\Users\\cparadise\\ToDoApp\\to-do\\node_modules\\supertest\\lib\\test.js:131:12)\n    at Object.onceWrapper (node:events:641:28)\n    at Server.emit (node:events:527:28)\n    at emitCloseNT (node:net:1728:8)\n    at processTicksAndRejections (node:internal/process/task_queues:82:21)","trace":[{"column":40,"file":"C:\\Users\\cparadise\\ToDoApp\\to-do\\tests\\integration\\/user.test.js","function":null,"line":63,"method":null,"native":false},{"column":6,"file":"C:\\Users\\cparadise\\ToDoApp\\to-do\\node_modules\\supertest\\lib\\test.js","function":"Test.assert","line":181,"method":"assert","native":false},{"column":12,"file":"C:\\Users\\cparadise\\ToDoApp\\to-do\\node_modules\\supertest\\lib\\test.js","function":"Server.localAssert","line":131,"method":"localAssert","native":false},{"column":28,"file":"node:events","function":"Object.onceWrapper","line":641,"method":"onceWrapper","native":false},{"column":28,"file":"node:events","function":"Server.emit","line":527,"method":"emit","native":false},{"column":8,"file":"node:net","function":"emitCloseNT","line":1728,"method":null,"native":false},{"column":21,"file":"node:internal/process/task_queues","function":"processTicksAndRejections","line":82,"method":null,"native":false}]}
info: ::ffff:127.0.0.1 - - [13/Sep/2022:11:01:58 +0000] "POST /api/v1/to-do HTTP/1.1" 201 240 "-" "node-superagent/3.8.3"

info: ::ffff:127.0.0.1 - - [13/Sep/2022:11:01:58 +0000] "GET /api/v1/to-do HTTP/1.1" 200 236 "-" "node-superagent/3.8.3"

info: ::ffff:127.0.0.1 - - [13/Sep/2022:11:01:58 +0000] "GET /api/v1/to-do/_id HTTP/1.1" 500 125 "-" "node-superagent/3.8.3"

error: uncaughtException: expected 500 to equal 200
AssertionError: expected 500 to equal 200
    at Test.<anonymous> (C:\Users\cparadise\ToDoApp\to-do\tests\integration\/user.test.js:63:40)
    at Test.assert (C:\Users\cparadise\ToDoApp\to-do\node_modules\supertest\lib\test.js:181:6)
    at Server.localAssert (C:\Users\cparadise\ToDoApp\to-do\node_modules\supertest\lib\test.js:131:12)
    at Object.onceWrapper (node:events:641:28)
    at Server.emit (node:events:527:28)
    at emitCloseNT (node:net:1728:8)
    at processTicksAndRejections (node:internal/process/task_queues:82:21) {"date":"Tue Sep 13 2022 16:31:58 GMT+0530 (India Standard Time)","error":{"actual":500,"expected":200,"message":"expected 500 to equal 200","name":"AssertionError","operator":"strictEqual","showDiff":true,"stack":"AssertionError: expected 500 to equal 200\n    at Test.<anonymous> (C:\\Users\\cparadise\\ToDoApp\\to-do\\tests\\integration\\/user.test.js:63:40)\n    at Test.assert (C:\\Users\\cparadise\\ToDoApp\\to-do\\node_modules\\supertest\\lib\\test.js:181:6)\n    at Server.localAssert (C:\\Users\\cparadise\\ToDoApp\\to-do\\node_modules\\supertest\\lib\\test.js:131:12)\n    at Object.onceWrapper (node:events:641:28)\n    at Server.emit (node:events:527:28)\n    at emitCloseNT (node:net:1728:8)\n    at processTicksAndRejections (node:internal/process/task_queues:82:21)"},"exception":true,"os":{"loadavg":[0,0,0],"uptime":614549},"process":{"argv":["C:\\Program Files\\nodejs\\node.exe","C:\\Users\\cparadise\\ToDoApp\\to-do\\node_modules\\mocha\\bin\\mocha","--exit","--recursive","--require","@babel/register","--timeout=5000","tests/**/*.js"],"cwd":"C:\\Users\\cparadise\\ToDoApp\\to-do","execPath":"C:\\Program Files\\nodejs\\node.exe","gid":null,"memoryUsage":{"arrayBuffers":18636484,"external":21538881,"heapTotal":129667072,"heapUsed":80692360,"rss":166125568},"pid":11580,"uid":null,"version":"v16.15.1"},"stack":"AssertionError: expected 500 to equal 200\n    at Test.<anonymous> (C:\\Users\\cparadise\\ToDoApp\\to-do\\tests\\integration\\/user.test.js:63:40)\n    at Test.assert (C:\\Users\\cparadise\\ToDoApp\\to-do\\node_modules\\supertest\\lib\\test.js:181:6)\n    at Server.localAssert (C:\\Users\\cparadise\\ToDoApp\\to-do\\node_modules\\supertest\\lib\\test.js:131:12)\n    at Object.onceWrapper (node:events:641:28)\n    at Server.emit (node:events:527:28)\n    at emitCloseNT (node:net:1728:8)\n    at processTicksAndRejections (node:internal/process/task_queues:82:21)","trace":[{"column":40,"file":"C:\\Users\\cparadise\\ToDoApp\\to-do\\tests\\integration\\/user.test.js","function":null,"line":63,"method":null,"native":false},{"column":6,"file":"C:\\Users\\cparadise\\ToDoApp\\to-do\\node_modules\\supertest\\lib\\test.js","function":"Test.assert","line":181,"method":"assert","native":false},{"column":12,"file":"C:\\Users\\cparadise\\ToDoApp\\to-do\\node_modules\\supertest\\lib\\test.js","function":"Server.localAssert","line":131,"method":"localAssert","native":false},{"column":28,"file":"node:events","function":"Object.onceWrapper","line":641,"method":"onceWrapper","native":false},{"column":28,"file":"node:events","function":"Server.emit","line":527,"method":"emit","native":false},{"column":8,"file":"node:net","function":"emitCloseNT","line":1728,"method":null,"native":false},{"column":21,"file":"node:internal/process/task_queues","function":"processTicksAndRejections","line":82,"method":null,"native":false}]}
info: ::ffff:127.0.0.1 - - [13/Sep/2022:11:03:56 +0000] "POST /api/v1/to-do HTTP/1.1" 201 240 "-" "node-superagent/3.8.3"

info: ::ffff:127.0.0.1 - - [13/Sep/2022:11:03:56 +0000] "GET /api/v1/to-do HTTP/1.1" 200 236 "-" "node-superagent/3.8.3"

info: ::ffff:127.0.0.1 - - [13/Sep/2022:11:03:56 +0000] "GET /api/v1/to-do/_id HTTP/1.1" 500 125 "-" "node-superagent/3.8.3"

error: uncaughtException: expected 500 to equal 200
AssertionError: expected 500 to equal 200
    at Test.<anonymous> (C:\Users\cparadise\ToDoApp\to-do\tests\integration\/user.test.js:63:40)
    at Test.assert (C:\Users\cparadise\ToDoApp\to-do\node_modules\supertest\lib\test.js:181:6)
    at Server.localAssert (C:\Users\cparadise\ToDoApp\to-do\node_modules\supertest\lib\test.js:131:12)
    at Object.onceWrapper (node:events:641:28)
    at Server.emit (node:events:527:28)
    at emitCloseNT (node:net:1728:8)
    at processTicksAndRejections (node:internal/process/task_queues:82:21) {"date":"Tue Sep 13 2022 16:33:56 GMT+0530 (India Standard Time)","error":{"actual":500,"expected":200,"message":"expected 500 to equal 200","name":"AssertionError","operator":"strictEqual","showDiff":true,"stack":"AssertionError: expected 500 to equal 200\n    at Test.<anonymous> (C:\\Users\\cparadise\\ToDoApp\\to-do\\tests\\integration\\/user.test.js:63:40)\n    at Test.assert (C:\\Users\\cparadise\\ToDoApp\\to-do\\node_modules\\supertest\\lib\\test.js:181:6)\n    at Server.localAssert (C:\\Users\\cparadise\\ToDoApp\\to-do\\node_modules\\supertest\\lib\\test.js:131:12)\n    at Object.onceWrapper (node:events:641:28)\n    at Server.emit (node:events:527:28)\n    at emitCloseNT (node:net:1728:8)\n    at processTicksAndRejections (node:internal/process/task_queues:82:21)"},"exception":true,"os":{"loadavg":[0,0,0],"uptime":614667},"process":{"argv":["C:\\Program Files\\nodejs\\node.exe","C:\\Users\\cparadise\\ToDoApp\\to-do\\node_modules\\mocha\\bin\\mocha","--exit","--recursive","--require","@babel/register","--timeout=5000","tests/**/*.js"],"cwd":"C:\\Users\\cparadise\\ToDoApp\\to-do","execPath":"C:\\Program Files\\nodejs\\node.exe","gid":null,"memoryUsage":{"arrayBuffers":19390336,"external":21176825,"heapTotal":134533120,"heapUsed":111727576,"rss":171233280},"pid":13164,"uid":null,"version":"v16.15.1"},"stack":"AssertionError: expected 500 to equal 200\n    at Test.<anonymous> (C:\\Users\\cparadise\\ToDoApp\\to-do\\tests\\integration\\/user.test.js:63:40)\n    at Test.assert (C:\\Users\\cparadise\\ToDoApp\\to-do\\node_modules\\supertest\\lib\\test.js:181:6)\n    at Server.localAssert (C:\\Users\\cparadise\\ToDoApp\\to-do\\node_modules\\supertest\\lib\\test.js:131:12)\n    at Object.onceWrapper (node:events:641:28)\n    at Server.emit (node:events:527:28)\n    at emitCloseNT (node:net:1728:8)\n    at processTicksAndRejections (node:internal/process/task_queues:82:21)","trace":[{"column":40,"file":"C:\\Users\\cparadise\\ToDoApp\\to-do\\tests\\integration\\/user.test.js","function":null,"line":63,"method":null,"native":false},{"column":6,"file":"C:\\Users\\cparadise\\ToDoApp\\to-do\\node_modules\\supertest\\lib\\test.js","function":"Test.assert","line":181,"method":"assert","native":false},{"column":12,"file":"C:\\Users\\cparadise\\ToDoApp\\to-do\\node_modules\\supertest\\lib\\test.js","function":"Server.localAssert","line":131,"method":"localAssert","native":false},{"column":28,"file":"node:events","function":"Object.onceWrapper","line":641,"method":"onceWrapper","native":false},{"column":28,"file":"node:events","function":"Server.emit","line":527,"method":"emit","native":false},{"column":8,"file":"node:net","function":"emitCloseNT","line":1728,"method":null,"native":false},{"column":21,"file":"node:internal/process/task_queues","function":"processTicksAndRejections","line":82,"method":null,"native":false}]}
info: ::ffff:127.0.0.1 - - [13/Sep/2022:11:04:21 +0000] "POST /api/v1/to-do HTTP/1.1" 201 240 "-" "node-superagent/3.8.3"

info: ::ffff:127.0.0.1 - - [13/Sep/2022:11:04:22 +0000] "GET /api/v1/to-do HTTP/1.1" 200 236 "-" "node-superagent/3.8.3"

info: ::ffff:127.0.0.1 - - [13/Sep/2022:11:04:22 +0000] "GET /api/v1/to-do/_id HTTP/1.1" 500 125 "-" "node-superagent/3.8.3"

error: uncaughtException: expected 500 to equal 200
AssertionError: expected 500 to equal 200
    at Test.<anonymous> (C:\Users\cparadise\ToDoApp\to-do\tests\integration\/user.test.js:63:40)
    at Test.assert (C:\Users\cparadise\ToDoApp\to-do\node_modules\supertest\lib\test.js:181:6)
    at Server.localAssert (C:\Users\cparadise\ToDoApp\to-do\node_modules\supertest\lib\test.js:131:12)
    at Object.onceWrapper (node:events:641:28)
    at Server.emit (node:events:527:28)
    at emitCloseNT (node:net:1728:8)
    at processTicksAndRejections (node:internal/process/task_queues:82:21) {"date":"Tue Sep 13 2022 16:34:22 GMT+0530 (India Standard Time)","error":{"actual":500,"expected":200,"message":"expected 500 to equal 200","name":"AssertionError","operator":"strictEqual","showDiff":true,"stack":"AssertionError: expected 500 to equal 200\n    at Test.<anonymous> (C:\\Users\\cparadise\\ToDoApp\\to-do\\tests\\integration\\/user.test.js:63:40)\n    at Test.assert (C:\\Users\\cparadise\\ToDoApp\\to-do\\node_modules\\supertest\\lib\\test.js:181:6)\n    at Server.localAssert (C:\\Users\\cparadise\\ToDoApp\\to-do\\node_modules\\supertest\\lib\\test.js:131:12)\n    at Object.onceWrapper (node:events:641:28)\n    at Server.emit (node:events:527:28)\n    at emitCloseNT (node:net:1728:8)\n    at processTicksAndRejections (node:internal/process/task_queues:82:21)"},"exception":true,"os":{"loadavg":[0,0,0],"uptime":614692},"process":{"argv":["C:\\Program Files\\nodejs\\node.exe","C:\\Users\\cparadise\\ToDoApp\\to-do\\node_modules\\mocha\\bin\\mocha","--exit","--recursive","--require","@babel/register","--timeout=5000","tests/**/*.js"],"cwd":"C:\\Users\\cparadise\\ToDoApp\\to-do","execPath":"C:\\Program Files\\nodejs\\node.exe","gid":null,"memoryUsage":{"arrayBuffers":18644676,"external":21142378,"heapTotal":134926336,"heapUsed":103696304,"rss":171020288},"pid":14928,"uid":null,"version":"v16.15.1"},"stack":"AssertionError: expected 500 to equal 200\n    at Test.<anonymous> (C:\\Users\\cparadise\\ToDoApp\\to-do\\tests\\integration\\/user.test.js:63:40)\n    at Test.assert (C:\\Users\\cparadise\\ToDoApp\\to-do\\node_modules\\supertest\\lib\\test.js:181:6)\n    at Server.localAssert (C:\\Users\\cparadise\\ToDoApp\\to-do\\node_modules\\supertest\\lib\\test.js:131:12)\n    at Object.onceWrapper (node:events:641:28)\n    at Server.emit (node:events:527:28)\n    at emitCloseNT (node:net:1728:8)\n    at processTicksAndRejections (node:internal/process/task_queues:82:21)","trace":[{"column":40,"file":"C:\\Users\\cparadise\\ToDoApp\\to-do\\tests\\integration\\/user.test.js","function":null,"line":63,"method":null,"native":false},{"column":6,"file":"C:\\Users\\cparadise\\ToDoApp\\to-do\\node_modules\\supertest\\lib\\test.js","function":"Test.assert","line":181,"method":"assert","native":false},{"column":12,"file":"C:\\Users\\cparadise\\ToDoApp\\to-do\\node_modules\\supertest\\lib\\test.js","function":"Server.localAssert","line":131,"method":"localAssert","native":false},{"column":28,"file":"node:events","function":"Object.onceWrapper","line":641,"method":"onceWrapper","native":false},{"column":28,"file":"node:events","function":"Server.emit","line":527,"method":"emit","native":false},{"column":8,"file":"node:net","function":"emitCloseNT","line":1728,"method":null,"native":false},{"column":21,"file":"node:internal/process/task_queues","function":"processTicksAndRejections","line":82,"method":null,"native":false}]}
info: ::ffff:127.0.0.1 - - [13/Sep/2022:11:25:33 +0000] "POST /api/v1/to-do HTTP/1.1" 201 240 "-" "node-superagent/3.8.3"

info: ::ffff:127.0.0.1 - - [13/Sep/2022:11:25:33 +0000] "GET /api/v1/to-do HTTP/1.1" 200 236 "-" "node-superagent/3.8.3"

info: ::ffff:127.0.0.1 - - [13/Sep/2022:11:25:33 +0000] "GET /api/v1/to-do/id HTTP/1.1" 500 124 "-" "node-superagent/3.8.3"

error: uncaughtException: expected 500 to equal 200
AssertionError: expected 500 to equal 200
    at Test.<anonymous> (C:\Users\cparadise\ToDoApp\to-do\tests\integration\/user.test.js:63:40)
    at Test.assert (C:\Users\cparadise\ToDoApp\to-do\node_modules\supertest\lib\test.js:181:6)
    at Server.localAssert (C:\Users\cparadise\ToDoApp\to-do\node_modules\supertest\lib\test.js:131:12)
    at Object.onceWrapper (node:events:641:28)
    at Server.emit (node:events:527:28)
    at emitCloseNT (node:net:1728:8)
    at processTicksAndRejections (node:internal/process/task_queues:82:21) {"date":"Tue Sep 13 2022 16:55:33 GMT+0530 (India Standard Time)","error":{"actual":500,"expected":200,"message":"expected 500 to equal 200","name":"AssertionError","operator":"strictEqual","showDiff":true,"stack":"AssertionError: expected 500 to equal 200\n    at Test.<anonymous> (C:\\Users\\cparadise\\ToDoApp\\to-do\\tests\\integration\\/user.test.js:63:40)\n    at Test.assert (C:\\Users\\cparadise\\ToDoApp\\to-do\\node_modules\\supertest\\lib\\test.js:181:6)\n    at Server.localAssert (C:\\Users\\cparadise\\ToDoApp\\to-do\\node_modules\\supertest\\lib\\test.js:131:12)\n    at Object.onceWrapper (node:events:641:28)\n    at Server.emit (node:events:527:28)\n    at emitCloseNT (node:net:1728:8)\n    at processTicksAndRejections (node:internal/process/task_queues:82:21)"},"exception":true,"os":{"loadavg":[0,0,0],"uptime":615964},"process":{"argv":["C:\\Program Files\\nodejs\\node.exe","C:\\Users\\cparadise\\ToDoApp\\to-do\\node_modules\\mocha\\bin\\mocha","--exit","--recursive","--require","@babel/register","--timeout=5000","tests/**/*.js"],"cwd":"C:\\Users\\cparadise\\ToDoApp\\to-do","execPath":"C:\\Program Files\\nodejs\\node.exe","gid":null,"memoryUsage":{"arrayBuffers":18636483,"external":19623426,"heapTotal":128094208,"heapUsed":80809184,"rss":165216256},"pid":10004,"uid":null,"version":"v16.15.1"},"stack":"AssertionError: expected 500 to equal 200\n    at Test.<anonymous> (C:\\Users\\cparadise\\ToDoApp\\to-do\\tests\\integration\\/user.test.js:63:40)\n    at Test.assert (C:\\Users\\cparadise\\ToDoApp\\to-do\\node_modules\\supertest\\lib\\test.js:181:6)\n    at Server.localAssert (C:\\Users\\cparadise\\ToDoApp\\to-do\\node_modules\\supertest\\lib\\test.js:131:12)\n    at Object.onceWrapper (node:events:641:28)\n    at Server.emit (node:events:527:28)\n    at emitCloseNT (node:net:1728:8)\n    at processTicksAndRejections (node:internal/process/task_queues:82:21)","trace":[{"column":40,"file":"C:\\Users\\cparadise\\ToDoApp\\to-do\\tests\\integration\\/user.test.js","function":null,"line":63,"method":null,"native":false},{"column":6,"file":"C:\\Users\\cparadise\\ToDoApp\\to-do\\node_modules\\supertest\\lib\\test.js","function":"Test.assert","line":181,"method":"assert","native":false},{"column":12,"file":"C:\\Users\\cparadise\\ToDoApp\\to-do\\node_modules\\supertest\\lib\\test.js","function":"Server.localAssert","line":131,"method":"localAssert","native":false},{"column":28,"file":"node:events","function":"Object.onceWrapper","line":641,"method":"onceWrapper","native":false},{"column":28,"file":"node:events","function":"Server.emit","line":527,"method":"emit","native":false},{"column":8,"file":"node:net","function":"emitCloseNT","line":1728,"method":null,"native":false},{"column":21,"file":"node:internal/process/task_queues","function":"processTicksAndRejections","line":82,"method":null,"native":false}]}
info: ::ffff:127.0.0.1 - - [13/Sep/2022:11:27:29 +0000] "POST /api/v1/to-do HTTP/1.1" 201 240 "-" "node-superagent/3.8.3"

info: ::ffff:127.0.0.1 - - [13/Sep/2022:11:27:30 +0000] "GET /api/v1/to-do HTTP/1.1" 200 236 "-" "node-superagent/3.8.3"

info: ::ffff:127.0.0.1 - - [13/Sep/2022:11:27:30 +0000] "GET /api/v1/to-do/id HTTP/1.1" 500 124 "-" "node-superagent/3.8.3"

error: uncaughtException: expected 500 to equal 200
AssertionError: expected 500 to equal 200
    at Test.<anonymous> (C:\Users\cparadise\ToDoApp\to-do\tests\integration\/user.test.js:63:40)
    at Test.assert (C:\Users\cparadise\ToDoApp\to-do\node_modules\supertest\lib\test.js:181:6)
    at Server.localAssert (C:\Users\cparadise\ToDoApp\to-do\node_modules\supertest\lib\test.js:131:12)
    at Object.onceWrapper (node:events:641:28)
    at Server.emit (node:events:527:28)
    at emitCloseNT (node:net:1728:8)
    at processTicksAndRejections (node:internal/process/task_queues:82:21) {"date":"Tue Sep 13 2022 16:57:30 GMT+0530 (India Standard Time)","error":{"actual":500,"expected":200,"message":"expected 500 to equal 200","name":"AssertionError","operator":"strictEqual","showDiff":true,"stack":"AssertionError: expected 500 to equal 200\n    at Test.<anonymous> (C:\\Users\\cparadise\\ToDoApp\\to-do\\tests\\integration\\/user.test.js:63:40)\n    at Test.assert (C:\\Users\\cparadise\\ToDoApp\\to-do\\node_modules\\supertest\\lib\\test.js:181:6)\n    at Server.localAssert (C:\\Users\\cparadise\\ToDoApp\\to-do\\node_modules\\supertest\\lib\\test.js:131:12)\n    at Object.onceWrapper (node:events:641:28)\n    at Server.emit (node:events:527:28)\n    at emitCloseNT (node:net:1728:8)\n    at processTicksAndRejections (node:internal/process/task_queues:82:21)"},"exception":true,"os":{"loadavg":[0,0,0],"uptime":616081},"process":{"argv":["C:\\Program Files\\nodejs\\node.exe","C:\\Users\\cparadise\\ToDoApp\\to-do\\node_modules\\mocha\\bin\\mocha","--exit","--recursive","--require","@babel/register","--timeout=5000","tests/**/*.js"],"cwd":"C:\\Users\\cparadise\\ToDoApp\\to-do","execPath":"C:\\Program Files\\nodejs\\node.exe","gid":null,"memoryUsage":{"arrayBuffers":18636798,"external":21539200,"heapTotal":129667072,"heapUsed":80764376,"rss":166862848},"pid":7028,"uid":null,"version":"v16.15.1"},"stack":"AssertionError: expected 500 to equal 200\n    at Test.<anonymous> (C:\\Users\\cparadise\\ToDoApp\\to-do\\tests\\integration\\/user.test.js:63:40)\n    at Test.assert (C:\\Users\\cparadise\\ToDoApp\\to-do\\node_modules\\supertest\\lib\\test.js:181:6)\n    at Server.localAssert (C:\\Users\\cparadise\\ToDoApp\\to-do\\node_modules\\supertest\\lib\\test.js:131:12)\n    at Object.onceWrapper (node:events:641:28)\n    at Server.emit (node:events:527:28)\n    at emitCloseNT (node:net:1728:8)\n    at processTicksAndRejections (node:internal/process/task_queues:82:21)","trace":[{"column":40,"file":"C:\\Users\\cparadise\\ToDoApp\\to-do\\tests\\integration\\/user.test.js","function":null,"line":63,"method":null,"native":false},{"column":6,"file":"C:\\Users\\cparadise\\ToDoApp\\to-do\\node_modules\\supertest\\lib\\test.js","function":"Test.assert","line":181,"method":"assert","native":false},{"column":12,"file":"C:\\Users\\cparadise\\ToDoApp\\to-do\\node_modules\\supertest\\lib\\test.js","function":"Server.localAssert","line":131,"method":"localAssert","native":false},{"column":28,"file":"node:events","function":"Object.onceWrapper","line":641,"method":"onceWrapper","native":false},{"column":28,"file":"node:events","function":"Server.emit","line":527,"method":"emit","native":false},{"column":8,"file":"node:net","function":"emitCloseNT","line":1728,"method":null,"native":false},{"column":21,"file":"node:internal/process/task_queues","function":"processTicksAndRejections","line":82,"method":null,"native":false}]}
info: ::ffff:127.0.0.1 - - [13/Sep/2022:12:46:51 +0000] "POST /api/v1/to-do HTTP/1.1" 201 240 "-" "node-superagent/3.8.3"

info: ::ffff:127.0.0.1 - - [13/Sep/2022:12:46:51 +0000] "GET /api/v1/to-do HTTP/1.1" 200 236 "-" "node-superagent/3.8.3"

info: ::ffff:127.0.0.1 - - [13/Sep/2022:12:46:51 +0000] "GET /api/v1/to-do/id HTTP/1.1" 500 124 "-" "node-superagent/3.8.3"

error: uncaughtException: expected 500 to equal 200
AssertionError: expected 500 to equal 200
    at Test.<anonymous> (C:\Users\cparadise\ToDoApp\to-do\tests\integration\/user.test.js:63:40)
    at Test.assert (C:\Users\cparadise\ToDoApp\to-do\node_modules\supertest\lib\test.js:181:6)
    at Server.localAssert (C:\Users\cparadise\ToDoApp\to-do\node_modules\supertest\lib\test.js:131:12)
    at Object.onceWrapper (node:events:641:28)
    at Server.emit (node:events:527:28)
    at emitCloseNT (node:net:1728:8)
    at processTicksAndRejections (node:internal/process/task_queues:82:21) {"date":"Tue Sep 13 2022 18:16:51 GMT+0530 (India Standard Time)","error":{"actual":500,"expected":200,"message":"expected 500 to equal 200","name":"AssertionError","operator":"strictEqual","showDiff":true,"stack":"AssertionError: expected 500 to equal 200\n    at Test.<anonymous> (C:\\Users\\cparadise\\ToDoApp\\to-do\\tests\\integration\\/user.test.js:63:40)\n    at Test.assert (C:\\Users\\cparadise\\ToDoApp\\to-do\\node_modules\\supertest\\lib\\test.js:181:6)\n    at Server.localAssert (C:\\Users\\cparadise\\ToDoApp\\to-do\\node_modules\\supertest\\lib\\test.js:131:12)\n    at Object.onceWrapper (node:events:641:28)\n    at Server.emit (node:events:527:28)\n    at emitCloseNT (node:net:1728:8)\n    at processTicksAndRejections (node:internal/process/task_queues:82:21)"},"exception":true,"os":{"loadavg":[0,0,0],"uptime":620842},"process":{"argv":["C:\\Program Files\\nodejs\\node.exe","C:\\Users\\cparadise\\ToDoApp\\to-do\\node_modules\\mocha\\bin\\mocha","--exit","--recursive","--require","@babel/register","--timeout=5000","tests/**/*.js"],"cwd":"C:\\Users\\cparadise\\ToDoApp\\to-do","execPath":"C:\\Program Files\\nodejs\\node.exe","gid":null,"memoryUsage":{"arrayBuffers":19049085,"external":21538595,"heapTotal":137699328,"heapUsed":107754328,"rss":173436928},"pid":2152,"uid":null,"version":"v16.15.1"},"stack":"AssertionError: expected 500 to equal 200\n    at Test.<anonymous> (C:\\Users\\cparadise\\ToDoApp\\to-do\\tests\\integration\\/user.test.js:63:40)\n    at Test.assert (C:\\Users\\cparadise\\ToDoApp\\to-do\\node_modules\\supertest\\lib\\test.js:181:6)\n    at Server.localAssert (C:\\Users\\cparadise\\ToDoApp\\to-do\\node_modules\\supertest\\lib\\test.js:131:12)\n    at Object.onceWrapper (node:events:641:28)\n    at Server.emit (node:events:527:28)\n    at emitCloseNT (node:net:1728:8)\n    at processTicksAndRejections (node:internal/process/task_queues:82:21)","trace":[{"column":40,"file":"C:\\Users\\cparadise\\ToDoApp\\to-do\\tests\\integration\\/user.test.js","function":null,"line":63,"method":null,"native":false},{"column":6,"file":"C:\\Users\\cparadise\\ToDoApp\\to-do\\node_modules\\supertest\\lib\\test.js","function":"Test.assert","line":181,"method":"assert","native":false},{"column":12,"file":"C:\\Users\\cparadise\\ToDoApp\\to-do\\node_modules\\supertest\\lib\\test.js","function":"Server.localAssert","line":131,"method":"localAssert","native":false},{"column":28,"file":"node:events","function":"Object.onceWrapper","line":641,"method":"onceWrapper","native":false},{"column":28,"file":"node:events","function":"Server.emit","line":527,"method":"emit","native":false},{"column":8,"file":"node:net","function":"emitCloseNT","line":1728,"method":null,"native":false},{"column":21,"file":"node:internal/process/task_queues","function":"processTicksAndRejections","line":82,"method":null,"native":false}]}
info: ::ffff:127.0.0.1 - - [13/Sep/2022:12:52:24 +0000] "POST /api/v1/to-do HTTP/1.1" 201 240 "-" "node-superagent/3.8.3"

info: ::ffff:127.0.0.1 - - [13/Sep/2022:12:52:24 +0000] "GET /api/v1/to-do HTTP/1.1" 200 236 "-" "node-superagent/3.8.3"

info: ::ffff:127.0.0.1 - - [13/Sep/2022:12:52:24 +0000] "GET /api/v1/to-do/_id HTTP/1.1" 500 125 "-" "node-superagent/3.8.3"

error: uncaughtException: expected 500 to equal 200
AssertionError: expected 500 to equal 200
    at Test.<anonymous> (C:\Users\cparadise\ToDoApp\to-do\tests\integration\/user.test.js:63:40)
    at Test.assert (C:\Users\cparadise\ToDoApp\to-do\node_modules\supertest\lib\test.js:181:6)
    at Server.localAssert (C:\Users\cparadise\ToDoApp\to-do\node_modules\supertest\lib\test.js:131:12)
    at Object.onceWrapper (node:events:641:28)
    at Server.emit (node:events:527:28)
    at emitCloseNT (node:net:1728:8)
    at processTicksAndRejections (node:internal/process/task_queues:82:21) {"date":"Tue Sep 13 2022 18:22:24 GMT+0530 (India Standard Time)","error":{"actual":500,"expected":200,"message":"expected 500 to equal 200","name":"AssertionError","operator":"strictEqual","showDiff":true,"stack":"AssertionError: expected 500 to equal 200\n    at Test.<anonymous> (C:\\Users\\cparadise\\ToDoApp\\to-do\\tests\\integration\\/user.test.js:63:40)\n    at Test.assert (C:\\Users\\cparadise\\ToDoApp\\to-do\\node_modules\\supertest\\lib\\test.js:181:6)\n    at Server.localAssert (C:\\Users\\cparadise\\ToDoApp\\to-do\\node_modules\\supertest\\lib\\test.js:131:12)\n    at Object.onceWrapper (node:events:641:28)\n    at Server.emit (node:events:527:28)\n    at emitCloseNT (node:net:1728:8)\n    at processTicksAndRejections (node:internal/process/task_queues:82:21)"},"exception":true,"os":{"loadavg":[0,0,0],"uptime":621175},"process":{"argv":["C:\\Program Files\\nodejs\\node.exe","C:\\Users\\cparadise\\ToDoApp\\to-do\\node_modules\\mocha\\bin\\mocha","--exit","--recursive","--require","@babel/register","--timeout=5000","tests/**/*.js"],"cwd":"C:\\Users\\cparadise\\ToDoApp\\to-do","execPath":"C:\\Program Files\\nodejs\\node.exe","gid":null,"memoryUsage":{"arrayBuffers":18636484,"external":21538896,"heapTotal":127045632,"heapUsed":80770248,"rss":163995648},"pid":6008,"uid":null,"version":"v16.15.1"},"stack":"AssertionError: expected 500 to equal 200\n    at Test.<anonymous> (C:\\Users\\cparadise\\ToDoApp\\to-do\\tests\\integration\\/user.test.js:63:40)\n    at Test.assert (C:\\Users\\cparadise\\ToDoApp\\to-do\\node_modules\\supertest\\lib\\test.js:181:6)\n    at Server.localAssert (C:\\Users\\cparadise\\ToDoApp\\to-do\\node_modules\\supertest\\lib\\test.js:131:12)\n    at Object.onceWrapper (node:events:641:28)\n    at Server.emit (node:events:527:28)\n    at emitCloseNT (node:net:1728:8)\n    at processTicksAndRejections (node:internal/process/task_queues:82:21)","trace":[{"column":40,"file":"C:\\Users\\cparadise\\ToDoApp\\to-do\\tests\\integration\\/user.test.js","function":null,"line":63,"method":null,"native":false},{"column":6,"file":"C:\\Users\\cparadise\\ToDoApp\\to-do\\node_modules\\supertest\\lib\\test.js","function":"Test.assert","line":181,"method":"assert","native":false},{"column":12,"file":"C:\\Users\\cparadise\\ToDoApp\\to-do\\node_modules\\supertest\\lib\\test.js","function":"Server.localAssert","line":131,"method":"localAssert","native":false},{"column":28,"file":"node:events","function":"Object.onceWrapper","line":641,"method":"onceWrapper","native":false},{"column":28,"file":"node:events","function":"Server.emit","line":527,"method":"emit","native":false},{"column":8,"file":"node:net","function":"emitCloseNT","line":1728,"method":null,"native":false},{"column":21,"file":"node:internal/process/task_queues","function":"processTicksAndRejections","line":82,"method":null,"native":false}]}
info: ::ffff:127.0.0.1 - - [13/Sep/2022:12:56:25 +0000] "POST /api/v1/to-do HTTP/1.1" 201 240 "-" "node-superagent/3.8.3"

info: ::ffff:127.0.0.1 - - [13/Sep/2022:12:56:25 +0000] "GET /api/v1/to-do HTTP/1.1" 200 236 "-" "node-superagent/3.8.3"

info: ::ffff:127.0.0.1 - - [13/Sep/2022:12:56:25 +0000] "GET /api/v1/to-do/$%7Bid%7D HTTP/1.1" 500 127 "-" "node-superagent/3.8.3"

error: uncaughtException: expected 500 to equal 200
AssertionError: expected 500 to equal 200
    at Test.<anonymous> (C:\Users\cparadise\ToDoApp\to-do\tests\integration\/user.test.js:63:40)
    at Test.assert (C:\Users\cparadise\ToDoApp\to-do\node_modules\supertest\lib\test.js:181:6)
    at Server.localAssert (C:\Users\cparadise\ToDoApp\to-do\node_modules\supertest\lib\test.js:131:12)
    at Object.onceWrapper (node:events:641:28)
    at Server.emit (node:events:527:28)
    at emitCloseNT (node:net:1728:8)
    at processTicksAndRejections (node:internal/process/task_queues:82:21) {"date":"Tue Sep 13 2022 18:26:25 GMT+0530 (India Standard Time)","error":{"actual":500,"expected":200,"message":"expected 500 to equal 200","name":"AssertionError","operator":"strictEqual","showDiff":true,"stack":"AssertionError: expected 500 to equal 200\n    at Test.<anonymous> (C:\\Users\\cparadise\\ToDoApp\\to-do\\tests\\integration\\/user.test.js:63:40)\n    at Test.assert (C:\\Users\\cparadise\\ToDoApp\\to-do\\node_modules\\supertest\\lib\\test.js:181:6)\n    at Server.localAssert (C:\\Users\\cparadise\\ToDoApp\\to-do\\node_modules\\supertest\\lib\\test.js:131:12)\n    at Object.onceWrapper (node:events:641:28)\n    at Server.emit (node:events:527:28)\n    at emitCloseNT (node:net:1728:8)\n    at processTicksAndRejections (node:internal/process/task_queues:82:21)"},"exception":true,"os":{"loadavg":[0,0,0],"uptime":621416},"process":{"argv":["C:\\Program Files\\nodejs\\node.exe","C:\\Users\\cparadise\\ToDoApp\\to-do\\node_modules\\mocha\\bin\\mocha","--exit","--recursive","--require","@babel/register","--timeout=5000","tests/**/*.js"],"cwd":"C:\\Users\\cparadise\\ToDoApp\\to-do","execPath":"C:\\Program Files\\nodejs\\node.exe","gid":null,"memoryUsage":{"arrayBuffers":19757204,"external":21574137,"heapTotal":135725056,"heapUsed":112830848,"rss":172105728},"pid":2972,"uid":null,"version":"v16.15.1"},"stack":"AssertionError: expected 500 to equal 200\n    at Test.<anonymous> (C:\\Users\\cparadise\\ToDoApp\\to-do\\tests\\integration\\/user.test.js:63:40)\n    at Test.assert (C:\\Users\\cparadise\\ToDoApp\\to-do\\node_modules\\supertest\\lib\\test.js:181:6)\n    at Server.localAssert (C:\\Users\\cparadise\\ToDoApp\\to-do\\node_modules\\supertest\\lib\\test.js:131:12)\n    at Object.onceWrapper (node:events:641:28)\n    at Server.emit (node:events:527:28)\n    at emitCloseNT (node:net:1728:8)\n    at processTicksAndRejections (node:internal/process/task_queues:82:21)","trace":[{"column":40,"file":"C:\\Users\\cparadise\\ToDoApp\\to-do\\tests\\integration\\/user.test.js","function":null,"line":63,"method":null,"native":false},{"column":6,"file":"C:\\Users\\cparadise\\ToDoApp\\to-do\\node_modules\\supertest\\lib\\test.js","function":"Test.assert","line":181,"method":"assert","native":false},{"column":12,"file":"C:\\Users\\cparadise\\ToDoApp\\to-do\\node_modules\\supertest\\lib\\test.js","function":"Server.localAssert","line":131,"method":"localAssert","native":false},{"column":28,"file":"node:events","function":"Object.onceWrapper","line":641,"method":"onceWrapper","native":false},{"column":28,"file":"node:events","function":"Server.emit","line":527,"method":"emit","native":false},{"column":8,"file":"node:net","function":"emitCloseNT","line":1728,"method":null,"native":false},{"column":21,"file":"node:internal/process/task_queues","function":"processTicksAndRejections","line":82,"method":null,"native":false}]}
info: ::ffff:127.0.0.1 - - [13/Sep/2022:12:57:48 +0000] "POST /api/v1/to-do HTTP/1.1" 201 240 "-" "node-superagent/3.8.3"

info: ::ffff:127.0.0.1 - - [13/Sep/2022:12:57:48 +0000] "GET /api/v1/to-do HTTP/1.1" 200 236 "-" "node-superagent/3.8.3"

info: ::ffff:127.0.0.1 - - [13/Sep/2022:12:58:31 +0000] "POST /api/v1/to-do HTTP/1.1" 201 240 "-" "node-superagent/3.8.3"

info: ::ffff:127.0.0.1 - - [13/Sep/2022:12:58:31 +0000] "GET /api/v1/to-do HTTP/1.1" 200 236 "-" "node-superagent/3.8.3"

info: ::ffff:127.0.0.1 - - [13/Sep/2022:13:01:37 +0000] "POST /api/v1/to-do HTTP/1.1" 201 240 "-" "node-superagent/3.8.3"

info: ::ffff:127.0.0.1 - - [13/Sep/2022:13:01:37 +0000] "GET /api/v1/to-do HTTP/1.1" 200 236 "-" "node-superagent/3.8.3"

info: ::ffff:127.0.0.1 - - [13/Sep/2022:13:04:19 +0000] "POST /api/v1/to-do HTTP/1.1" 201 240 "-" "node-superagent/3.8.3"

info: ::ffff:127.0.0.1 - - [13/Sep/2022:13:04:19 +0000] "GET /api/v1/to-do HTTP/1.1" 200 236 "-" "node-superagent/3.8.3"

info: ::ffff:127.0.0.1 - - [13/Sep/2022:13:05:53 +0000] "POST /api/v1/to-do HTTP/1.1" 201 240 "-" "node-superagent/3.8.3"

info: ::ffff:127.0.0.1 - - [13/Sep/2022:13:05:54 +0000] "GET /api/v1/to-do HTTP/1.1" 200 236 "-" "node-superagent/3.8.3"

info: ::ffff:127.0.0.1 - - [13/Sep/2022:13:05:54 +0000] "GET /api/v1/to-do/$%7Bid%7D HTTP/1.1" 500 127 "-" "node-superagent/3.8.3"

error: uncaughtException: expected 500 to equal 200
AssertionError: expected 500 to equal 200
    at Test.<anonymous> (C:\Users\cparadise\ToDoApp\to-do\tests\integration\/user.test.js:63:40)
    at Test.assert (C:\Users\cparadise\ToDoApp\to-do\node_modules\supertest\lib\test.js:181:6)
    at Server.localAssert (C:\Users\cparadise\ToDoApp\to-do\node_modules\supertest\lib\test.js:131:12)
    at Object.onceWrapper (node:events:641:28)
    at Server.emit (node:events:527:28)
    at emitCloseNT (node:net:1728:8)
    at processTicksAndRejections (node:internal/process/task_queues:82:21) {"date":"Tue Sep 13 2022 18:35:54 GMT+0530 (India Standard Time)","error":{"actual":500,"expected":200,"message":"expected 500 to equal 200","name":"AssertionError","operator":"strictEqual","showDiff":true,"stack":"AssertionError: expected 500 to equal 200\n    at Test.<anonymous> (C:\\Users\\cparadise\\ToDoApp\\to-do\\tests\\integration\\/user.test.js:63:40)\n    at Test.assert (C:\\Users\\cparadise\\ToDoApp\\to-do\\node_modules\\supertest\\lib\\test.js:181:6)\n    at Server.localAssert (C:\\Users\\cparadise\\ToDoApp\\to-do\\node_modules\\supertest\\lib\\test.js:131:12)\n    at Object.onceWrapper (node:events:641:28)\n    at Server.emit (node:events:527:28)\n    at emitCloseNT (node:net:1728:8)\n    at processTicksAndRejections (node:internal/process/task_queues:82:21)"},"exception":true,"os":{"loadavg":[0,0,0],"uptime":621985},"process":{"argv":["C:\\Program Files\\nodejs\\node.exe","C:\\Users\\cparadise\\ToDoApp\\to-do\\node_modules\\mocha\\bin\\mocha","--exit","--recursive","--require","@babel/register","--timeout=5000","tests/**/*.js"],"cwd":"C:\\Users\\cparadise\\ToDoApp\\to-do","execPath":"C:\\Program Files\\nodejs\\node.exe","gid":null,"memoryUsage":{"arrayBuffers":18636486,"external":21538870,"heapTotal":127045632,"heapUsed":80775392,"rss":164188160},"pid":13832,"uid":null,"version":"v16.15.1"},"stack":"AssertionError: expected 500 to equal 200\n    at Test.<anonymous> (C:\\Users\\cparadise\\ToDoApp\\to-do\\tests\\integration\\/user.test.js:63:40)\n    at Test.assert (C:\\Users\\cparadise\\ToDoApp\\to-do\\node_modules\\supertest\\lib\\test.js:181:6)\n    at Server.localAssert (C:\\Users\\cparadise\\ToDoApp\\to-do\\node_modules\\supertest\\lib\\test.js:131:12)\n    at Object.onceWrapper (node:events:641:28)\n    at Server.emit (node:events:527:28)\n    at emitCloseNT (node:net:1728:8)\n    at processTicksAndRejections (node:internal/process/task_queues:82:21)","trace":[{"column":40,"file":"C:\\Users\\cparadise\\ToDoApp\\to-do\\tests\\integration\\/user.test.js","function":null,"line":63,"method":null,"native":false},{"column":6,"file":"C:\\Users\\cparadise\\ToDoApp\\to-do\\node_modules\\supertest\\lib\\test.js","function":"Test.assert","line":181,"method":"assert","native":false},{"column":12,"file":"C:\\Users\\cparadise\\ToDoApp\\to-do\\node_modules\\supertest\\lib\\test.js","function":"Server.localAssert","line":131,"method":"localAssert","native":false},{"column":28,"file":"node:events","function":"Object.onceWrapper","line":641,"method":"onceWrapper","native":false},{"column":28,"file":"node:events","function":"Server.emit","line":527,"method":"emit","native":false},{"column":8,"file":"node:net","function":"emitCloseNT","line":1728,"method":null,"native":false},{"column":21,"file":"node:internal/process/task_queues","function":"processTicksAndRejections","line":82,"method":null,"native":false}]}
info: ::ffff:127.0.0.1 - - [13/Sep/2022:13:09:02 +0000] "POST /api/v1/to-do HTTP/1.1" 201 240 "-" "node-superagent/3.8.3"

info: ::ffff:127.0.0.1 - - [13/Sep/2022:13:09:02 +0000] "GET /api/v1/to-do HTTP/1.1" 200 236 "-" "node-superagent/3.8.3"

info: ::ffff:127.0.0.1 - - [13/Sep/2022:13:09:50 +0000] "POST /api/v1/to-do HTTP/1.1" 201 240 "-" "node-superagent/3.8.3"

info: ::ffff:127.0.0.1 - - [13/Sep/2022:13:09:51 +0000] "GET /api/v1/to-do HTTP/1.1" 200 236 "-" "node-superagent/3.8.3"

info: ::ffff:127.0.0.1 - - [13/Sep/2022:13:10:45 +0000] "POST /api/v1/to-do HTTP/1.1" 201 240 "-" "node-superagent/3.8.3"

info: ::ffff:127.0.0.1 - - [13/Sep/2022:13:10:45 +0000] "GET /api/v1/to-do HTTP/1.1" 200 236 "-" "node-superagent/3.8.3"

info: ::ffff:127.0.0.1 - - [13/Sep/2022:13:14:17 +0000] "POST /api/v1/to-do HTTP/1.1" 201 240 "-" "node-superagent/3.8.3"

info: ::ffff:127.0.0.1 - - [13/Sep/2022:13:14:17 +0000] "GET /api/v1/to-do HTTP/1.1" 200 236 "-" "node-superagent/3.8.3"

info: ::ffff:127.0.0.1 - - [13/Sep/2022:13:14:17 +0000] "GET /api/v1/to-do/undefined HTTP/1.1" 500 131 "-" "node-superagent/3.8.3"

error: uncaughtException: expected 500 to equal 200
AssertionError: expected 500 to equal 200
    at Test.<anonymous> (C:\Users\cparadise\ToDoApp\to-do\tests\integration\/user.test.js:69:40)
    at Test.assert (C:\Users\cparadise\ToDoApp\to-do\node_modules\supertest\lib\test.js:181:6)
    at Server.localAssert (C:\Users\cparadise\ToDoApp\to-do\node_modules\supertest\lib\test.js:131:12)
    at Object.onceWrapper (node:events:641:28)
    at Server.emit (node:events:527:28)
    at emitCloseNT (node:net:1728:8)
    at processTicksAndRejections (node:internal/process/task_queues:82:21) {"date":"Tue Sep 13 2022 18:44:17 GMT+0530 (India Standard Time)","error":{"actual":500,"expected":200,"message":"expected 500 to equal 200","name":"AssertionError","operator":"strictEqual","showDiff":true,"stack":"AssertionError: expected 500 to equal 200\n    at Test.<anonymous> (C:\\Users\\cparadise\\ToDoApp\\to-do\\tests\\integration\\/user.test.js:69:40)\n    at Test.assert (C:\\Users\\cparadise\\ToDoApp\\to-do\\node_modules\\supertest\\lib\\test.js:181:6)\n    at Server.localAssert (C:\\Users\\cparadise\\ToDoApp\\to-do\\node_modules\\supertest\\lib\\test.js:131:12)\n    at Object.onceWrapper (node:events:641:28)\n    at Server.emit (node:events:527:28)\n    at emitCloseNT (node:net:1728:8)\n    at processTicksAndRejections (node:internal/process/task_queues:82:21)"},"exception":true,"os":{"loadavg":[0,0,0],"uptime":622488},"process":{"argv":["C:\\Program Files\\nodejs\\node.exe","C:\\Users\\cparadise\\ToDoApp\\to-do\\node_modules\\mocha\\bin\\mocha","--exit","--recursive","--require","@babel/register","--timeout=5000","tests/**/*.js"],"cwd":"C:\\Users\\cparadise\\ToDoApp\\to-do","execPath":"C:\\Program Files\\nodejs\\node.exe","gid":null,"memoryUsage":{"arrayBuffers":19088914,"external":21540905,"heapTotal":122732544,"heapUsed":83941624,"rss":160055296},"pid":14564,"uid":null,"version":"v16.15.1"},"stack":"AssertionError: expected 500 to equal 200\n    at Test.<anonymous> (C:\\Users\\cparadise\\ToDoApp\\to-do\\tests\\integration\\/user.test.js:69:40)\n    at Test.assert (C:\\Users\\cparadise\\ToDoApp\\to-do\\node_modules\\supertest\\lib\\test.js:181:6)\n    at Server.localAssert (C:\\Users\\cparadise\\ToDoApp\\to-do\\node_modules\\supertest\\lib\\test.js:131:12)\n    at Object.onceWrapper (node:events:641:28)\n    at Server.emit (node:events:527:28)\n    at emitCloseNT (node:net:1728:8)\n    at processTicksAndRejections (node:internal/process/task_queues:82:21)","trace":[{"column":40,"file":"C:\\Users\\cparadise\\ToDoApp\\to-do\\tests\\integration\\/user.test.js","function":null,"line":69,"method":null,"native":false},{"column":6,"file":"C:\\Users\\cparadise\\ToDoApp\\to-do\\node_modules\\supertest\\lib\\test.js","function":"Test.assert","line":181,"method":"assert","native":false},{"column":12,"file":"C:\\Users\\cparadise\\ToDoApp\\to-do\\node_modules\\supertest\\lib\\test.js","function":"Server.localAssert","line":131,"method":"localAssert","native":false},{"column":28,"file":"node:events","function":"Object.onceWrapper","line":641,"method":"onceWrapper","native":false},{"column":28,"file":"node:events","function":"Server.emit","line":527,"method":"emit","native":false},{"column":8,"file":"node:net","function":"emitCloseNT","line":1728,"method":null,"native":false},{"column":21,"file":"node:internal/process/task_queues","function":"processTicksAndRejections","line":82,"method":null,"native":false}]}
info: ::1 - - [13/Sep/2022:13:22:10 +0000] "GET /api-docs/ HTTP/1.1" 304 - "-" "Mozilla/5.0 (Windows NT 10.0; Win64; x64) AppleWebKit/537.36 (KHTML, like Gecko) Chrome/104.0.0.0 Safari/537.36"

info: ::1 - - [13/Sep/2022:13:22:11 +0000] "GET /api-docs/swagger-ui-init.js HTTP/1.1" 200 5131 "-" "Mozilla/5.0 (Windows NT 10.0; Win64; x64) AppleWebKit/537.36 (KHTML, like Gecko) Chrome/104.0.0.0 Safari/537.36"

info: ::1 - - [13/Sep/2022:13:22:11 +0000] "GET /api-docs/swagger-ui-bundle.js HTTP/1.1" 304 - "-" "Mozilla/5.0 (Windows NT 10.0; Win64; x64) AppleWebKit/537.36 (KHTML, like Gecko) Chrome/104.0.0.0 Safari/537.36"

info: ::1 - - [13/Sep/2022:13:22:11 +0000] "GET /api-docs/swagger-ui-standalone-preset.js HTTP/1.1" 304 - "-" "Mozilla/5.0 (Windows NT 10.0; Win64; x64) AppleWebKit/537.36 (KHTML, like Gecko) Chrome/104.0.0.0 Safari/537.36"

info: ::1 - - [13/Sep/2022:13:22:11 +0000] "GET /api-docs/swagger-ui.css HTTP/1.1" 304 - "-" "Mozilla/5.0 (Windows NT 10.0; Win64; x64) AppleWebKit/537.36 (KHTML, like Gecko) Chrome/104.0.0.0 Safari/537.36"

info: ::1 - - [13/Sep/2022:13:22:12 +0000] "GET /api-docs/favicon-32x32.png HTTP/1.1" 304 - "-" "Mozilla/5.0 (Windows NT 10.0; Win64; x64) AppleWebKit/537.36 (KHTML, like Gecko) Chrome/104.0.0.0 Safari/537.36"

info: ::1 - - [13/Sep/2022:13:22:12 +0000] "GET /api-docs/favicon-32x32.png HTTP/1.1" 304 - "-" "Mozilla/5.0 (Windows NT 10.0; Win64; x64) AppleWebKit/537.36 (KHTML, like Gecko) Chrome/104.0.0.0 Safari/537.36"

info: ::1 - - [13/Sep/2022:13:24:11 +0000] "PUT /api/v1/to-do/%7Bid%7D HTTP/1.1" 500 137 "-" "Mozilla/5.0 (Windows NT 10.0; Win64; x64) AppleWebKit/537.36 (KHTML, like Gecko) Chrome/104.0.0.0 Safari/537.36"

info: ::1 - - [13/Sep/2022:13:25:26 +0000] "GET /api-docs/ HTTP/1.1" 304 - "-" "Mozilla/5.0 (Windows NT 10.0; Win64; x64) AppleWebKit/537.36 (KHTML, like Gecko) Chrome/104.0.0.0 Safari/537.36"

info: ::1 - - [13/Sep/2022:13:25:26 +0000] "GET /api-docs/swagger-ui.css HTTP/1.1" 304 - "-" "Mozilla/5.0 (Windows NT 10.0; Win64; x64) AppleWebKit/537.36 (KHTML, like Gecko) Chrome/104.0.0.0 Safari/537.36"

info: ::1 - - [13/Sep/2022:13:25:26 +0000] "GET /api-docs/swagger-ui-bundle.js HTTP/1.1" 304 - "-" "Mozilla/5.0 (Windows NT 10.0; Win64; x64) AppleWebKit/537.36 (KHTML, like Gecko) Chrome/104.0.0.0 Safari/537.36"

info: ::1 - - [13/Sep/2022:13:25:26 +0000] "GET /api-docs/swagger-ui-init.js HTTP/1.1" 200 5132 "-" "Mozilla/5.0 (Windows NT 10.0; Win64; x64) AppleWebKit/537.36 (KHTML, like Gecko) Chrome/104.0.0.0 Safari/537.36"

info: ::1 - - [13/Sep/2022:13:25:26 +0000] "GET /api-docs/swagger-ui-standalone-preset.js HTTP/1.1" 304 - "-" "Mozilla/5.0 (Windows NT 10.0; Win64; x64) AppleWebKit/537.36 (KHTML, like Gecko) Chrome/104.0.0.0 Safari/537.36"

info: ::1 - - [13/Sep/2022:13:25:26 +0000] "GET /api-docs/favicon-32x32.png HTTP/1.1" 304 - "-" "Mozilla/5.0 (Windows NT 10.0; Win64; x64) AppleWebKit/537.36 (KHTML, like Gecko) Chrome/104.0.0.0 Safari/537.36"

info: ::1 - - [13/Sep/2022:13:25:26 +0000] "GET /api-docs/favicon-32x32.png HTTP/1.1" 304 - "-" "Mozilla/5.0 (Windows NT 10.0; Win64; x64) AppleWebKit/537.36 (KHTML, like Gecko) Chrome/104.0.0.0 Safari/537.36"

info: ::1 - - [13/Sep/2022:13:25:44 +0000] "PUT /api/v1/to-do/631ebee36cc62826e433fd0b HTTP/1.1" 202 236 "-" "Mozilla/5.0 (Windows NT 10.0; Win64; x64) AppleWebKit/537.36 (KHTML, like Gecko) Chrome/104.0.0.0 Safari/537.36"

info: ::1 - - [13/Sep/2022:13:26:41 +0000] "PUT /api/v1/to-do/631ebee36cc62826e433fd0b HTTP/1.1" 202 257 "-" "Mozilla/5.0 (Windows NT 10.0; Win64; x64) AppleWebKit/537.36 (KHTML, like Gecko) Chrome/104.0.0.0 Safari/537.36"

info: ::1 - - [13/Sep/2022:13:27:15 +0000] "GET /api/v1/to-do/%7B_id%7D HTTP/1.1" 500 127 "-" "Mozilla/5.0 (Windows NT 10.0; Win64; x64) AppleWebKit/537.36 (KHTML, like Gecko) Chrome/104.0.0.0 Safari/537.36"

info: ::1 - - [13/Sep/2022:13:30:44 +0000] "GET /api-docs/ HTTP/1.1" 304 - "-" "Mozilla/5.0 (Windows NT 10.0; Win64; x64) AppleWebKit/537.36 (KHTML, like Gecko) Chrome/104.0.0.0 Safari/537.36"

info: ::1 - - [13/Sep/2022:13:30:44 +0000] "GET /api-docs/swagger-ui.css HTTP/1.1" 304 - "-" "Mozilla/5.0 (Windows NT 10.0; Win64; x64) AppleWebKit/537.36 (KHTML, like Gecko) Chrome/104.0.0.0 Safari/537.36"

info: ::1 - - [13/Sep/2022:13:30:44 +0000] "GET /api-docs/swagger-ui-bundle.js HTTP/1.1" 304 - "-" "Mozilla/5.0 (Windows NT 10.0; Win64; x64) AppleWebKit/537.36 (KHTML, like Gecko) Chrome/104.0.0.0 Safari/537.36"

info: ::1 - - [13/Sep/2022:13:30:44 +0000] "GET /api-docs/swagger-ui-init.js HTTP/1.1" 200 5042 "-" "Mozilla/5.0 (Windows NT 10.0; Win64; x64) AppleWebKit/537.36 (KHTML, like Gecko) Chrome/104.0.0.0 Safari/537.36"

info: ::1 - - [13/Sep/2022:13:30:44 +0000] "GET /api-docs/swagger-ui-standalone-preset.js HTTP/1.1" 304 - "-" "Mozilla/5.0 (Windows NT 10.0; Win64; x64) AppleWebKit/537.36 (KHTML, like Gecko) Chrome/104.0.0.0 Safari/537.36"

info: ::1 - - [13/Sep/2022:13:30:44 +0000] "GET /api-docs/favicon-32x32.png HTTP/1.1" 304 - "-" "Mozilla/5.0 (Windows NT 10.0; Win64; x64) AppleWebKit/537.36 (KHTML, like Gecko) Chrome/104.0.0.0 Safari/537.36"

info: ::1 - - [13/Sep/2022:13:30:44 +0000] "GET /api-docs/favicon-32x32.png HTTP/1.1" 304 - "-" "Mozilla/5.0 (Windows NT 10.0; Win64; x64) AppleWebKit/537.36 (KHTML, like Gecko) Chrome/104.0.0.0 Safari/537.36"

info: ::1 - - [13/Sep/2022:13:31:06 +0000] "GET /api/v1/to-do/631ebee36cc62826e433fd0b HTTP/1.1" 200 257 "-" "Mozilla/5.0 (Windows NT 10.0; Win64; x64) AppleWebKit/537.36 (KHTML, like Gecko) Chrome/104.0.0.0 Safari/537.36"

info: ::ffff:127.0.0.1 - - [13/Sep/2022:13:35:40 +0000] "POST /api/v1/to-do HTTP/1.1" 201 240 "-" "node-superagent/3.8.3"

info: ::ffff:127.0.0.1 - - [13/Sep/2022:13:35:40 +0000] "GET /api/v1/to-do HTTP/1.1" 200 236 "-" "node-superagent/3.8.3"

info: ::ffff:127.0.0.1 - - [13/Sep/2022:13:35:40 +0000] "GET /api/v1/note/undefined HTTP/1.1" 404 47 "-" "node-superagent/3.8.3"

error: uncaughtException: expected 404 to equal 200
AssertionError: expected 404 to equal 200
    at Test.<anonymous> (C:\Users\cparadise\ToDoApp\to-do\tests\integration\/user.test.js:70:40)
    at Test.assert (C:\Users\cparadise\ToDoApp\to-do\node_modules\supertest\lib\test.js:181:6)
    at Server.localAssert (C:\Users\cparadise\ToDoApp\to-do\node_modules\supertest\lib\test.js:131:12)
    at Object.onceWrapper (node:events:641:28)
    at Server.emit (node:events:527:28)
    at emitCloseNT (node:net:1728:8)
    at processTicksAndRejections (node:internal/process/task_queues:82:21) {"date":"Tue Sep 13 2022 19:05:40 GMT+0530 (India Standard Time)","error":{"actual":404,"expected":200,"message":"expected 404 to equal 200","name":"AssertionError","operator":"strictEqual","showDiff":true,"stack":"AssertionError: expected 404 to equal 200\n    at Test.<anonymous> (C:\\Users\\cparadise\\ToDoApp\\to-do\\tests\\integration\\/user.test.js:70:40)\n    at Test.assert (C:\\Users\\cparadise\\ToDoApp\\to-do\\node_modules\\supertest\\lib\\test.js:181:6)\n    at Server.localAssert (C:\\Users\\cparadise\\ToDoApp\\to-do\\node_modules\\supertest\\lib\\test.js:131:12)\n    at Object.onceWrapper (node:events:641:28)\n    at Server.emit (node:events:527:28)\n    at emitCloseNT (node:net:1728:8)\n    at processTicksAndRejections (node:internal/process/task_queues:82:21)"},"exception":true,"os":{"loadavg":[0,0,0],"uptime":623771},"process":{"argv":["C:\\Program Files\\nodejs\\node.exe","C:\\Users\\cparadise\\ToDoApp\\to-do\\node_modules\\mocha\\bin\\mocha","--exit","--recursive","--require","@babel/register","--timeout=5000","tests/**/*.js"],"cwd":"C:\\Users\\cparadise\\ToDoApp\\to-do","execPath":"C:\\Program Files\\nodejs\\node.exe","gid":null,"memoryUsage":{"arrayBuffers":18457481,"external":21360575,"heapTotal":129228800,"heapUsed":80396360,"rss":165806080},"pid":12884,"uid":null,"version":"v16.15.1"},"stack":"AssertionError: expected 404 to equal 200\n    at Test.<anonymous> (C:\\Users\\cparadise\\ToDoApp\\to-do\\tests\\integration\\/user.test.js:70:40)\n    at Test.assert (C:\\Users\\cparadise\\ToDoApp\\to-do\\node_modules\\supertest\\lib\\test.js:181:6)\n    at Server.localAssert (C:\\Users\\cparadise\\ToDoApp\\to-do\\node_modules\\supertest\\lib\\test.js:131:12)\n    at Object.onceWrapper (node:events:641:28)\n    at Server.emit (node:events:527:28)\n    at emitCloseNT (node:net:1728:8)\n    at processTicksAndRejections (node:internal/process/task_queues:82:21)","trace":[{"column":40,"file":"C:\\Users\\cparadise\\ToDoApp\\to-do\\tests\\integration\\/user.test.js","function":null,"line":70,"method":null,"native":false},{"column":6,"file":"C:\\Users\\cparadise\\ToDoApp\\to-do\\node_modules\\supertest\\lib\\test.js","function":"Test.assert","line":181,"method":"assert","native":false},{"column":12,"file":"C:\\Users\\cparadise\\ToDoApp\\to-do\\node_modules\\supertest\\lib\\test.js","function":"Server.localAssert","line":131,"method":"localAssert","native":false},{"column":28,"file":"node:events","function":"Object.onceWrapper","line":641,"method":"onceWrapper","native":false},{"column":28,"file":"node:events","function":"Server.emit","line":527,"method":"emit","native":false},{"column":8,"file":"node:net","function":"emitCloseNT","line":1728,"method":null,"native":false},{"column":21,"file":"node:internal/process/task_queues","function":"processTicksAndRejections","line":82,"method":null,"native":false}]}
info: ::ffff:127.0.0.1 - - [13/Sep/2022:13:39:45 +0000] "POST /api/v1/to-do HTTP/1.1" 201 240 "-" "node-superagent/3.8.3"

info: ::ffff:127.0.0.1 - - [13/Sep/2022:13:39:46 +0000] "GET /api/v1/to-do HTTP/1.1" 200 236 "-" "node-superagent/3.8.3"

info: ::ffff:127.0.0.1 - - [13/Sep/2022:13:39:46 +0000] "GET /api/v1/note/undefined HTTP/1.1" 404 47 "-" "node-superagent/3.8.3"

error: uncaughtException: expected 404 to equal 200
AssertionError: expected 404 to equal 200
    at Test.<anonymous> (C:\Users\cparadise\ToDoApp\to-do\tests\integration\/user.test.js:70:40)
    at Test.assert (C:\Users\cparadise\ToDoApp\to-do\node_modules\supertest\lib\test.js:181:6)
    at Server.localAssert (C:\Users\cparadise\ToDoApp\to-do\node_modules\supertest\lib\test.js:131:12)
    at Object.onceWrapper (node:events:641:28)
    at Server.emit (node:events:527:28)
    at emitCloseNT (node:net:1728:8)
    at processTicksAndRejections (node:internal/process/task_queues:82:21) {"date":"Tue Sep 13 2022 19:09:46 GMT+0530 (India Standard Time)","error":{"actual":404,"expected":200,"message":"expected 404 to equal 200","name":"AssertionError","operator":"strictEqual","showDiff":true,"stack":"AssertionError: expected 404 to equal 200\n    at Test.<anonymous> (C:\\Users\\cparadise\\ToDoApp\\to-do\\tests\\integration\\/user.test.js:70:40)\n    at Test.assert (C:\\Users\\cparadise\\ToDoApp\\to-do\\node_modules\\supertest\\lib\\test.js:181:6)\n    at Server.localAssert (C:\\Users\\cparadise\\ToDoApp\\to-do\\node_modules\\supertest\\lib\\test.js:131:12)\n    at Object.onceWrapper (node:events:641:28)\n    at Server.emit (node:events:527:28)\n    at emitCloseNT (node:net:1728:8)\n    at processTicksAndRejections (node:internal/process/task_queues:82:21)"},"exception":true,"os":{"loadavg":[0,0,0],"uptime":624017},"process":{"argv":["C:\\Program Files\\nodejs\\node.exe","C:\\Users\\cparadise\\ToDoApp\\to-do\\node_modules\\mocha\\bin\\mocha","--exit","--recursive","--require","@babel/register","--timeout=5000","tests/**/*.js"],"cwd":"C:\\Users\\cparadise\\ToDoApp\\to-do","execPath":"C:\\Program Files\\nodejs\\node.exe","gid":null,"memoryUsage":{"arrayBuffers":18465673,"external":21368815,"heapTotal":129490944,"heapUsed":80368008,"rss":163426304},"pid":5816,"uid":null,"version":"v16.15.1"},"stack":"AssertionError: expected 404 to equal 200\n    at Test.<anonymous> (C:\\Users\\cparadise\\ToDoApp\\to-do\\tests\\integration\\/user.test.js:70:40)\n    at Test.assert (C:\\Users\\cparadise\\ToDoApp\\to-do\\node_modules\\supertest\\lib\\test.js:181:6)\n    at Server.localAssert (C:\\Users\\cparadise\\ToDoApp\\to-do\\node_modules\\supertest\\lib\\test.js:131:12)\n    at Object.onceWrapper (node:events:641:28)\n    at Server.emit (node:events:527:28)\n    at emitCloseNT (node:net:1728:8)\n    at processTicksAndRejections (node:internal/process/task_queues:82:21)","trace":[{"column":40,"file":"C:\\Users\\cparadise\\ToDoApp\\to-do\\tests\\integration\\/user.test.js","function":null,"line":70,"method":null,"native":false},{"column":6,"file":"C:\\Users\\cparadise\\ToDoApp\\to-do\\node_modules\\supertest\\lib\\test.js","function":"Test.assert","line":181,"method":"assert","native":false},{"column":12,"file":"C:\\Users\\cparadise\\ToDoApp\\to-do\\node_modules\\supertest\\lib\\test.js","function":"Server.localAssert","line":131,"method":"localAssert","native":false},{"column":28,"file":"node:events","function":"Object.onceWrapper","line":641,"method":"onceWrapper","native":false},{"column":28,"file":"node:events","function":"Server.emit","line":527,"method":"emit","native":false},{"column":8,"file":"node:net","function":"emitCloseNT","line":1728,"method":null,"native":false},{"column":21,"file":"node:internal/process/task_queues","function":"processTicksAndRejections","line":82,"method":null,"native":false}]}
info: ::1 - - [14/Sep/2022:07:22:14 +0000] "DELETE /api/v1/to-do/631ebe656cc62826e433fd09 HTTP/1.1" 200 60 "-" "PostmanRuntime/7.29.2"

info: ::1 - - [14/Sep/2022:07:24:06 +0000] "DELETE /api/v1/to-do/631ebe656cc62826e433fd09 HTTP/1.1" 200 60 "-" "PostmanRuntime/7.29.2"

info: ::1 - - [14/Sep/2022:07:28:03 +0000] "GET /api-docs/ HTTP/1.1" 304 - "-" "Mozilla/5.0 (Windows NT 10.0; Win64; x64) AppleWebKit/537.36 (KHTML, like Gecko) Chrome/104.0.0.0 Safari/537.36"

info: ::1 - - [14/Sep/2022:07:28:04 +0000] "GET /api-docs/swagger-ui-standalone-preset.js HTTP/1.1" 304 - "-" "Mozilla/5.0 (Windows NT 10.0; Win64; x64) AppleWebKit/537.36 (KHTML, like Gecko) Chrome/104.0.0.0 Safari/537.36"

info: ::1 - - [14/Sep/2022:07:28:04 +0000] "GET /api-docs/swagger-ui-bundle.js HTTP/1.1" 304 - "-" "Mozilla/5.0 (Windows NT 10.0; Win64; x64) AppleWebKit/537.36 (KHTML, like Gecko) Chrome/104.0.0.0 Safari/537.36"

info: ::1 - - [14/Sep/2022:07:28:04 +0000] "GET /api-docs/swagger-ui.css HTTP/1.1" 304 - "-" "Mozilla/5.0 (Windows NT 10.0; Win64; x64) AppleWebKit/537.36 (KHTML, like Gecko) Chrome/104.0.0.0 Safari/537.36"

info: ::1 - - [14/Sep/2022:07:28:04 +0000] "GET /api-docs/swagger-ui-init.js HTTP/1.1" 200 5696 "-" "Mozilla/5.0 (Windows NT 10.0; Win64; x64) AppleWebKit/537.36 (KHTML, like Gecko) Chrome/104.0.0.0 Safari/537.36"

info: ::1 - - [14/Sep/2022:07:28:06 +0000] "GET /api-docs/favicon-32x32.png HTTP/1.1" 304 - "-" "Mozilla/5.0 (Windows NT 10.0; Win64; x64) AppleWebKit/537.36 (KHTML, like Gecko) Chrome/104.0.0.0 Safari/537.36"

info: ::1 - - [14/Sep/2022:07:28:07 +0000] "GET /api-docs/favicon-32x32.png HTTP/1.1" 304 - "-" "Mozilla/5.0 (Windows NT 10.0; Win64; x64) AppleWebKit/537.36 (KHTML, like Gecko) Chrome/104.0.0.0 Safari/537.36"

info: ::1 - - [14/Sep/2022:07:29:11 +0000] "DELETE /api/v1/to-do/%7B_id%7D HTTP/1.1" 500 127 "-" "Mozilla/5.0 (Windows NT 10.0; Win64; x64) AppleWebKit/537.36 (KHTML, like Gecko) Chrome/104.0.0.0 Safari/537.36"

info: ::1 - - [14/Sep/2022:07:31:40 +0000] "GET /api-docs/ HTTP/1.1" 304 - "-" "Mozilla/5.0 (Windows NT 10.0; Win64; x64) AppleWebKit/537.36 (KHTML, like Gecko) Chrome/104.0.0.0 Safari/537.36"

info: ::1 - - [14/Sep/2022:07:31:40 +0000] "GET /api-docs/swagger-ui.css HTTP/1.1" 304 - "-" "Mozilla/5.0 (Windows NT 10.0; Win64; x64) AppleWebKit/537.36 (KHTML, like Gecko) Chrome/104.0.0.0 Safari/537.36"

info: ::1 - - [14/Sep/2022:07:31:40 +0000] "GET /api-docs/swagger-ui-bundle.js HTTP/1.1" 304 - "-" "Mozilla/5.0 (Windows NT 10.0; Win64; x64) AppleWebKit/537.36 (KHTML, like Gecko) Chrome/104.0.0.0 Safari/537.36"

info: ::1 - - [14/Sep/2022:07:31:40 +0000] "GET /api-docs/swagger-ui-standalone-preset.js HTTP/1.1" 304 - "-" "Mozilla/5.0 (Windows NT 10.0; Win64; x64) AppleWebKit/537.36 (KHTML, like Gecko) Chrome/104.0.0.0 Safari/537.36"

info: ::1 - - [14/Sep/2022:07:31:40 +0000] "GET /api-docs/swagger-ui-init.js HTTP/1.1" 200 5697 "-" "Mozilla/5.0 (Windows NT 10.0; Win64; x64) AppleWebKit/537.36 (KHTML, like Gecko) Chrome/104.0.0.0 Safari/537.36"

info: ::1 - - [14/Sep/2022:07:31:40 +0000] "GET /api-docs/favicon-32x32.png HTTP/1.1" 304 - "-" "Mozilla/5.0 (Windows NT 10.0; Win64; x64) AppleWebKit/537.36 (KHTML, like Gecko) Chrome/104.0.0.0 Safari/537.36"

info: ::1 - - [14/Sep/2022:07:31:41 +0000] "GET /api-docs/favicon-32x32.png HTTP/1.1" 304 - "-" "Mozilla/5.0 (Windows NT 10.0; Win64; x64) AppleWebKit/537.36 (KHTML, like Gecko) Chrome/104.0.0.0 Safari/537.36"

info: ::1 - - [14/Sep/2022:07:32:14 +0000] "DELETE /api/v1/to-do/631ebee36cc62826e433fd0b HTTP/1.1" 200 60 "-" "Mozilla/5.0 (Windows NT 10.0; Win64; x64) AppleWebKit/537.36 (KHTML, like Gecko) Chrome/104.0.0.0 Safari/537.36"

info: ::1 - - [14/Sep/2022:07:35:01 +0000] "GET /api-docs/ HTTP/1.1" 304 - "-" "Mozilla/5.0 (Windows NT 10.0; Win64; x64) AppleWebKit/537.36 (KHTML, like Gecko) Chrome/104.0.0.0 Safari/537.36"

info: ::1 - - [14/Sep/2022:07:35:01 +0000] "GET /api-docs/swagger-ui.css HTTP/1.1" 304 - "-" "Mozilla/5.0 (Windows NT 10.0; Win64; x64) AppleWebKit/537.36 (KHTML, like Gecko) Chrome/104.0.0.0 Safari/537.36"

info: ::1 - - [14/Sep/2022:07:35:01 +0000] "GET /api-docs/swagger-ui-bundle.js HTTP/1.1" 304 - "-" "Mozilla/5.0 (Windows NT 10.0; Win64; x64) AppleWebKit/537.36 (KHTML, like Gecko) Chrome/104.0.0.0 Safari/537.36"

info: ::1 - - [14/Sep/2022:07:35:01 +0000] "GET /api-docs/swagger-ui-init.js HTTP/1.1" 200 5696 "-" "Mozilla/5.0 (Windows NT 10.0; Win64; x64) AppleWebKit/537.36 (KHTML, like Gecko) Chrome/104.0.0.0 Safari/537.36"

info: ::1 - - [14/Sep/2022:07:35:01 +0000] "GET /api-docs/swagger-ui-standalone-preset.js HTTP/1.1" 304 - "-" "Mozilla/5.0 (Windows NT 10.0; Win64; x64) AppleWebKit/537.36 (KHTML, like Gecko) Chrome/104.0.0.0 Safari/537.36"

info: ::1 - - [14/Sep/2022:07:35:01 +0000] "GET /api-docs/favicon-32x32.png HTTP/1.1" 304 - "-" "Mozilla/5.0 (Windows NT 10.0; Win64; x64) AppleWebKit/537.36 (KHTML, like Gecko) Chrome/104.0.0.0 Safari/537.36"

info: ::1 - - [14/Sep/2022:07:35:01 +0000] "GET /api-docs/favicon-32x32.png HTTP/1.1" 304 - "-" "Mozilla/5.0 (Windows NT 10.0; Win64; x64) AppleWebKit/537.36 (KHTML, like Gecko) Chrome/104.0.0.0 Safari/537.36"

info: ::1 - - [14/Sep/2022:07:36:14 +0000] "POST /api/v1/to-do HTTP/1.1" 201 267 "-" "Mozilla/5.0 (Windows NT 10.0; Win64; x64) AppleWebKit/537.36 (KHTML, like Gecko) Chrome/104.0.0.0 Safari/537.36"

info: ::1 - - [14/Sep/2022:07:37:20 +0000] "POST /api/v1/to-do HTTP/1.1" 201 272 "-" "Mozilla/5.0 (Windows NT 10.0; Win64; x64) AppleWebKit/537.36 (KHTML, like Gecko) Chrome/104.0.0.0 Safari/537.36"

info: ::1 - - [14/Sep/2022:07:38:33 +0000] "POST /api/v1/to-do HTTP/1.1" 201 284 "-" "Mozilla/5.0 (Windows NT 10.0; Win64; x64) AppleWebKit/537.36 (KHTML, like Gecko) Chrome/104.0.0.0 Safari/537.36"

info: ::1 - - [14/Sep/2022:07:40:36 +0000] "PUT /api/v1/to-do/632184f92b376d2ad4202a6f HTTP/1.1" 202 279 "-" "Mozilla/5.0 (Windows NT 10.0; Win64; x64) AppleWebKit/537.36 (KHTML, like Gecko) Chrome/104.0.0.0 Safari/537.36"

info: ::ffff:127.0.0.1 - - [14/Sep/2022:07:46:15 +0000] "GET /api/v1/note/undefined HTTP/1.1" 404 47 "-" "node-superagent/3.8.3"

error: uncaughtException: expected 404 to equal 200
AssertionError: expected 404 to equal 200
    at Test.<anonymous> (C:\Users\cparadise\ToDoApp\to-do\tests\integration\/user.test.js:70:40)
    at Test.assert (C:\Users\cparadise\ToDoApp\to-do\node_modules\supertest\lib\test.js:181:6)
    at Server.localAssert (C:\Users\cparadise\ToDoApp\to-do\node_modules\supertest\lib\test.js:131:12)
    at Object.onceWrapper (node:events:641:28)
    at Server.emit (node:events:527:28)
    at emitCloseNT (node:net:1728:8)
    at processTicksAndRejections (node:internal/process/task_queues:82:21) {"date":"Wed Sep 14 2022 13:16:15 GMT+0530 (India Standard Time)","error":{"actual":404,"expected":200,"message":"expected 404 to equal 200","name":"AssertionError","operator":"strictEqual","showDiff":true,"stack":"AssertionError: expected 404 to equal 200\n    at Test.<anonymous> (C:\\Users\\cparadise\\ToDoApp\\to-do\\tests\\integration\\/user.test.js:70:40)\n    at Test.assert (C:\\Users\\cparadise\\ToDoApp\\to-do\\node_modules\\supertest\\lib\\test.js:181:6)\n    at Server.localAssert (C:\\Users\\cparadise\\ToDoApp\\to-do\\node_modules\\supertest\\lib\\test.js:131:12)\n    at Object.onceWrapper (node:events:641:28)\n    at Server.emit (node:events:527:28)\n    at emitCloseNT (node:net:1728:8)\n    at processTicksAndRejections (node:internal/process/task_queues:82:21)"},"exception":true,"os":{"loadavg":[0,0,0],"uptime":689207},"process":{"argv":["C:\\Program Files\\nodejs\\node.exe","C:\\Users\\cparadise\\ToDoApp\\to-do\\node_modules\\mocha\\bin\\mocha","--exit","--recursive","--require","@babel/register","--timeout=5000","tests/**/*.js"],"cwd":"C:\\Users\\cparadise\\ToDoApp\\to-do","execPath":"C:\\Program Files\\nodejs\\node.exe","gid":null,"memoryUsage":{"arrayBuffers":18428567,"external":19423682,"heapTotal":132636672,"heapUsed":80697880,"rss":167555072},"pid":13628,"uid":null,"version":"v16.15.1"},"stack":"AssertionError: expected 404 to equal 200\n    at Test.<anonymous> (C:\\Users\\cparadise\\ToDoApp\\to-do\\tests\\integration\\/user.test.js:70:40)\n    at Test.assert (C:\\Users\\cparadise\\ToDoApp\\to-do\\node_modules\\supertest\\lib\\test.js:181:6)\n    at Server.localAssert (C:\\Users\\cparadise\\ToDoApp\\to-do\\node_modules\\supertest\\lib\\test.js:131:12)\n    at Object.onceWrapper (node:events:641:28)\n    at Server.emit (node:events:527:28)\n    at emitCloseNT (node:net:1728:8)\n    at processTicksAndRejections (node:internal/process/task_queues:82:21)","trace":[{"column":40,"file":"C:\\Users\\cparadise\\ToDoApp\\to-do\\tests\\integration\\/user.test.js","function":null,"line":70,"method":null,"native":false},{"column":6,"file":"C:\\Users\\cparadise\\ToDoApp\\to-do\\node_modules\\supertest\\lib\\test.js","function":"Test.assert","line":181,"method":"assert","native":false},{"column":12,"file":"C:\\Users\\cparadise\\ToDoApp\\to-do\\node_modules\\supertest\\lib\\test.js","function":"Server.localAssert","line":131,"method":"localAssert","native":false},{"column":28,"file":"node:events","function":"Object.onceWrapper","line":641,"method":"onceWrapper","native":false},{"column":28,"file":"node:events","function":"Server.emit","line":527,"method":"emit","native":false},{"column":8,"file":"node:net","function":"emitCloseNT","line":1728,"method":null,"native":false},{"column":21,"file":"node:internal/process/task_queues","function":"processTicksAndRejections","line":82,"method":null,"native":false}]}
info: ::ffff:127.0.0.1 - - [14/Sep/2022:07:46:45 +0000] "POST /api/v1/to-do HTTP/1.1" 201 240 "-" "node-superagent/3.8.3"

info: ::ffff:127.0.0.1 - - [14/Sep/2022:07:46:45 +0000] "GET /api/v1/to-do HTTP/1.1" 200 236 "-" "node-superagent/3.8.3"

info: ::ffff:127.0.0.1 - - [14/Sep/2022:07:46:45 +0000] "GET /api/v1/note/undefined HTTP/1.1" 404 47 "-" "node-superagent/3.8.3"

error: uncaughtException: expected 404 to equal 200
AssertionError: expected 404 to equal 200
    at Test.<anonymous> (C:\Users\cparadise\ToDoApp\to-do\tests\integration\/user.test.js:70:40)
    at Test.assert (C:\Users\cparadise\ToDoApp\to-do\node_modules\supertest\lib\test.js:181:6)
    at Server.localAssert (C:\Users\cparadise\ToDoApp\to-do\node_modules\supertest\lib\test.js:131:12)
    at Object.onceWrapper (node:events:641:28)
    at Server.emit (node:events:527:28)
    at emitCloseNT (node:net:1728:8)
    at processTicksAndRejections (node:internal/process/task_queues:82:21) {"date":"Wed Sep 14 2022 13:16:45 GMT+0530 (India Standard Time)","error":{"actual":404,"expected":200,"message":"expected 404 to equal 200","name":"AssertionError","operator":"strictEqual","showDiff":true,"stack":"AssertionError: expected 404 to equal 200\n    at Test.<anonymous> (C:\\Users\\cparadise\\ToDoApp\\to-do\\tests\\integration\\/user.test.js:70:40)\n    at Test.assert (C:\\Users\\cparadise\\ToDoApp\\to-do\\node_modules\\supertest\\lib\\test.js:181:6)\n    at Server.localAssert (C:\\Users\\cparadise\\ToDoApp\\to-do\\node_modules\\supertest\\lib\\test.js:131:12)\n    at Object.onceWrapper (node:events:641:28)\n    at Server.emit (node:events:527:28)\n    at emitCloseNT (node:net:1728:8)\n    at processTicksAndRejections (node:internal/process/task_queues:82:21)"},"exception":true,"os":{"loadavg":[0,0,0],"uptime":689237},"process":{"argv":["C:\\Program Files\\nodejs\\node.exe","C:\\Users\\cparadise\\ToDoApp\\to-do\\node_modules\\mocha\\bin\\mocha","--exit","--recursive","--require","@babel/register","--timeout=5000","tests/**/*.js"],"cwd":"C:\\Users\\cparadise\\ToDoApp\\to-do","execPath":"C:\\Program Files\\nodejs\\node.exe","gid":null,"memoryUsage":{"arrayBuffers":18465673,"external":20964379,"heapTotal":134750208,"heapUsed":103439584,"rss":168419328},"pid":7584,"uid":null,"version":"v16.15.1"},"stack":"AssertionError: expected 404 to equal 200\n    at Test.<anonymous> (C:\\Users\\cparadise\\ToDoApp\\to-do\\tests\\integration\\/user.test.js:70:40)\n    at Test.assert (C:\\Users\\cparadise\\ToDoApp\\to-do\\node_modules\\supertest\\lib\\test.js:181:6)\n    at Server.localAssert (C:\\Users\\cparadise\\ToDoApp\\to-do\\node_modules\\supertest\\lib\\test.js:131:12)\n    at Object.onceWrapper (node:events:641:28)\n    at Server.emit (node:events:527:28)\n    at emitCloseNT (node:net:1728:8)\n    at processTicksAndRejections (node:internal/process/task_queues:82:21)","trace":[{"column":40,"file":"C:\\Users\\cparadise\\ToDoApp\\to-do\\tests\\integration\\/user.test.js","function":null,"line":70,"method":null,"native":false},{"column":6,"file":"C:\\Users\\cparadise\\ToDoApp\\to-do\\node_modules\\supertest\\lib\\test.js","function":"Test.assert","line":181,"method":"assert","native":false},{"column":12,"file":"C:\\Users\\cparadise\\ToDoApp\\to-do\\node_modules\\supertest\\lib\\test.js","function":"Server.localAssert","line":131,"method":"localAssert","native":false},{"column":28,"file":"node:events","function":"Object.onceWrapper","line":641,"method":"onceWrapper","native":false},{"column":28,"file":"node:events","function":"Server.emit","line":527,"method":"emit","native":false},{"column":8,"file":"node:net","function":"emitCloseNT","line":1728,"method":null,"native":false},{"column":21,"file":"node:internal/process/task_queues","function":"processTicksAndRejections","line":82,"method":null,"native":false}]}
info: ::ffff:127.0.0.1 - - [14/Sep/2022:07:52:26 +0000] "POST /api/v1/to-do HTTP/1.1" 201 240 "-" "node-superagent/3.8.3"

info: ::ffff:127.0.0.1 - - [14/Sep/2022:07:52:27 +0000] "GET /api/v1/to-do HTTP/1.1" 200 236 "-" "node-superagent/3.8.3"

info: ::ffff:127.0.0.1 - - [14/Sep/2022:07:52:27 +0000] "GET /api/v1/note/undefined HTTP/1.1" 404 47 "-" "node-superagent/3.8.3"

error: uncaughtException: expected 404 to equal 200
AssertionError: expected 404 to equal 200
    at Test.<anonymous> (C:\Users\cparadise\ToDoApp\to-do\tests\integration\/user.test.js:70:40)
    at Test.assert (C:\Users\cparadise\ToDoApp\to-do\node_modules\supertest\lib\test.js:181:6)
    at Server.localAssert (C:\Users\cparadise\ToDoApp\to-do\node_modules\supertest\lib\test.js:131:12)
    at Object.onceWrapper (node:events:641:28)
    at Server.emit (node:events:527:28)
    at emitCloseNT (node:net:1728:8)
    at processTicksAndRejections (node:internal/process/task_queues:82:21) {"date":"Wed Sep 14 2022 13:22:28 GMT+0530 (India Standard Time)","error":{"actual":404,"expected":200,"message":"expected 404 to equal 200","name":"AssertionError","operator":"strictEqual","showDiff":true,"stack":"AssertionError: expected 404 to equal 200\n    at Test.<anonymous> (C:\\Users\\cparadise\\ToDoApp\\to-do\\tests\\integration\\/user.test.js:70:40)\n    at Test.assert (C:\\Users\\cparadise\\ToDoApp\\to-do\\node_modules\\supertest\\lib\\test.js:181:6)\n    at Server.localAssert (C:\\Users\\cparadise\\ToDoApp\\to-do\\node_modules\\supertest\\lib\\test.js:131:12)\n    at Object.onceWrapper (node:events:641:28)\n    at Server.emit (node:events:527:28)\n    at emitCloseNT (node:net:1728:8)\n    at processTicksAndRejections (node:internal/process/task_queues:82:21)"},"exception":true,"os":{"loadavg":[0,0,0],"uptime":689580},"process":{"argv":["C:\\Program Files\\nodejs\\node.exe","C:\\Users\\cparadise\\ToDoApp\\to-do\\node_modules\\mocha\\bin\\mocha","--exit","--recursive","--require","@babel/register","--timeout=5000","tests/**/*.js"],"cwd":"C:\\Users\\cparadise\\ToDoApp\\to-do","execPath":"C:\\Program Files\\nodejs\\node.exe","gid":null,"memoryUsage":{"arrayBuffers":18498512,"external":21410406,"heapTotal":128442368,"heapUsed":80561344,"rss":163708928},"pid":11060,"uid":null,"version":"v16.15.1"},"stack":"AssertionError: expected 404 to equal 200\n    at Test.<anonymous> (C:\\Users\\cparadise\\ToDoApp\\to-do\\tests\\integration\\/user.test.js:70:40)\n    at Test.assert (C:\\Users\\cparadise\\ToDoApp\\to-do\\node_modules\\supertest\\lib\\test.js:181:6)\n    at Server.localAssert (C:\\Users\\cparadise\\ToDoApp\\to-do\\node_modules\\supertest\\lib\\test.js:131:12)\n    at Object.onceWrapper (node:events:641:28)\n    at Server.emit (node:events:527:28)\n    at emitCloseNT (node:net:1728:8)\n    at processTicksAndRejections (node:internal/process/task_queues:82:21)","trace":[{"column":40,"file":"C:\\Users\\cparadise\\ToDoApp\\to-do\\tests\\integration\\/user.test.js","function":null,"line":70,"method":null,"native":false},{"column":6,"file":"C:\\Users\\cparadise\\ToDoApp\\to-do\\node_modules\\supertest\\lib\\test.js","function":"Test.assert","line":181,"method":"assert","native":false},{"column":12,"file":"C:\\Users\\cparadise\\ToDoApp\\to-do\\node_modules\\supertest\\lib\\test.js","function":"Server.localAssert","line":131,"method":"localAssert","native":false},{"column":28,"file":"node:events","function":"Object.onceWrapper","line":641,"method":"onceWrapper","native":false},{"column":28,"file":"node:events","function":"Server.emit","line":527,"method":"emit","native":false},{"column":8,"file":"node:net","function":"emitCloseNT","line":1728,"method":null,"native":false},{"column":21,"file":"node:internal/process/task_queues","function":"processTicksAndRejections","line":82,"method":null,"native":false}]}
info: ::ffff:127.0.0.1 - - [15/Sep/2022:06:09:38 +0000] "POST /api/v1/to-do HTTP/1.1" 201 240 "-" "node-superagent/3.8.3"

info: ::ffff:127.0.0.1 - - [15/Sep/2022:06:09:38 +0000] "GET /api/v1/to-do HTTP/1.1" 200 236 "-" "node-superagent/3.8.3"

info: ::ffff:127.0.0.1 - - [15/Sep/2022:06:09:38 +0000] "GET /api/v1/to-do/undefined HTTP/1.1" 500 131 "-" "node-superagent/3.8.3"

error: uncaughtException: expected 500 to equal 200
AssertionError: expected 500 to equal 200
    at Test.<anonymous> (C:\Users\cparadise\ToDoApp\to-do\tests\integration\/user.test.js:71:40)
    at Test.assert (C:\Users\cparadise\ToDoApp\to-do\node_modules\supertest\lib\test.js:181:6)
    at Server.localAssert (C:\Users\cparadise\ToDoApp\to-do\node_modules\supertest\lib\test.js:131:12)
    at Object.onceWrapper (node:events:641:28)
    at Server.emit (node:events:527:28)
    at emitCloseNT (node:net:1728:8)
    at processTicksAndRejections (node:internal/process/task_queues:82:21) {"date":"Thu Sep 15 2022 11:39:38 GMT+0530 (India Standard Time)","error":{"actual":500,"expected":200,"message":"expected 500 to equal 200","name":"AssertionError","operator":"strictEqual","showDiff":true,"stack":"AssertionError: expected 500 to equal 200\n    at Test.<anonymous> (C:\\Users\\cparadise\\ToDoApp\\to-do\\tests\\integration\\/user.test.js:71:40)\n    at Test.assert (C:\\Users\\cparadise\\ToDoApp\\to-do\\node_modules\\supertest\\lib\\test.js:181:6)\n    at Server.localAssert (C:\\Users\\cparadise\\ToDoApp\\to-do\\node_modules\\supertest\\lib\\test.js:131:12)\n    at Object.onceWrapper (node:events:641:28)\n    at Server.emit (node:events:527:28)\n    at emitCloseNT (node:net:1728:8)\n    at processTicksAndRejections (node:internal/process/task_queues:82:21)"},"exception":true,"os":{"loadavg":[0,0,0],"uptime":65528},"process":{"argv":["C:\\Program Files\\nodejs\\node.exe","C:\\Users\\cparadise\\ToDoApp\\to-do\\node_modules\\mocha\\bin\\mocha","--exit","--recursive","--require","@babel/register","--timeout=5000","tests/**/*.js"],"cwd":"C:\\Users\\cparadise\\ToDoApp\\to-do","execPath":"C:\\Program Files\\nodejs\\node.exe","gid":null,"memoryUsage":{"arrayBuffers":18678219,"external":21501530,"heapTotal":121278464,"heapUsed":87279328,"rss":156672000},"pid":7980,"uid":null,"version":"v16.15.1"},"stack":"AssertionError: expected 500 to equal 200\n    at Test.<anonymous> (C:\\Users\\cparadise\\ToDoApp\\to-do\\tests\\integration\\/user.test.js:71:40)\n    at Test.assert (C:\\Users\\cparadise\\ToDoApp\\to-do\\node_modules\\supertest\\lib\\test.js:181:6)\n    at Server.localAssert (C:\\Users\\cparadise\\ToDoApp\\to-do\\node_modules\\supertest\\lib\\test.js:131:12)\n    at Object.onceWrapper (node:events:641:28)\n    at Server.emit (node:events:527:28)\n    at emitCloseNT (node:net:1728:8)\n    at processTicksAndRejections (node:internal/process/task_queues:82:21)","trace":[{"column":40,"file":"C:\\Users\\cparadise\\ToDoApp\\to-do\\tests\\integration\\/user.test.js","function":null,"line":71,"method":null,"native":false},{"column":6,"file":"C:\\Users\\cparadise\\ToDoApp\\to-do\\node_modules\\supertest\\lib\\test.js","function":"Test.assert","line":181,"method":"assert","native":false},{"column":12,"file":"C:\\Users\\cparadise\\ToDoApp\\to-do\\node_modules\\supertest\\lib\\test.js","function":"Server.localAssert","line":131,"method":"localAssert","native":false},{"column":28,"file":"node:events","function":"Object.onceWrapper","line":641,"method":"onceWrapper","native":false},{"column":28,"file":"node:events","function":"Server.emit","line":527,"method":"emit","native":false},{"column":8,"file":"node:net","function":"emitCloseNT","line":1728,"method":null,"native":false},{"column":21,"file":"node:internal/process/task_queues","function":"processTicksAndRejections","line":82,"method":null,"native":false}]}
info: ::ffff:127.0.0.1 - - [15/Sep/2022:06:12:48 +0000] "POST /api/v1/to-do HTTP/1.1" 201 240 "-" "node-superagent/3.8.3"

info: ::ffff:127.0.0.1 - - [15/Sep/2022:06:12:49 +0000] "GET /api/v1/to-do HTTP/1.1" 200 236 "-" "node-superagent/3.8.3"

info: ::ffff:127.0.0.1 - - [15/Sep/2022:06:12:49 +0000] "GET /api/v1/to-do/undefined HTTP/1.1" 500 131 "-" "node-superagent/3.8.3"

error: uncaughtException: expected 500 to equal 200
AssertionError: expected 500 to equal 200
    at Test.<anonymous> (C:\Users\cparadise\ToDoApp\to-do\tests\integration\/user.test.js:72:40)
    at Test.assert (C:\Users\cparadise\ToDoApp\to-do\node_modules\supertest\lib\test.js:181:6)
    at Server.localAssert (C:\Users\cparadise\ToDoApp\to-do\node_modules\supertest\lib\test.js:131:12)
    at Object.onceWrapper (node:events:641:28)
    at Server.emit (node:events:527:28)
    at emitCloseNT (node:net:1728:8)
    at processTicksAndRejections (node:internal/process/task_queues:82:21) {"date":"Thu Sep 15 2022 11:42:49 GMT+0530 (India Standard Time)","error":{"actual":500,"expected":200,"message":"expected 500 to equal 200","name":"AssertionError","operator":"strictEqual","showDiff":true,"stack":"AssertionError: expected 500 to equal 200\n    at Test.<anonymous> (C:\\Users\\cparadise\\ToDoApp\\to-do\\tests\\integration\\/user.test.js:72:40)\n    at Test.assert (C:\\Users\\cparadise\\ToDoApp\\to-do\\node_modules\\supertest\\lib\\test.js:181:6)\n    at Server.localAssert (C:\\Users\\cparadise\\ToDoApp\\to-do\\node_modules\\supertest\\lib\\test.js:131:12)\n    at Object.onceWrapper (node:events:641:28)\n    at Server.emit (node:events:527:28)\n    at emitCloseNT (node:net:1728:8)\n    at processTicksAndRejections (node:internal/process/task_queues:82:21)"},"exception":true,"os":{"loadavg":[0,0,0],"uptime":65718},"process":{"argv":["C:\\Program Files\\nodejs\\node.exe","C:\\Users\\cparadise\\ToDoApp\\to-do\\node_modules\\mocha\\bin\\mocha","--exit","--recursive","--require","@babel/register","--timeout=5000","tests/**/*.js"],"cwd":"C:\\Users\\cparadise\\ToDoApp\\to-do","execPath":"C:\\Program Files\\nodejs\\node.exe","gid":null,"memoryUsage":{"arrayBuffers":18636490,"external":21548574,"heapTotal":128618496,"heapUsed":80826432,"rss":164028416},"pid":9176,"uid":null,"version":"v16.15.1"},"stack":"AssertionError: expected 500 to equal 200\n    at Test.<anonymous> (C:\\Users\\cparadise\\ToDoApp\\to-do\\tests\\integration\\/user.test.js:72:40)\n    at Test.assert (C:\\Users\\cparadise\\ToDoApp\\to-do\\node_modules\\supertest\\lib\\test.js:181:6)\n    at Server.localAssert (C:\\Users\\cparadise\\ToDoApp\\to-do\\node_modules\\supertest\\lib\\test.js:131:12)\n    at Object.onceWrapper (node:events:641:28)\n    at Server.emit (node:events:527:28)\n    at emitCloseNT (node:net:1728:8)\n    at processTicksAndRejections (node:internal/process/task_queues:82:21)","trace":[{"column":40,"file":"C:\\Users\\cparadise\\ToDoApp\\to-do\\tests\\integration\\/user.test.js","function":null,"line":72,"method":null,"native":false},{"column":6,"file":"C:\\Users\\cparadise\\ToDoApp\\to-do\\node_modules\\supertest\\lib\\test.js","function":"Test.assert","line":181,"method":"assert","native":false},{"column":12,"file":"C:\\Users\\cparadise\\ToDoApp\\to-do\\node_modules\\supertest\\lib\\test.js","function":"Server.localAssert","line":131,"method":"localAssert","native":false},{"column":28,"file":"node:events","function":"Object.onceWrapper","line":641,"method":"onceWrapper","native":false},{"column":28,"file":"node:events","function":"Server.emit","line":527,"method":"emit","native":false},{"column":8,"file":"node:net","function":"emitCloseNT","line":1728,"method":null,"native":false},{"column":21,"file":"node:internal/process/task_queues","function":"processTicksAndRejections","line":82,"method":null,"native":false}]}
info: ::ffff:127.0.0.1 - - [15/Sep/2022:06:15:39 +0000] "POST /api/v1/to-do HTTP/1.1" 201 240 "-" "node-superagent/3.8.3"

info: ::ffff:127.0.0.1 - - [15/Sep/2022:06:15:39 +0000] "GET /api/v1/to-do HTTP/1.1" 200 236 "-" "node-superagent/3.8.3"

info: ::ffff:127.0.0.1 - - [15/Sep/2022:06:15:39 +0000] "GET /api/v1/to-do/undefined HTTP/1.1" 500 131 "-" "node-superagent/3.8.3"

error: uncaughtException: expected 500 to equal 200
AssertionError: expected 500 to equal 200
    at Test.<anonymous> (C:\Users\cparadise\ToDoApp\to-do\tests\integration\/user.test.js:72:40)
    at Test.assert (C:\Users\cparadise\ToDoApp\to-do\node_modules\supertest\lib\test.js:181:6)
    at Server.localAssert (C:\Users\cparadise\ToDoApp\to-do\node_modules\supertest\lib\test.js:131:12)
    at Object.onceWrapper (node:events:641:28)
    at Server.emit (node:events:527:28)
    at emitCloseNT (node:net:1728:8)
    at processTicksAndRejections (node:internal/process/task_queues:82:21) {"date":"Thu Sep 15 2022 11:45:39 GMT+0530 (India Standard Time)","error":{"actual":500,"expected":200,"message":"expected 500 to equal 200","name":"AssertionError","operator":"strictEqual","showDiff":true,"stack":"AssertionError: expected 500 to equal 200\n    at Test.<anonymous> (C:\\Users\\cparadise\\ToDoApp\\to-do\\tests\\integration\\/user.test.js:72:40)\n    at Test.assert (C:\\Users\\cparadise\\ToDoApp\\to-do\\node_modules\\supertest\\lib\\test.js:181:6)\n    at Server.localAssert (C:\\Users\\cparadise\\ToDoApp\\to-do\\node_modules\\supertest\\lib\\test.js:131:12)\n    at Object.onceWrapper (node:events:641:28)\n    at Server.emit (node:events:527:28)\n    at emitCloseNT (node:net:1728:8)\n    at processTicksAndRejections (node:internal/process/task_queues:82:21)"},"exception":true,"os":{"loadavg":[0,0,0],"uptime":65889},"process":{"argv":["C:\\Program Files\\nodejs\\node.exe","C:\\Users\\cparadise\\ToDoApp\\to-do\\node_modules\\mocha\\bin\\mocha","--exit","--recursive","--require","@babel/register","--timeout=5000","tests/**/*.js"],"cwd":"C:\\Users\\cparadise\\ToDoApp\\to-do","execPath":"C:\\Program Files\\nodejs\\node.exe","gid":null,"memoryUsage":{"arrayBuffers":18636490,"external":21141879,"heapTotal":127307776,"heapUsed":79264952,"rss":162758656},"pid":7032,"uid":null,"version":"v16.15.1"},"stack":"AssertionError: expected 500 to equal 200\n    at Test.<anonymous> (C:\\Users\\cparadise\\ToDoApp\\to-do\\tests\\integration\\/user.test.js:72:40)\n    at Test.assert (C:\\Users\\cparadise\\ToDoApp\\to-do\\node_modules\\supertest\\lib\\test.js:181:6)\n    at Server.localAssert (C:\\Users\\cparadise\\ToDoApp\\to-do\\node_modules\\supertest\\lib\\test.js:131:12)\n    at Object.onceWrapper (node:events:641:28)\n    at Server.emit (node:events:527:28)\n    at emitCloseNT (node:net:1728:8)\n    at processTicksAndRejections (node:internal/process/task_queues:82:21)","trace":[{"column":40,"file":"C:\\Users\\cparadise\\ToDoApp\\to-do\\tests\\integration\\/user.test.js","function":null,"line":72,"method":null,"native":false},{"column":6,"file":"C:\\Users\\cparadise\\ToDoApp\\to-do\\node_modules\\supertest\\lib\\test.js","function":"Test.assert","line":181,"method":"assert","native":false},{"column":12,"file":"C:\\Users\\cparadise\\ToDoApp\\to-do\\node_modules\\supertest\\lib\\test.js","function":"Server.localAssert","line":131,"method":"localAssert","native":false},{"column":28,"file":"node:events","function":"Object.onceWrapper","line":641,"method":"onceWrapper","native":false},{"column":28,"file":"node:events","function":"Server.emit","line":527,"method":"emit","native":false},{"column":8,"file":"node:net","function":"emitCloseNT","line":1728,"method":null,"native":false},{"column":21,"file":"node:internal/process/task_queues","function":"processTicksAndRejections","line":82,"method":null,"native":false}]}
info: ::ffff:127.0.0.1 - - [15/Sep/2022:06:17:53 +0000] "POST /api/v1/to-do HTTP/1.1" 201 240 "-" "node-superagent/3.8.3"

info: ::ffff:127.0.0.1 - - [15/Sep/2022:06:17:53 +0000] "GET /api/v1/to-do HTTP/1.1" 200 236 "-" "node-superagent/3.8.3"

info: ::ffff:127.0.0.1 - - [15/Sep/2022:06:17:53 +0000] "GET /api/v1/to-do/6322c38c07f8dd354cedda4f HTTP/1.1" 200 234 "-" "node-superagent/3.8.3"

info: ::ffff:127.0.0.1 - - [15/Sep/2022:06:17:54 +0000] "PUT /api/v1/to-do/6322c38c07f8dd354cedda4f HTTP/1.1" 202 232 "-" "node-superagent/3.8.3"

error: uncaughtException: expected 202 to equal 200
AssertionError: expected 202 to equal 200
    at Test.<anonymous> (C:\Users\cparadise\ToDoApp\to-do\tests\integration\/user.test.js:89:40)
    at Test.assert (C:\Users\cparadise\ToDoApp\to-do\node_modules\supertest\lib\test.js:181:6)
    at Server.localAssert (C:\Users\cparadise\ToDoApp\to-do\node_modules\supertest\lib\test.js:131:12)
    at Object.onceWrapper (node:events:641:28)
    at Server.emit (node:events:527:28)
    at emitCloseNT (node:net:1728:8)
    at processTicksAndRejections (node:internal/process/task_queues:82:21) {"date":"Thu Sep 15 2022 11:47:54 GMT+0530 (India Standard Time)","error":{"actual":202,"expected":200,"message":"expected 202 to equal 200","name":"AssertionError","operator":"strictEqual","showDiff":true,"stack":"AssertionError: expected 202 to equal 200\n    at Test.<anonymous> (C:\\Users\\cparadise\\ToDoApp\\to-do\\tests\\integration\\/user.test.js:89:40)\n    at Test.assert (C:\\Users\\cparadise\\ToDoApp\\to-do\\node_modules\\supertest\\lib\\test.js:181:6)\n    at Server.localAssert (C:\\Users\\cparadise\\ToDoApp\\to-do\\node_modules\\supertest\\lib\\test.js:131:12)\n    at Object.onceWrapper (node:events:641:28)\n    at Server.emit (node:events:527:28)\n    at emitCloseNT (node:net:1728:8)\n    at processTicksAndRejections (node:internal/process/task_queues:82:21)"},"exception":true,"os":{"loadavg":[0,0,0],"uptime":66023},"process":{"argv":["C:\\Program Files\\nodejs\\node.exe","C:\\Users\\cparadise\\ToDoApp\\to-do\\node_modules\\mocha\\bin\\mocha","--exit","--recursive","--require","@babel/register","--timeout=5000","tests/**/*.js"],"cwd":"C:\\Users\\cparadise\\ToDoApp\\to-do","execPath":"C:\\Program Files\\nodejs\\node.exe","gid":null,"memoryUsage":{"arrayBuffers":18468852,"external":21381193,"heapTotal":128180224,"heapUsed":80899944,"rss":163639296},"pid":13644,"uid":null,"version":"v16.15.1"},"stack":"AssertionError: expected 202 to equal 200\n    at Test.<anonymous> (C:\\Users\\cparadise\\ToDoApp\\to-do\\tests\\integration\\/user.test.js:89:40)\n    at Test.assert (C:\\Users\\cparadise\\ToDoApp\\to-do\\node_modules\\supertest\\lib\\test.js:181:6)\n    at Server.localAssert (C:\\Users\\cparadise\\ToDoApp\\to-do\\node_modules\\supertest\\lib\\test.js:131:12)\n    at Object.onceWrapper (node:events:641:28)\n    at Server.emit (node:events:527:28)\n    at emitCloseNT (node:net:1728:8)\n    at processTicksAndRejections (node:internal/process/task_queues:82:21)","trace":[{"column":40,"file":"C:\\Users\\cparadise\\ToDoApp\\to-do\\tests\\integration\\/user.test.js","function":null,"line":89,"method":null,"native":false},{"column":6,"file":"C:\\Users\\cparadise\\ToDoApp\\to-do\\node_modules\\supertest\\lib\\test.js","function":"Test.assert","line":181,"method":"assert","native":false},{"column":12,"file":"C:\\Users\\cparadise\\ToDoApp\\to-do\\node_modules\\supertest\\lib\\test.js","function":"Server.localAssert","line":131,"method":"localAssert","native":false},{"column":28,"file":"node:events","function":"Object.onceWrapper","line":641,"method":"onceWrapper","native":false},{"column":28,"file":"node:events","function":"Server.emit","line":527,"method":"emit","native":false},{"column":8,"file":"node:net","function":"emitCloseNT","line":1728,"method":null,"native":false},{"column":21,"file":"node:internal/process/task_queues","function":"processTicksAndRejections","line":82,"method":null,"native":false}]}
info: ::ffff:127.0.0.1 - - [15/Sep/2022:06:18:51 +0000] "POST /api/v1/to-do HTTP/1.1" 201 240 "-" "node-superagent/3.8.3"

info: ::ffff:127.0.0.1 - - [15/Sep/2022:06:18:51 +0000] "GET /api/v1/to-do HTTP/1.1" 200 236 "-" "node-superagent/3.8.3"

info: ::ffff:127.0.0.1 - - [15/Sep/2022:06:18:51 +0000] "GET /api/v1/to-do/6322c3c787f54b35981c9e5b HTTP/1.1" 200 234 "-" "node-superagent/3.8.3"

info: ::ffff:127.0.0.1 - - [15/Sep/2022:06:18:51 +0000] "PUT /api/v1/to-do/6322c3c787f54b35981c9e5b HTTP/1.1" 202 232 "-" "node-superagent/3.8.3"

error: uncaughtException: expected 202 to equal 200
AssertionError: expected 202 to equal 200
    at Test.<anonymous> (C:\Users\cparadise\ToDoApp\to-do\tests\integration\/user.test.js:89:40)
    at Test.assert (C:\Users\cparadise\ToDoApp\to-do\node_modules\supertest\lib\test.js:181:6)
    at Server.localAssert (C:\Users\cparadise\ToDoApp\to-do\node_modules\supertest\lib\test.js:131:12)
    at Object.onceWrapper (node:events:641:28)
    at Server.emit (node:events:527:28)
    at emitCloseNT (node:net:1728:8)
    at processTicksAndRejections (node:internal/process/task_queues:82:21) {"date":"Thu Sep 15 2022 11:48:52 GMT+0530 (India Standard Time)","error":{"actual":202,"expected":200,"message":"expected 202 to equal 200","name":"AssertionError","operator":"strictEqual","showDiff":true,"stack":"AssertionError: expected 202 to equal 200\n    at Test.<anonymous> (C:\\Users\\cparadise\\ToDoApp\\to-do\\tests\\integration\\/user.test.js:89:40)\n    at Test.assert (C:\\Users\\cparadise\\ToDoApp\\to-do\\node_modules\\supertest\\lib\\test.js:181:6)\n    at Server.localAssert (C:\\Users\\cparadise\\ToDoApp\\to-do\\node_modules\\supertest\\lib\\test.js:131:12)\n    at Object.onceWrapper (node:events:641:28)\n    at Server.emit (node:events:527:28)\n    at emitCloseNT (node:net:1728:8)\n    at processTicksAndRejections (node:internal/process/task_queues:82:21)"},"exception":true,"os":{"loadavg":[0,0,0],"uptime":66081},"process":{"argv":["C:\\Program Files\\nodejs\\node.exe","C:\\Users\\cparadise\\ToDoApp\\to-do\\node_modules\\mocha\\bin\\mocha","--exit","--recursive","--require","@babel/register","--timeout=5000","tests/**/*.js"],"cwd":"C:\\Users\\cparadise\\ToDoApp\\to-do","execPath":"C:\\Program Files\\nodejs\\node.exe","gid":null,"memoryUsage":{"arrayBuffers":18468852,"external":19455795,"heapTotal":130277376,"heapUsed":80912760,"rss":164708352},"pid":13720,"uid":null,"version":"v16.15.1"},"stack":"AssertionError: expected 202 to equal 200\n    at Test.<anonymous> (C:\\Users\\cparadise\\ToDoApp\\to-do\\tests\\integration\\/user.test.js:89:40)\n    at Test.assert (C:\\Users\\cparadise\\ToDoApp\\to-do\\node_modules\\supertest\\lib\\test.js:181:6)\n    at Server.localAssert (C:\\Users\\cparadise\\ToDoApp\\to-do\\node_modules\\supertest\\lib\\test.js:131:12)\n    at Object.onceWrapper (node:events:641:28)\n    at Server.emit (node:events:527:28)\n    at emitCloseNT (node:net:1728:8)\n    at processTicksAndRejections (node:internal/process/task_queues:82:21)","trace":[{"column":40,"file":"C:\\Users\\cparadise\\ToDoApp\\to-do\\tests\\integration\\/user.test.js","function":null,"line":89,"method":null,"native":false},{"column":6,"file":"C:\\Users\\cparadise\\ToDoApp\\to-do\\node_modules\\supertest\\lib\\test.js","function":"Test.assert","line":181,"method":"assert","native":false},{"column":12,"file":"C:\\Users\\cparadise\\ToDoApp\\to-do\\node_modules\\supertest\\lib\\test.js","function":"Server.localAssert","line":131,"method":"localAssert","native":false},{"column":28,"file":"node:events","function":"Object.onceWrapper","line":641,"method":"onceWrapper","native":false},{"column":28,"file":"node:events","function":"Server.emit","line":527,"method":"emit","native":false},{"column":8,"file":"node:net","function":"emitCloseNT","line":1728,"method":null,"native":false},{"column":21,"file":"node:internal/process/task_queues","function":"processTicksAndRejections","line":82,"method":null,"native":false}]}
info: ::ffff:127.0.0.1 - - [15/Sep/2022:06:22:37 +0000] "POST /api/v1/to-do HTTP/1.1" 201 240 "-" "node-superagent/3.8.3"

info: ::ffff:127.0.0.1 - - [15/Sep/2022:06:22:37 +0000] "GET /api/v1/to-do HTTP/1.1" 200 236 "-" "node-superagent/3.8.3"

info: ::ffff:127.0.0.1 - - [15/Sep/2022:06:22:37 +0000] "GET /api/v1/to-do/6322c4a6d1e26f0f10801398 HTTP/1.1" 200 234 "-" "node-superagent/3.8.3"

info: ::ffff:127.0.0.1 - - [15/Sep/2022:06:22:38 +0000] "PUT /api/v1/to-do/6322c4a6d1e26f0f10801398 HTTP/1.1" 202 232 "-" "node-superagent/3.8.3"

error: uncaughtException: expected 202 to equal 200
AssertionError: expected 202 to equal 200
    at Test.<anonymous> (C:\Users\cparadise\ToDoApp\to-do\tests\integration\/user.test.js:89:40)
    at Test.assert (C:\Users\cparadise\ToDoApp\to-do\node_modules\supertest\lib\test.js:181:6)
    at Server.localAssert (C:\Users\cparadise\ToDoApp\to-do\node_modules\supertest\lib\test.js:131:12)
    at Object.onceWrapper (node:events:641:28)
    at Server.emit (node:events:527:28)
    at emitCloseNT (node:net:1728:8)
    at processTicksAndRejections (node:internal/process/task_queues:82:21) {"date":"Thu Sep 15 2022 11:52:38 GMT+0530 (India Standard Time)","error":{"actual":202,"expected":200,"message":"expected 202 to equal 200","name":"AssertionError","operator":"strictEqual","showDiff":true,"stack":"AssertionError: expected 202 to equal 200\n    at Test.<anonymous> (C:\\Users\\cparadise\\ToDoApp\\to-do\\tests\\integration\\/user.test.js:89:40)\n    at Test.assert (C:\\Users\\cparadise\\ToDoApp\\to-do\\node_modules\\supertest\\lib\\test.js:181:6)\n    at Server.localAssert (C:\\Users\\cparadise\\ToDoApp\\to-do\\node_modules\\supertest\\lib\\test.js:131:12)\n    at Object.onceWrapper (node:events:641:28)\n    at Server.emit (node:events:527:28)\n    at emitCloseNT (node:net:1728:8)\n    at processTicksAndRejections (node:internal/process/task_queues:82:21)"},"exception":true,"os":{"loadavg":[0,0,0],"uptime":66307},"process":{"argv":["C:\\Program Files\\nodejs\\node.exe","C:\\Users\\cparadise\\ToDoApp\\to-do\\node_modules\\mocha\\bin\\mocha","--exit","--recursive","--require","@babel/register","--timeout=5000","tests/**/*.js"],"cwd":"C:\\Users\\cparadise\\ToDoApp\\to-do","execPath":"C:\\Program Files\\nodejs\\node.exe","gid":null,"memoryUsage":{"arrayBuffers":18511596,"external":21417000,"heapTotal":139796480,"heapUsed":109220248,"rss":175222784},"pid":3856,"uid":null,"version":"v16.15.1"},"stack":"AssertionError: expected 202 to equal 200\n    at Test.<anonymous> (C:\\Users\\cparadise\\ToDoApp\\to-do\\tests\\integration\\/user.test.js:89:40)\n    at Test.assert (C:\\Users\\cparadise\\ToDoApp\\to-do\\node_modules\\supertest\\lib\\test.js:181:6)\n    at Server.localAssert (C:\\Users\\cparadise\\ToDoApp\\to-do\\node_modules\\supertest\\lib\\test.js:131:12)\n    at Object.onceWrapper (node:events:641:28)\n    at Server.emit (node:events:527:28)\n    at emitCloseNT (node:net:1728:8)\n    at processTicksAndRejections (node:internal/process/task_queues:82:21)","trace":[{"column":40,"file":"C:\\Users\\cparadise\\ToDoApp\\to-do\\tests\\integration\\/user.test.js","function":null,"line":89,"method":null,"native":false},{"column":6,"file":"C:\\Users\\cparadise\\ToDoApp\\to-do\\node_modules\\supertest\\lib\\test.js","function":"Test.assert","line":181,"method":"assert","native":false},{"column":12,"file":"C:\\Users\\cparadise\\ToDoApp\\to-do\\node_modules\\supertest\\lib\\test.js","function":"Server.localAssert","line":131,"method":"localAssert","native":false},{"column":28,"file":"node:events","function":"Object.onceWrapper","line":641,"method":"onceWrapper","native":false},{"column":28,"file":"node:events","function":"Server.emit","line":527,"method":"emit","native":false},{"column":8,"file":"node:net","function":"emitCloseNT","line":1728,"method":null,"native":false},{"column":21,"file":"node:internal/process/task_queues","function":"processTicksAndRejections","line":82,"method":null,"native":false}]}
info: ::ffff:127.0.0.1 - - [15/Sep/2022:06:23:46 +0000] "POST /api/v1/to-do HTTP/1.1" 201 240 "-" "node-superagent/3.8.3"

info: ::ffff:127.0.0.1 - - [15/Sep/2022:06:23:46 +0000] "GET /api/v1/to-do HTTP/1.1" 200 236 "-" "node-superagent/3.8.3"

info: ::ffff:127.0.0.1 - - [15/Sep/2022:06:23:47 +0000] "GET /api/v1/to-do/6322c4ec20144217d0d13dde HTTP/1.1" 200 234 "-" "node-superagent/3.8.3"

info: ::ffff:127.0.0.1 - - [15/Sep/2022:06:23:47 +0000] "PUT /api/v1/to-do/6322c4ec20144217d0d13dde HTTP/1.1" 202 232 "-" "node-superagent/3.8.3"

info: ::ffff:127.0.0.1 - - [15/Sep/2022:06:23:47 +0000] "DELETE /api/v1/to-do/6322c4ec20144217d0d13dde HTTP/1.1" 200 60 "-" "node-superagent/3.8.3"

info: ::ffff:127.0.0.1 - - [15/Sep/2022:06:24:07 +0000] "POST /api/v1/to-do HTTP/1.1" 201 240 "-" "node-superagent/3.8.3"

info: ::ffff:127.0.0.1 - - [15/Sep/2022:06:24:07 +0000] "GET /api/v1/to-do HTTP/1.1" 200 236 "-" "node-superagent/3.8.3"

info: ::ffff:127.0.0.1 - - [15/Sep/2022:06:24:07 +0000] "GET /api/v1/to-do/6322c503a19b542de84e1fa2 HTTP/1.1" 200 234 "-" "node-superagent/3.8.3"

info: ::ffff:127.0.0.1 - - [15/Sep/2022:06:24:08 +0000] "PUT /api/v1/to-do/6322c503a19b542de84e1fa2 HTTP/1.1" 202 232 "-" "node-superagent/3.8.3"

info: ::ffff:127.0.0.1 - - [15/Sep/2022:06:24:08 +0000] "DELETE /api/v1/to-do/6322c503a19b542de84e1fa2 HTTP/1.1" 200 60 "-" "node-superagent/3.8.3"

info: ::ffff:127.0.0.1 - - [15/Sep/2022:06:24:27 +0000] "POST /api/v1/to-do HTTP/1.1" 201 240 "-" "node-superagent/3.8.3"

info: ::ffff:127.0.0.1 - - [15/Sep/2022:06:24:28 +0000] "GET /api/v1/to-do HTTP/1.1" 200 236 "-" "node-superagent/3.8.3"

info: ::ffff:127.0.0.1 - - [15/Sep/2022:06:24:28 +0000] "GET /api/v1/to-do/6322c517527528238c18b0e0 HTTP/1.1" 200 234 "-" "node-superagent/3.8.3"

info: ::ffff:127.0.0.1 - - [15/Sep/2022:06:24:28 +0000] "PUT /api/v1/to-do/6322c517527528238c18b0e0 HTTP/1.1" 202 232 "-" "node-superagent/3.8.3"

info: ::ffff:127.0.0.1 - - [15/Sep/2022:06:24:29 +0000] "DELETE /api/v1/to-do/6322c517527528238c18b0e0 HTTP/1.1" 200 60 "-" "node-superagent/3.8.3"

info: ::ffff:127.0.0.1 - - [15/Sep/2022:06:28:07 +0000] "POST /api/v1/to-do HTTP/1.1" 201 240 "-" "node-superagent/3.8.3"

info: ::ffff:127.0.0.1 - - [15/Sep/2022:06:28:07 +0000] "GET /api/v1/to-do HTTP/1.1" 200 236 "-" "node-superagent/3.8.3"

info: ::ffff:127.0.0.1 - - [15/Sep/2022:06:28:07 +0000] "GET /api/v1/to-do/6322c5ef19f156026061b7b6 HTTP/1.1" 200 234 "-" "node-superagent/3.8.3"

info: ::ffff:127.0.0.1 - - [15/Sep/2022:06:28:08 +0000] "PUT /api/v1/to-do/6322c5ef19f156026061b7b6 HTTP/1.1" 202 232 "-" "node-superagent/3.8.3"

info: ::ffff:127.0.0.1 - - [15/Sep/2022:06:28:09 +0000] "DELETE /api/v1/to-do/6322c5ef19f156026061b7b6 HTTP/1.1" 200 60 "-" "node-superagent/3.8.3"

info: ::ffff:127.0.0.1 - - [15/Sep/2022:06:28:31 +0000] "GET /api/v1/to-do/undefined HTTP/1.1" 500 131 "-" "node-superagent/3.8.3"

error: uncaughtException: expected 500 to equal 200
AssertionError: expected 500 to equal 200
    at Test.<anonymous> (C:\Users\cparadise\ToDoApp\to-do\tests\integration\/user.test.js:72:40)
    at Test.assert (C:\Users\cparadise\ToDoApp\to-do\node_modules\supertest\lib\test.js:181:6)
    at Server.localAssert (C:\Users\cparadise\ToDoApp\to-do\node_modules\supertest\lib\test.js:131:12)
    at Object.onceWrapper (node:events:641:28)
    at Server.emit (node:events:527:28)
    at emitCloseNT (node:net:1728:8)
    at processTicksAndRejections (node:internal/process/task_queues:82:21) {"date":"Thu Sep 15 2022 11:58:31 GMT+0530 (India Standard Time)","error":{"actual":500,"expected":200,"message":"expected 500 to equal 200","name":"AssertionError","operator":"strictEqual","showDiff":true,"stack":"AssertionError: expected 500 to equal 200\n    at Test.<anonymous> (C:\\Users\\cparadise\\ToDoApp\\to-do\\tests\\integration\\/user.test.js:72:40)\n    at Test.assert (C:\\Users\\cparadise\\ToDoApp\\to-do\\node_modules\\supertest\\lib\\test.js:181:6)\n    at Server.localAssert (C:\\Users\\cparadise\\ToDoApp\\to-do\\node_modules\\supertest\\lib\\test.js:131:12)\n    at Object.onceWrapper (node:events:641:28)\n    at Server.emit (node:events:527:28)\n    at emitCloseNT (node:net:1728:8)\n    at processTicksAndRejections (node:internal/process/task_queues:82:21)"},"exception":true,"os":{"loadavg":[0,0,0],"uptime":66661},"process":{"argv":["C:\\Program Files\\nodejs\\node.exe","C:\\Users\\cparadise\\ToDoApp\\to-do\\node_modules\\mocha\\bin\\mocha","--exit","--recursive","--require","@babel/register","--timeout=5000","tests/**/*.js"],"cwd":"C:\\Users\\cparadise\\ToDoApp\\to-do","execPath":"C:\\Program Files\\nodejs\\node.exe","gid":null,"memoryUsage":{"arrayBuffers":18565232,"external":21158953,"heapTotal":134926336,"heapUsed":102652384,"rss":169177088},"pid":11492,"uid":null,"version":"v16.15.1"},"stack":"AssertionError: expected 500 to equal 200\n    at Test.<anonymous> (C:\\Users\\cparadise\\ToDoApp\\to-do\\tests\\integration\\/user.test.js:72:40)\n    at Test.assert (C:\\Users\\cparadise\\ToDoApp\\to-do\\node_modules\\supertest\\lib\\test.js:181:6)\n    at Server.localAssert (C:\\Users\\cparadise\\ToDoApp\\to-do\\node_modules\\supertest\\lib\\test.js:131:12)\n    at Object.onceWrapper (node:events:641:28)\n    at Server.emit (node:events:527:28)\n    at emitCloseNT (node:net:1728:8)\n    at processTicksAndRejections (node:internal/process/task_queues:82:21)","trace":[{"column":40,"file":"C:\\Users\\cparadise\\ToDoApp\\to-do\\tests\\integration\\/user.test.js","function":null,"line":72,"method":null,"native":false},{"column":6,"file":"C:\\Users\\cparadise\\ToDoApp\\to-do\\node_modules\\supertest\\lib\\test.js","function":"Test.assert","line":181,"method":"assert","native":false},{"column":12,"file":"C:\\Users\\cparadise\\ToDoApp\\to-do\\node_modules\\supertest\\lib\\test.js","function":"Server.localAssert","line":131,"method":"localAssert","native":false},{"column":28,"file":"node:events","function":"Object.onceWrapper","line":641,"method":"onceWrapper","native":false},{"column":28,"file":"node:events","function":"Server.emit","line":527,"method":"emit","native":false},{"column":8,"file":"node:net","function":"emitCloseNT","line":1728,"method":null,"native":false},{"column":21,"file":"node:internal/process/task_queues","function":"processTicksAndRejections","line":82,"method":null,"native":false}]}
info: ::ffff:127.0.0.1 - - [15/Sep/2022:06:28:58 +0000] "GET /api/v1/to-do/undefined HTTP/1.1" 500 131 "-" "node-superagent/3.8.3"

error: uncaughtException: expected 500 to equal 200
AssertionError: expected 500 to equal 200
    at Test.<anonymous> (C:\Users\cparadise\ToDoApp\to-do\tests\integration\/user.test.js:72:40)
    at Test.assert (C:\Users\cparadise\ToDoApp\to-do\node_modules\supertest\lib\test.js:181:6)
    at Server.localAssert (C:\Users\cparadise\ToDoApp\to-do\node_modules\supertest\lib\test.js:131:12)
    at Object.onceWrapper (node:events:641:28)
    at Server.emit (node:events:527:28)
    at emitCloseNT (node:net:1728:8)
    at processTicksAndRejections (node:internal/process/task_queues:82:21) {"date":"Thu Sep 15 2022 11:58:58 GMT+0530 (India Standard Time)","error":{"actual":500,"expected":200,"message":"expected 500 to equal 200","name":"AssertionError","operator":"strictEqual","showDiff":true,"stack":"AssertionError: expected 500 to equal 200\n    at Test.<anonymous> (C:\\Users\\cparadise\\ToDoApp\\to-do\\tests\\integration\\/user.test.js:72:40)\n    at Test.assert (C:\\Users\\cparadise\\ToDoApp\\to-do\\node_modules\\supertest\\lib\\test.js:181:6)\n    at Server.localAssert (C:\\Users\\cparadise\\ToDoApp\\to-do\\node_modules\\supertest\\lib\\test.js:131:12)\n    at Object.onceWrapper (node:events:641:28)\n    at Server.emit (node:events:527:28)\n    at emitCloseNT (node:net:1728:8)\n    at processTicksAndRejections (node:internal/process/task_queues:82:21)"},"exception":true,"os":{"loadavg":[0,0,0],"uptime":66687},"process":{"argv":["C:\\Program Files\\nodejs\\node.exe","C:\\Users\\cparadise\\ToDoApp\\to-do\\node_modules\\mocha\\bin\\mocha","--exit","--recursive","--require","@babel/register","--timeout=5000","tests/**/*.js"],"cwd":"C:\\Users\\cparadise\\ToDoApp\\to-do","execPath":"C:\\Program Files\\nodejs\\node.exe","gid":null,"memoryUsage":{"arrayBuffers":18512782,"external":21132766,"heapTotal":135188480,"heapUsed":102187952,"rss":168792064},"pid":5700,"uid":null,"version":"v16.15.1"},"stack":"AssertionError: expected 500 to equal 200\n    at Test.<anonymous> (C:\\Users\\cparadise\\ToDoApp\\to-do\\tests\\integration\\/user.test.js:72:40)\n    at Test.assert (C:\\Users\\cparadise\\ToDoApp\\to-do\\node_modules\\supertest\\lib\\test.js:181:6)\n    at Server.localAssert (C:\\Users\\cparadise\\ToDoApp\\to-do\\node_modules\\supertest\\lib\\test.js:131:12)\n    at Object.onceWrapper (node:events:641:28)\n    at Server.emit (node:events:527:28)\n    at emitCloseNT (node:net:1728:8)\n    at processTicksAndRejections (node:internal/process/task_queues:82:21)","trace":[{"column":40,"file":"C:\\Users\\cparadise\\ToDoApp\\to-do\\tests\\integration\\/user.test.js","function":null,"line":72,"method":null,"native":false},{"column":6,"file":"C:\\Users\\cparadise\\ToDoApp\\to-do\\node_modules\\supertest\\lib\\test.js","function":"Test.assert","line":181,"method":"assert","native":false},{"column":12,"file":"C:\\Users\\cparadise\\ToDoApp\\to-do\\node_modules\\supertest\\lib\\test.js","function":"Server.localAssert","line":131,"method":"localAssert","native":false},{"column":28,"file":"node:events","function":"Object.onceWrapper","line":641,"method":"onceWrapper","native":false},{"column":28,"file":"node:events","function":"Server.emit","line":527,"method":"emit","native":false},{"column":8,"file":"node:net","function":"emitCloseNT","line":1728,"method":null,"native":false},{"column":21,"file":"node:internal/process/task_queues","function":"processTicksAndRejections","line":82,"method":null,"native":false}]}
